2025-08-13 08:15:45,638 - INFO - 2025-08-13 08:15:45 --- Start processing config file: MESA_CVD_WIDTH.ini ---
2025-08-13 08:15:45,642 - INFO - 2025-08-13 08:15:45 CSV output for this config will be: C:\Users\hsi67063\Box\00-home-pigo.hsiao\TEMP\XML\MESA_CVD_Width_2025_08_13T08.15.45.csv
2025-08-13 08:15:45,644 - INFO - 2025-08-13 08:15:45 Searching in path 'Z:\\u25a0QC\u30c7\u30fc\u30bf\u30b7\u30fc\u30c8\\u30c9\u30e9\u30a4\u30a8\u30c3\u30c1' with pattern '*\u30c9\u30e9\u30a4\u51e6\u7406\u5f8cSiO2\u5bf8\u6cd5*.xlsx'
2025-08-13 08:15:45,857 - INFO - 2025-08-13 08:15:45 Found latest source file: QC-K-002-R13\u3000\u30c9\u30e9\u30a4\u51e6\u7406\u5f8cSiO2\u5bf8\u6cd5.xlsx
2025-08-13 08:16:02,340 - INFO - 2025-08-13 08:16:02 File copied successfully -> ..\DataFile\002_MESA_CVD\QC-K-002-R13\u3000\u30c9\u30e9\u30a4\u51e6\u7406\u5f8cSiO2\u5bf8\u6cd5.xlsx
2025-08-13 08:16:02,341 - INFO - 2025-08-13 08:16:02 --- Start processing file: QC-K-002-R13\u3000\u30c9\u30e9\u30a4\u51e6\u7406\u5f8cSiO2\u5bf8\u6cd5.xlsx ---
2025-08-13 08:16:49,150 - INFO - 2025-08-13 08:16:49 Step 1: Successfully read main sheet '\u30c7\u30fc\u30bf', 145 rows loaded.
2025-08-13 08:17:23,984 - INFO - 2025-08-13 08:17:23 --- Start processing config file: MESA_CVD_WIDTH.ini ---
2025-08-13 08:17:23,989 - INFO - 2025-08-13 08:17:23 CSV output for this config will be: C:\Users\hsi67063\Box\00-home-pigo.hsiao\TEMP\XML\MESA_CVD_Width_2025_08_13T08.17.23.csv
2025-08-13 08:17:23,991 - INFO - 2025-08-13 08:17:23 Searching in path 'Z:\\u25a0QC\u30c7\u30fc\u30bf\u30b7\u30fc\u30c8\\u30c9\u30e9\u30a4\u30a8\u30c3\u30c1' with pattern '*\u30c9\u30e9\u30a4\u51e6\u7406\u5f8cSiO2\u5bf8\u6cd5*.xlsx'
2025-08-13 08:17:24,248 - INFO - 2025-08-13 08:17:24 Found latest source file: QC-K-002-R13\u3000\u30c9\u30e9\u30a4\u51e6\u7406\u5f8cSiO2\u5bf8\u6cd5.xlsx
2025-08-13 08:17:35,419 - INFO - 2025-08-13 08:17:35 File copied successfully -> ..\DataFile\002_MESA_CVD\QC-K-002-R13\u3000\u30c9\u30e9\u30a4\u51e6\u7406\u5f8cSiO2\u5bf8\u6cd5.xlsx
2025-08-13 08:17:35,420 - INFO - 2025-08-13 08:17:35 --- Start processing file: QC-K-002-R13\u3000\u30c9\u30e9\u30a4\u51e6\u7406\u5f8cSiO2\u5bf8\u6cd5.xlsx ---
2025-08-13 08:18:24,127 - INFO - 2025-08-13 08:18:24 Step 1: Successfully read main sheet '\u30c7\u30fc\u30bf', 145 rows loaded.
2025-08-13 08:19:12,511 - INFO - 2025-08-13 08:19:12 --- Start processing config file: MESA_CVD_WIDTH.ini ---
2025-08-13 08:19:12,515 - INFO - 2025-08-13 08:19:12 CSV output for this config will be: C:\Users\hsi67063\Box\00-home-pigo.hsiao\TEMP\XML\MESA_CVD_Width_2025_08_13T08.19.12.csv
2025-08-13 08:19:12,517 - INFO - 2025-08-13 08:19:12 Searching in path 'Z:\\u25a0QC\u30c7\u30fc\u30bf\u30b7\u30fc\u30c8\\u30c9\u30e9\u30a4\u30a8\u30c3\u30c1' with pattern '*\u30c9\u30e9\u30a4\u51e6\u7406\u5f8cSiO2\u5bf8\u6cd5*.xlsx'
2025-08-13 08:19:12,726 - INFO - 2025-08-13 08:19:12 Found latest source file: QC-K-002-R13\u3000\u30c9\u30e9\u30a4\u51e6\u7406\u5f8cSiO2\u5bf8\u6cd5.xlsx
2025-08-13 08:19:23,030 - INFO - 2025-08-13 08:19:23 File copied successfully -> ..\DataFile\002_MESA_CVD\QC-K-002-R13\u3000\u30c9\u30e9\u30a4\u51e6\u7406\u5f8cSiO2\u5bf8\u6cd5.xlsx
2025-08-13 08:19:23,031 - INFO - 2025-08-13 08:19:23 --- Start processing file: QC-K-002-R13\u3000\u30c9\u30e9\u30a4\u51e6\u7406\u5f8cSiO2\u5bf8\u6cd5.xlsx ---
2025-08-13 08:20:12,158 - INFO - 2025-08-13 08:20:12 Step 1: Successfully read main sheet '\u30c7\u30fc\u30bf', 1145 rows loaded.
2025-08-13 08:21:45,732 - INFO - 2025-08-13 08:21:45 --- Start processing config file: MESA_CVD_WIDTH.ini ---
2025-08-13 08:21:45,736 - INFO - 2025-08-13 08:21:45 CSV output for this config will be: C:\Users\hsi67063\Box\00-home-pigo.hsiao\TEMP\XML\MESA_CVD_Width_2025_08_13T08.21.45.csv
2025-08-13 08:21:45,737 - INFO - 2025-08-13 08:21:45 Searching in path 'Z:\\u25a0QC\u30c7\u30fc\u30bf\u30b7\u30fc\u30c8\\u30c9\u30e9\u30a4\u30a8\u30c3\u30c1' with pattern '*\u30c9\u30e9\u30a4\u51e6\u7406\u5f8cSiO2\u5bf8\u6cd5*.xlsx'
2025-08-13 08:21:45,998 - INFO - 2025-08-13 08:21:45 Found latest source file: QC-K-002-R13\u3000\u30c9\u30e9\u30a4\u51e6\u7406\u5f8cSiO2\u5bf8\u6cd5.xlsx
2025-08-13 08:21:56,798 - INFO - 2025-08-13 08:21:56 File copied successfully -> ..\DataFile\002_MESA_CVD\QC-K-002-R13\u3000\u30c9\u30e9\u30a4\u51e6\u7406\u5f8cSiO2\u5bf8\u6cd5.xlsx
2025-08-13 08:21:56,799 - INFO - 2025-08-13 08:21:56 --- Start processing file: QC-K-002-R13\u3000\u30c9\u30e9\u30a4\u51e6\u7406\u5f8cSiO2\u5bf8\u6cd5.xlsx ---
2025-08-13 08:22:46,813 - INFO - 2025-08-13 08:22:46 Step 1: Successfully read main sheet '\u30c7\u30fc\u30bf', 18560 rows loaded.
2025-08-13 08:23:36,935 - INFO - 2025-08-13 08:23:36 --- Start processing config file: MESA_CVD_WIDTH.ini ---
2025-08-13 08:23:36,937 - INFO - 2025-08-13 08:23:36 CSV output for this config will be: C:\Users\hsi67063\Box\00-home-pigo.hsiao\TEMP\XML\MESA_CVD_Width_2025_08_13T08.23.36.csv
2025-08-13 08:23:36,939 - INFO - 2025-08-13 08:23:36 Searching in path 'Z:\\u25a0QC\u30c7\u30fc\u30bf\u30b7\u30fc\u30c8\\u30c9\u30e9\u30a4\u30a8\u30c3\u30c1' with pattern '*\u30c9\u30e9\u30a4\u51e6\u7406\u5f8cSiO2\u5bf8\u6cd5*.xlsx'
2025-08-13 08:23:37,171 - INFO - 2025-08-13 08:23:37 Found latest source file: QC-K-002-R13\u3000\u30c9\u30e9\u30a4\u51e6\u7406\u5f8cSiO2\u5bf8\u6cd5.xlsx
2025-08-13 08:23:47,344 - INFO - 2025-08-13 08:23:47 File copied successfully -> ..\DataFile\002_MESA_CVD\QC-K-002-R13\u3000\u30c9\u30e9\u30a4\u51e6\u7406\u5f8cSiO2\u5bf8\u6cd5.xlsx
2025-08-13 08:23:47,345 - INFO - 2025-08-13 08:23:47 --- Start processing file: QC-K-002-R13\u3000\u30c9\u30e9\u30a4\u51e6\u7406\u5f8cSiO2\u5bf8\u6cd5.xlsx ---
2025-08-13 08:24:17,152 - INFO - 2025-08-13 08:24:17 Step 1: Successfully read main sheet '\u30c7\u30fc\u30bf', 18560 rows loaded.
2025-08-13 08:24:55,413 - INFO - 2025-08-13 08:24:55 --- Start processing config file: MESA_CVD_WIDTH.ini ---
2025-08-13 08:24:55,415 - INFO - 2025-08-13 08:24:55 CSV output for this config will be: C:\Users\hsi67063\Box\00-home-pigo.hsiao\TEMP\XML\MESA_CVD_Width_2025_08_13T08.24.55.csv
2025-08-13 08:24:55,416 - INFO - 2025-08-13 08:24:55 Searching in path 'Z:\\u25a0QC\u30c7\u30fc\u30bf\u30b7\u30fc\u30c8\\u30c9\u30e9\u30a4\u30a8\u30c3\u30c1' with pattern '*\u30c9\u30e9\u30a4\u51e6\u7406\u5f8cSiO2\u5bf8\u6cd5*.xlsx'
2025-08-13 08:24:55,686 - INFO - 2025-08-13 08:24:55 Found latest source file: QC-K-002-R13\u3000\u30c9\u30e9\u30a4\u51e6\u7406\u5f8cSiO2\u5bf8\u6cd5.xlsx
2025-08-13 08:25:06,217 - INFO - 2025-08-13 08:25:06 File copied successfully -> ..\DataFile\002_MESA_CVD\QC-K-002-R13\u3000\u30c9\u30e9\u30a4\u51e6\u7406\u5f8cSiO2\u5bf8\u6cd5.xlsx
2025-08-13 08:25:06,217 - INFO - 2025-08-13 08:25:06 --- Start processing file: QC-K-002-R13\u3000\u30c9\u30e9\u30a4\u51e6\u7406\u5f8cSiO2\u5bf8\u6cd5.xlsx ---
2025-08-13 08:25:34,628 - INFO - 2025-08-13 08:25:34 Step 1: Successfully read main sheet '\u30c7\u30fc\u30bf', 18560 rows loaded.
2025-08-13 08:31:55,464 - INFO - 2025-08-13 08:31:55 --- Start processing config file: MESA_CVD_WIDTH.ini ---
2025-08-13 08:31:55,467 - INFO - 2025-08-13 08:31:55 CSV output for this config will be: C:\Users\hsi67063\Box\00-home-pigo.hsiao\TEMP\XML\MESA_CVD_Width_2025_08_13T08.31.55.csv
2025-08-13 08:31:55,468 - INFO - 2025-08-13 08:31:55 Searching in path 'Z:\\u25a0QC\u30c7\u30fc\u30bf\u30b7\u30fc\u30c8\\u30c9\u30e9\u30a4\u30a8\u30c3\u30c1' with pattern '*\u30c9\u30e9\u30a4\u51e6\u7406\u5f8cSiO2\u5bf8\u6cd5*.xlsx'
2025-08-13 08:31:55,675 - INFO - 2025-08-13 08:31:55 Found latest source file: QC-K-002-R13\u3000\u30c9\u30e9\u30a4\u51e6\u7406\u5f8cSiO2\u5bf8\u6cd5.xlsx
2025-08-13 08:32:08,899 - INFO - 2025-08-13 08:32:08 File copied successfully -> ..\DataFile\002_MESA_CVD\QC-K-002-R13\u3000\u30c9\u30e9\u30a4\u51e6\u7406\u5f8cSiO2\u5bf8\u6cd5.xlsx
2025-08-13 08:32:08,900 - INFO - 2025-08-13 08:32:08 --- Start processing file: QC-K-002-R13\u3000\u30c9\u30e9\u30a4\u51e6\u7406\u5f8cSiO2\u5bf8\u6cd5.xlsx ---
2025-08-13 08:32:33,488 - INFO - 2025-08-13 08:32:33 Step 1: Successfully read main sheet '\u30c7\u30fc\u30bf', 18560 rows loaded.
2025-08-13 08:33:09,307 - INFO - 2025-08-13 08:33:09 --- Start processing config file: MESA_CVD_WIDTH.ini ---
2025-08-13 08:33:09,309 - INFO - 2025-08-13 08:33:09 CSV output for this config will be: C:\Users\hsi67063\Box\00-home-pigo.hsiao\TEMP\XML\MESA_CVD_Width_2025_08_13T08.33.09.csv
2025-08-13 08:33:09,310 - INFO - 2025-08-13 08:33:09 Searching in path 'Z:\\u25a0QC\u30c7\u30fc\u30bf\u30b7\u30fc\u30c8\\u30c9\u30e9\u30a4\u30a8\u30c3\u30c1' with pattern '*\u30c9\u30e9\u30a4\u51e6\u7406\u5f8cSiO2\u5bf8\u6cd5*.xlsx'
2025-08-13 08:33:09,555 - INFO - 2025-08-13 08:33:09 Found latest source file: QC-K-002-R13\u3000\u30c9\u30e9\u30a4\u51e6\u7406\u5f8cSiO2\u5bf8\u6cd5.xlsx
2025-08-13 08:33:19,812 - INFO - 2025-08-13 08:33:19 File copied successfully -> ..\DataFile\002_MESA_CVD\QC-K-002-R13\u3000\u30c9\u30e9\u30a4\u51e6\u7406\u5f8cSiO2\u5bf8\u6cd5.xlsx
2025-08-13 08:33:19,812 - INFO - 2025-08-13 08:33:19 --- Start processing file: QC-K-002-R13\u3000\u30c9\u30e9\u30a4\u51e6\u7406\u5f8cSiO2\u5bf8\u6cd5.xlsx ---
2025-08-13 08:33:47,642 - INFO - 2025-08-13 08:33:47 Step 1: Successfully read main sheet '\u30c7\u30fc\u30bf', 18560 rows loaded.
2025-08-13 08:33:47,643 - INFO - 2025-08-13 08:33:47 Wafer location mode detected. Reading XY coordinate sheet: '\u30a6\u30a7\u30cf\u5ea7\u6a19'
2025-08-13 08:33:48,279 - INFO - 2025-08-13 08:33:48 XY coordinate data parsed.
2025-08-13 08:34:10,671 - INFO - 2025-08-13 08:34:10 --- Start processing config file: MESA_CVD_WIDTH.ini ---
2025-08-13 08:34:10,673 - INFO - 2025-08-13 08:34:10 CSV output for this config will be: C:\Users\hsi67063\Box\00-home-pigo.hsiao\TEMP\XML\MESA_CVD_Width_2025_08_13T08.34.10.csv
2025-08-13 08:34:10,674 - INFO - 2025-08-13 08:34:10 Searching in path 'Z:\\u25a0QC\u30c7\u30fc\u30bf\u30b7\u30fc\u30c8\\u30c9\u30e9\u30a4\u30a8\u30c3\u30c1' with pattern '*\u30c9\u30e9\u30a4\u51e6\u7406\u5f8cSiO2\u5bf8\u6cd5*.xlsx'
2025-08-13 08:34:10,878 - INFO - 2025-08-13 08:34:10 Found latest source file: QC-K-002-R13\u3000\u30c9\u30e9\u30a4\u51e6\u7406\u5f8cSiO2\u5bf8\u6cd5.xlsx
2025-08-13 08:34:20,309 - INFO - 2025-08-13 08:34:20 File copied successfully -> ..\DataFile\002_MESA_CVD\QC-K-002-R13\u3000\u30c9\u30e9\u30a4\u51e6\u7406\u5f8cSiO2\u5bf8\u6cd5.xlsx
2025-08-13 08:34:20,310 - INFO - 2025-08-13 08:34:20 --- Start processing file: QC-K-002-R13\u3000\u30c9\u30e9\u30a4\u51e6\u7406\u5f8cSiO2\u5bf8\u6cd5.xlsx ---
2025-08-13 08:34:47,120 - INFO - 2025-08-13 08:34:47 Step 1: Successfully read main sheet '\u30c7\u30fc\u30bf', 18560 rows loaded.
2025-08-13 08:34:47,120 - INFO - 2025-08-13 08:34:47 Wafer location mode detected. Reading XY coordinate sheet: '\u30a6\u30a7\u30cf\u5ea7\u6a19'
2025-08-13 08:34:47,656 - INFO - 2025-08-13 08:34:47 XY coordinate data parsed.
2025-08-13 08:34:47,697 - INFO - 2025-08-13 08:34:47 Step 2: Initial filtering (date, serial number) complete. 170 rows remaining.
2025-08-13 08:34:47,698 - INFO - 2025-08-13 08:34:47 Step 3: Starting database query...
2025-08-13 08:37:09,203 - INFO - 2025-08-13 08:37:09 Database query and filtering complete. 170 valid rows remaining.
2025-08-13 08:37:09,296 - INFO - 2025-08-13 08:37:09 Database connection closed.
2025-08-13 08:37:09,296 - INFO - 2025-08-13 08:37:09 Step 4: Starting data transformation and calculation...
2025-08-13 08:37:09,796 - INFO - 2025-08-13 08:37:09 Date and SORTED field calculations complete.
2025-08-13 08:37:09,805 - INFO - 2025-08-13 08:37:09 Using fixed tool name from INI: 'None'
2025-08-13 08:37:09,805 - INFO - 2025-08-13 08:37:09 Step 5: Appending additional info (Operation, ToolName, XY coords, etc.) complete.
2025-08-13 08:37:09,806 - INFO - 2025-08-13 08:37:09 Step 6: Dynamic CSV columns and order generated.
2025-08-13 08:37:09,814 - INFO - 2025-08-13 08:37:09 Step 7: Preparing to write 170 rows to CSV...
2025-08-13 08:37:09,817 - INFO - 2025-08-13 08:37:09 Executing function write_to_csv...
2025-08-13 08:37:09,882 - INFO - 2025-08-13 08:37:09 Function write_to_csv executed successfully.
2025-08-13 08:37:41,444 - INFO - 2025-08-13 08:37:41 Step 8: Updating next start row to 18569
2025-08-13 08:37:41,450 - INFO - 2025-08-13 08:37:41 --- Function process_excel_file executed successfully ---
2025-08-13 08:37:41,455 - INFO - 2025-08-13 08:37:41 --- Generating pointer XML for MESA_CVD_WIDTH.ini ---
2025-08-13 08:37:41,455 - INFO - 2025-08-13 08:37:41 Executing function generate_pointer_xml...
2025-08-13 08:37:41,534 - INFO - 2025-08-13 08:37:41 Pointer XML generated successfully at: C:/Users/hsi67063/Box/00-home-pigo.hsiao/TEMP/XML/Site=350,ProductFamily=SAG FAB,Operation=MESA_CVD_Width,Partnumber=UNKNOWPN,Serialnumber=MESA_CVD_Width_2025_08_13T08.34.10,Testdate=2025-08-13T08.37.41.xml
2025-08-13 08:37:41,535 - INFO - 2025-08-13 08:37:41 --- Finished processing config file: MESA_CVD_WIDTH.ini ---
2025-08-13 08:37:41,535 - INFO - 2025-08-13 08:37:41 ===== Universal Script End =====
2025-08-13 08:38:23,245 - INFO - 2025-08-13 08:38:23 --- Start processing config file: MESA_CVD_WIDTH.ini ---
2025-08-13 08:38:25,077 - INFO - 2025-08-13 08:38:25 CSV output for this config will be: \\thaapptdsdev03.li.lumentuminc.net\Data\SAG_BE\001_GRATING\MESA_CVD_Width_2025_08_13T08.38.25.csv
2025-08-13 08:38:25,079 - INFO - 2025-08-13 08:38:25 Searching in path 'Z:\\u25a0QC\u30c7\u30fc\u30bf\u30b7\u30fc\u30c8\\u30c9\u30e9\u30a4\u30a8\u30c3\u30c1' with pattern '*\u30c9\u30e9\u30a4\u51e6\u7406\u5f8cSiO2\u5bf8\u6cd5*.xlsx'
2025-08-13 08:38:25,280 - INFO - 2025-08-13 08:38:25 Found latest source file: QC-K-002-R13\u3000\u30c9\u30e9\u30a4\u51e6\u7406\u5f8cSiO2\u5bf8\u6cd5.xlsx
2025-08-13 08:38:32,240 - INFO - 2025-08-13 08:38:32 File copied successfully -> ..\DataFile\002_MESA_CVD\QC-K-002-R13\u3000\u30c9\u30e9\u30a4\u51e6\u7406\u5f8cSiO2\u5bf8\u6cd5.xlsx
2025-08-13 08:38:32,240 - INFO - 2025-08-13 08:38:32 --- Start processing file: QC-K-002-R13\u3000\u30c9\u30e9\u30a4\u51e6\u7406\u5f8cSiO2\u5bf8\u6cd5.xlsx ---
2025-08-13 08:39:01,197 - INFO - 2025-08-13 08:39:01 Step 1: Successfully read main sheet '\u30c7\u30fc\u30bf', 18145 rows loaded.
2025-08-13 08:39:01,198 - INFO - 2025-08-13 08:39:01 Wafer location mode detected. Reading XY coordinate sheet: '\u30a6\u30a7\u30cf\u5ea7\u6a19'
2025-08-13 08:39:01,639 - INFO - 2025-08-13 08:39:01 XY coordinate data parsed.
2025-08-13 08:39:01,668 - INFO - 2025-08-13 08:39:01 Step 2: Initial filtering (date, serial number) complete. 170 rows remaining.
2025-08-13 08:39:01,668 - INFO - 2025-08-13 08:39:01 Step 3: Starting database query...
2025-08-13 08:41:27,976 - INFO - 2025-08-13 08:41:27 Database query and filtering complete. 170 valid rows remaining.
2025-08-13 08:41:28,055 - INFO - 2025-08-13 08:41:28 Database connection closed.
2025-08-13 08:41:28,056 - INFO - 2025-08-13 08:41:28 Step 4: Starting data transformation and calculation...
2025-08-13 08:41:28,202 - INFO - 2025-08-13 08:41:28 Date and SORTED field calculations complete.
2025-08-13 08:41:28,204 - INFO - 2025-08-13 08:41:28 Using fixed tool name from INI: 'None'
2025-08-13 08:41:28,205 - INFO - 2025-08-13 08:41:28 Step 5: Appending additional info (Operation, ToolName, XY coords, etc.) complete.
2025-08-13 08:41:28,205 - INFO - 2025-08-13 08:41:28 Step 6: Dynamic CSV columns and order generated.
2025-08-13 08:41:28,207 - INFO - 2025-08-13 08:41:28 Step 7: Preparing to write 170 rows to CSV...
2025-08-13 08:41:28,207 - INFO - 2025-08-13 08:41:28 Executing function write_to_csv...
2025-08-13 08:41:30,170 - INFO - 2025-08-13 08:41:30 Function write_to_csv executed successfully.
2025-08-13 08:41:55,208 - INFO - 2025-08-13 08:41:55 Step 8: Updating next start row to 18984
2025-08-13 08:41:55,209 - INFO - 2025-08-13 08:41:55 --- Function process_excel_file executed successfully ---
2025-08-13 08:41:55,209 - INFO - 2025-08-13 08:41:55 --- Generating pointer XML for MESA_CVD_WIDTH.ini ---
2025-08-13 08:41:55,210 - INFO - 2025-08-13 08:41:55 Executing function generate_pointer_xml...
2025-08-13 08:41:56,626 - INFO - 2025-08-13 08:41:56 Pointer XML generated successfully at: \\thaapptdsdev03.li.lumentuminc.net\Data\Files to Insert\XML\Site=350,ProductFamily=SAG FAB,Operation=MESA_CVD_Width,Partnumber=UNKNOWPN,Serialnumber=MESA_CVD_Width_2025_08_13T08.38.25,Testdate=2025-08-13T08.41.55.xml
2025-08-13 08:41:56,627 - INFO - 2025-08-13 08:41:56 --- Finished processing config file: MESA_CVD_WIDTH.ini ---
2025-08-13 08:41:56,627 - INFO - 2025-08-13 08:41:56 ===== Universal Script End =====
2025-08-13 08:51:38,662 - INFO - 2025-08-13 08:51:38 --- Start processing config file: MESA_CVD_WIDTH.ini ---
2025-08-13 08:51:39,477 - INFO - 2025-08-13 08:51:39 CSV output for this config will be: \\thaapptdsdev03.li.lumentuminc.net\Data\SAG_BE\002_MESA_CVD\MESA_CVD_Width_2025_08_13T08.51.39.csv
2025-08-13 08:51:39,478 - INFO - 2025-08-13 08:51:39 Searching in path 'Z:\\u25a0QC\u30c7\u30fc\u30bf\u30b7\u30fc\u30c8\\u30c9\u30e9\u30a4\u30a8\u30c3\u30c1' with pattern '*\u30c9\u30e9\u30a4\u51e6\u7406\u5f8cSiO2\u5bf8\u6cd5*.xlsx'
2025-08-13 08:51:39,688 - INFO - 2025-08-13 08:51:39 Found latest source file: QC-K-002-R13\u3000\u30c9\u30e9\u30a4\u51e6\u7406\u5f8cSiO2\u5bf8\u6cd5.xlsx
2025-08-13 08:51:50,740 - INFO - 2025-08-13 08:51:50 File copied successfully -> ..\DataFile\002_MESA_CVD\QC-K-002-R13\u3000\u30c9\u30e9\u30a4\u51e6\u7406\u5f8cSiO2\u5bf8\u6cd5.xlsx
2025-08-13 08:51:50,741 - INFO - 2025-08-13 08:51:50 --- Start processing file: QC-K-002-R13\u3000\u30c9\u30e9\u30a4\u51e6\u7406\u5f8cSiO2\u5bf8\u6cd5.xlsx ---
2025-08-13 08:52:16,478 - INFO - 2025-08-13 08:52:16 Step 1: Successfully read main sheet '\u30c7\u30fc\u30bf', 0 rows loaded.
2025-08-13 08:52:16,479 - INFO - 2025-08-13 08:52:16 Wafer location mode detected. Reading XY coordinate sheet: '\u30a6\u30a7\u30cf\u5ea7\u6a19'
2025-08-13 08:52:16,989 - ERROR - 2025-08-13 08:52:16 Step 1/2/3 failed: Error during Excel read or filter. Error: index 3 is out of bounds for axis 0 with size 3
2025-08-13 08:52:17,125 - INFO - 2025-08-13 08:52:17 --- Finished processing config file: MESA_CVD_WIDTH.ini ---
2025-08-13 08:52:17,125 - INFO - 2025-08-13 08:52:17 ===== Universal Script End =====
2025-08-13 08:52:29,272 - INFO - 2025-08-13 08:52:29 --- Start processing config file: MESA_CVD_WIDTH.ini ---
2025-08-13 08:52:30,086 - INFO - 2025-08-13 08:52:30 CSV output for this config will be: \\thaapptdsdev03.li.lumentuminc.net\Data\SAG_BE\002_MESA_CVD\MESA_CVD_Width_2025_08_13T08.52.30.csv
2025-08-13 08:52:30,088 - INFO - 2025-08-13 08:52:30 Searching in path 'Z:\\u25a0QC\u30c7\u30fc\u30bf\u30b7\u30fc\u30c8\\u30c9\u30e9\u30a4\u30a8\u30c3\u30c1' with pattern '*\u30c9\u30e9\u30a4\u51e6\u7406\u5f8cSiO2\u5bf8\u6cd5*.xlsx'
2025-08-13 08:52:30,286 - INFO - 2025-08-13 08:52:30 Found latest source file: QC-K-002-R13\u3000\u30c9\u30e9\u30a4\u51e6\u7406\u5f8cSiO2\u5bf8\u6cd5.xlsx
2025-08-13 08:52:40,047 - INFO - 2025-08-13 08:52:40 File copied successfully -> ..\DataFile\002_MESA_CVD\QC-K-002-R13\u3000\u30c9\u30e9\u30a4\u51e6\u7406\u5f8cSiO2\u5bf8\u6cd5.xlsx
2025-08-13 08:52:40,047 - INFO - 2025-08-13 08:52:40 --- Start processing file: QC-K-002-R13\u3000\u30c9\u30e9\u30a4\u51e6\u7406\u5f8cSiO2\u5bf8\u6cd5.xlsx ---
2025-08-13 08:53:04,180 - INFO - 2025-08-13 08:53:04 Step 1: Successfully read main sheet '\u30c7\u30fc\u30bf', 18214 rows loaded.
2025-08-13 08:53:04,181 - INFO - 2025-08-13 08:53:04 Wafer location mode detected. Reading XY coordinate sheet: '\u30a6\u30a7\u30cf\u5ea7\u6a19'
2025-08-13 08:53:04,712 - ERROR - 2025-08-13 08:53:04 Step 1/2/3 failed: Error during Excel read or filter. Error: index 3 is out of bounds for axis 0 with size 3
2025-08-13 08:53:04,849 - INFO - 2025-08-13 08:53:04 --- Finished processing config file: MESA_CVD_WIDTH.ini ---
2025-08-13 08:53:04,849 - INFO - 2025-08-13 08:53:04 ===== Universal Script End =====
2025-08-13 08:53:28,668 - INFO - 2025-08-13 08:53:28 --- Start processing config file: MESA_CVD_WIDTH.ini ---
2025-08-13 08:53:29,749 - INFO - 2025-08-13 08:53:29 CSV output for this config will be: \\thaapptdsdev03.li.lumentuminc.net\Data\SAG_BE\002_MESA_CVD\MESA_CVD_Width_2025_08_13T08.53.29.csv
2025-08-13 08:53:29,750 - INFO - 2025-08-13 08:53:29 Searching in path 'Z:\\u25a0QC\u30c7\u30fc\u30bf\u30b7\u30fc\u30c8\\u30c9\u30e9\u30a4\u30a8\u30c3\u30c1' with pattern '*\u30c9\u30e9\u30a4\u51e6\u7406\u5f8cSiO2\u5bf8\u6cd5*.xlsx'
2025-08-13 08:53:29,951 - INFO - 2025-08-13 08:53:29 Found latest source file: QC-K-002-R13\u3000\u30c9\u30e9\u30a4\u51e6\u7406\u5f8cSiO2\u5bf8\u6cd5.xlsx
2025-08-13 08:53:42,864 - INFO - 2025-08-13 08:53:42 File copied successfully -> ..\DataFile\002_MESA_CVD\QC-K-002-R13\u3000\u30c9\u30e9\u30a4\u51e6\u7406\u5f8cSiO2\u5bf8\u6cd5.xlsx
2025-08-13 08:53:42,864 - INFO - 2025-08-13 08:53:42 --- Start processing file: QC-K-002-R13\u3000\u30c9\u30e9\u30a4\u51e6\u7406\u5f8cSiO2\u5bf8\u6cd5.xlsx ---
2025-08-13 08:54:06,130 - INFO - 2025-08-13 08:54:06 Step 1: Successfully read main sheet '\u30c7\u30fc\u30bf', 18214 rows loaded.
2025-08-13 08:54:06,130 - INFO - 2025-08-13 08:54:06 Wafer location mode detected. Reading XY coordinate sheet: '\u30a6\u30a7\u30cf\u5ea7\u6a19'
2025-08-13 08:54:06,550 - ERROR - 2025-08-13 08:54:06 Step 1/2/3 failed: Error during Excel read or filter. Error: index 3 is out of bounds for axis 0 with size 3
2025-08-13 08:54:06,690 - INFO - 2025-08-13 08:54:06 --- Finished processing config file: MESA_CVD_WIDTH.ini ---
2025-08-13 08:54:06,690 - INFO - 2025-08-13 08:54:06 ===== Universal Script End =====
2025-08-13 08:58:07,533 - INFO - 2025-08-13 08:58:07 --- Start processing config file: MESA_CVD_WIDTH.ini ---
2025-08-13 08:58:08,378 - INFO - 2025-08-13 08:58:08 CSV output for this config will be: \\thaapptdsdev03.li.lumentuminc.net\Data\SAG_BE\002_MESA_CVD\MESA_CVD_Width_2025_08_13T08.58.08.csv
2025-08-13 08:58:08,381 - INFO - 2025-08-13 08:58:08 Searching in path 'Z:\\u25a0QC\u30c7\u30fc\u30bf\u30b7\u30fc\u30c8\\u30c9\u30e9\u30a4\u30a8\u30c3\u30c1' with pattern '*\u30c9\u30e9\u30a4\u51e6\u7406\u5f8cSiO2\u5bf8\u6cd5*.xlsx'
2025-08-13 08:58:08,693 - INFO - 2025-08-13 08:58:08 Found latest source file: QC-K-002-R13\u3000\u30c9\u30e9\u30a4\u51e6\u7406\u5f8cSiO2\u5bf8\u6cd5.xlsx
2025-08-13 08:58:20,319 - INFO - 2025-08-13 08:58:20 File copied successfully -> ..\DataFile\002_MESA_CVD\QC-K-002-R13\u3000\u30c9\u30e9\u30a4\u51e6\u7406\u5f8cSiO2\u5bf8\u6cd5.xlsx
2025-08-13 08:58:20,319 - INFO - 2025-08-13 08:58:20 --- Start processing file: QC-K-002-R13\u3000\u30c9\u30e9\u30a4\u51e6\u7406\u5f8cSiO2\u5bf8\u6cd5.xlsx ---
2025-08-13 08:58:44,167 - INFO - 2025-08-13 08:58:44 Step 1: Successfully read main sheet '\u30c7\u30fc\u30bf', 18214 rows loaded.
2025-08-13 08:58:44,167 - INFO - 2025-08-13 08:58:44 Wafer location mode detected. Reading XY coordinate sheet: '\u30a6\u30a7\u30cf\u5ea7\u6a19'
2025-08-13 08:58:44,629 - INFO - 2025-08-13 08:58:44 XY coordinate data parsed.
2025-08-13 08:58:44,669 - INFO - 2025-08-13 08:58:44 Step 2: Initial filtering (date, serial number) complete. 127 rows remaining.
2025-08-13 08:58:44,670 - INFO - 2025-08-13 08:58:44 Step 3: Starting database query...
2025-08-13 09:01:05,455 - INFO - 2025-08-13 09:01:05 Database query and filtering complete. 127 valid rows remaining.
2025-08-13 09:01:05,558 - INFO - 2025-08-13 09:01:05 Database connection closed.
2025-08-13 09:01:05,558 - INFO - 2025-08-13 09:01:05 Step 4: Starting data transformation and calculation...
2025-08-13 09:01:05,686 - INFO - 2025-08-13 09:01:05 Date and SORTED field calculations complete.
2025-08-13 09:01:05,688 - INFO - 2025-08-13 09:01:05 Using fixed tool name from INI: 'None'
2025-08-13 09:01:05,691 - INFO - 2025-08-13 09:01:05 Step 5: Appending additional info (Operation, ToolName, XY coords, etc.) complete.
2025-08-13 09:01:05,692 - INFO - 2025-08-13 09:01:05 Step 6: Dynamic CSV columns and order generated.
2025-08-13 09:01:05,696 - INFO - 2025-08-13 09:01:05 Step 7: Preparing to write 127 rows to CSV...
2025-08-13 09:01:05,697 - INFO - 2025-08-13 09:01:05 Executing function write_to_csv...
2025-08-13 09:01:07,893 - INFO - 2025-08-13 09:01:07 Function write_to_csv executed successfully.
2025-08-13 09:01:32,996 - INFO - 2025-08-13 09:01:32 Step 8: Updating next start row to 18915
2025-08-13 09:01:32,996 - INFO - 2025-08-13 09:01:32 --- Function process_excel_file executed successfully ---
2025-08-13 09:01:33,300 - INFO - 2025-08-13 09:01:33 --- Generating pointer XML for MESA_CVD_WIDTH.ini ---
2025-08-13 09:01:33,301 - INFO - 2025-08-13 09:01:33 Executing function generate_pointer_xml...
2025-08-13 09:01:34,984 - INFO - 2025-08-13 09:01:34 Pointer XML generated successfully at: \\thaapptdsdev03.li.lumentuminc.net\Data\Files to Insert\XML\Site=350,ProductFamily=SAG FAB,Operation=MESA_CVD_Width,Partnumber=UNKNOWPN,Serialnumber=MESA_CVD_Width_2025_08_13T08.58.08,Testdate=2025-08-13T09.01.33.xml
2025-08-13 09:01:34,985 - INFO - 2025-08-13 09:01:34 --- Finished processing config file: MESA_CVD_WIDTH.ini ---
2025-08-13 09:01:34,985 - INFO - 2025-08-13 09:01:34 ===== Universal Script End =====
2025-08-13 09:06:18,490 - INFO - 2025-08-13 09:06:18 --- Start processing config file: MESA_CVD_WIDTH.ini ---
2025-08-13 09:06:18,895 - INFO - 2025-08-13 09:06:18 CSV output for this config will be: \\thaapptdsdev03.li.lumentuminc.net\Data\SAG_BE\002_MESA_CVD\MESA_CVD_Width_2025_08_13T09.06.18.csv
2025-08-13 09:06:18,896 - INFO - 2025-08-13 09:06:18 Searching in path 'Z:\\u25a0QC\u30c7\u30fc\u30bf\u30b7\u30fc\u30c8\\u30c9\u30e9\u30a4\u30a8\u30c3\u30c1' with pattern '*\u30c9\u30e9\u30a4\u51e6\u7406\u5f8cSiO2\u5bf8\u6cd5*.xlsx'
2025-08-13 09:06:19,022 - INFO - 2025-08-13 09:06:19 Found latest source file: QC-K-002-R13\u3000\u30c9\u30e9\u30a4\u51e6\u7406\u5f8cSiO2\u5bf8\u6cd5.xlsx
2025-08-13 09:06:27,953 - INFO - 2025-08-13 09:06:27 File copied successfully -> ..\DataFile\002_MESA_CVD\QC-K-002-R13\u3000\u30c9\u30e9\u30a4\u51e6\u7406\u5f8cSiO2\u5bf8\u6cd5.xlsx
2025-08-13 09:06:27,954 - INFO - 2025-08-13 09:06:27 --- Start processing file: QC-K-002-R13\u3000\u30c9\u30e9\u30a4\u51e6\u7406\u5f8cSiO2\u5bf8\u6cd5.xlsx ---
2025-08-13 09:06:56,626 - INFO - 2025-08-13 09:06:56 Step 1: Successfully read main sheet '\u30c7\u30fc\u30bf', 0 rows loaded.
2025-08-13 09:06:56,627 - INFO - 2025-08-13 09:06:56 Wafer location mode detected. Reading XY coordinate sheet: '\u30a6\u30a7\u30cf\u5ea7\u6a19'
2025-08-13 09:06:57,219 - INFO - 2025-08-13 09:06:57 XY coordinate data parsed.
2025-08-13 09:06:57,224 - ERROR - 2025-08-13 09:06:57 Step 1/2/3 failed: Error during Excel read or filter. Error: 'key_Start_Date_Time'
2025-08-13 09:06:57,228 - INFO - 2025-08-13 09:06:57 --- Finished processing config file: MESA_CVD_WIDTH.ini ---
2025-08-13 09:06:57,229 - INFO - 2025-08-13 09:06:57 ===== Universal Script End =====
2025-08-13 09:07:47,817 - INFO - 2025-08-13 09:07:47 --- Start processing config file: MESA_CVD_WIDTH.ini ---
2025-08-13 09:07:48,218 - INFO - 2025-08-13 09:07:48 CSV output for this config will be: \\thaapptdsdev03.li.lumentuminc.net\Data\SAG_BE\002_MESA_CVD\MESA_CVD_Width_2025_08_13T09.07.48.csv
2025-08-13 09:07:48,219 - INFO - 2025-08-13 09:07:48 Searching in path 'Z:\\u25a0QC\u30c7\u30fc\u30bf\u30b7\u30fc\u30c8\\u30c9\u30e9\u30a4\u30a8\u30c3\u30c1' with pattern '*\u30c9\u30e9\u30a4\u51e6\u7406\u5f8cSiO2\u5bf8\u6cd5*.xlsx'
2025-08-13 09:07:48,340 - INFO - 2025-08-13 09:07:48 Found latest source file: QC-K-002-R13\u3000\u30c9\u30e9\u30a4\u51e6\u7406\u5f8cSiO2\u5bf8\u6cd5.xlsx
2025-08-13 09:08:03,032 - INFO - 2025-08-13 09:08:03 File copied successfully -> ..\DataFile\002_MESA_CVD\QC-K-002-R13\u3000\u30c9\u30e9\u30a4\u51e6\u7406\u5f8cSiO2\u5bf8\u6cd5.xlsx
2025-08-13 09:08:03,032 - INFO - 2025-08-13 09:08:03 --- Start processing file: QC-K-002-R13\u3000\u30c9\u30e9\u30a4\u51e6\u7406\u5f8cSiO2\u5bf8\u6cd5.xlsx ---
2025-08-13 09:08:26,868 - INFO - 2025-08-13 09:08:26 Step 1: Successfully read main sheet '\u30c7\u30fc\u30bf', 18560 rows loaded.
2025-08-13 09:08:26,868 - INFO - 2025-08-13 09:08:26 Wafer location mode detected. Reading XY coordinate sheet: '\u30a6\u30a7\u30cf\u5ea7\u6a19'
2025-08-13 09:08:27,292 - INFO - 2025-08-13 09:08:27 XY coordinate data parsed.
2025-08-13 09:08:27,343 - INFO - 2025-08-13 09:08:27 Step 2: Initial filtering (date, serial number) complete. 127 rows remaining.
2025-08-13 09:08:27,343 - INFO - 2025-08-13 09:08:27 Step 3: Starting database query...
2025-08-13 09:10:55,949 - INFO - 2025-08-13 09:10:55 Database query and filtering complete. 127 valid rows remaining.
2025-08-13 09:10:56,064 - INFO - 2025-08-13 09:10:56 Database connection closed.
2025-08-13 09:10:56,065 - INFO - 2025-08-13 09:10:56 Step 4: Starting data transformation and calculation...
2025-08-13 09:10:56,177 - INFO - 2025-08-13 09:10:56 Date and SORTED field calculations complete.
2025-08-13 09:10:56,179 - INFO - 2025-08-13 09:10:56 Using fixed tool name from INI: 'None'
2025-08-13 09:10:56,181 - INFO - 2025-08-13 09:10:56 Step 5: Appending additional info (Operation, ToolName, XY coords, etc.) complete.
2025-08-13 09:10:56,182 - INFO - 2025-08-13 09:10:56 Step 6: Dynamic CSV columns and order generated.
2025-08-13 09:10:56,185 - INFO - 2025-08-13 09:10:56 Step 7: Preparing to write 127 rows to CSV...
2025-08-13 09:10:56,185 - INFO - 2025-08-13 09:10:56 Executing function write_to_csv...
2025-08-13 09:10:58,609 - INFO - 2025-08-13 09:10:58 Function write_to_csv executed successfully.
2025-08-13 09:11:25,285 - INFO - 2025-08-13 09:11:25 Step 8: Updating next start row to 18569
2025-08-13 09:11:25,286 - INFO - 2025-08-13 09:11:25 --- Function process_excel_file executed successfully ---
2025-08-13 09:11:25,347 - INFO - 2025-08-13 09:11:25 --- Generating pointer XML for MESA_CVD_WIDTH.ini ---
2025-08-13 09:11:25,347 - INFO - 2025-08-13 09:11:25 Executing function generate_pointer_xml...
2025-08-13 09:11:26,373 - INFO - 2025-08-13 09:11:26 Pointer XML generated successfully at: \\thaapptdsdev03.li.lumentuminc.net\Data\Files to Insert\XML\Site=350,ProductFamily=SAG FAB,Operation=MESA_CVD_Width,Partnumber=UNKNOWPN,Serialnumber=MESA_CVD_Width_2025_08_13T09.07.48,Testdate=2025-08-13T09.11.25.xml
2025-08-13 09:11:26,374 - INFO - 2025-08-13 09:11:26 --- Finished processing config file: MESA_CVD_WIDTH.ini ---
2025-08-13 09:11:26,375 - INFO - 2025-08-13 09:11:26 ===== Universal Script End =====
2025-08-13 09:25:17,433 - INFO - 2025-08-13 09:25:17 --- Start processing config file: MESA_CVD_WIDTH.ini ---
2025-08-13 09:25:17,837 - INFO - 2025-08-13 09:25:17 CSV output for this config will be: \\thaapptdsdev03.li.lumentuminc.net\Data\SAG_BE\002_MESA_CVD\MESA_CVD_Width_2025_08_13T09.25.17.csv
2025-08-13 09:25:17,841 - INFO - 2025-08-13 09:25:17 Searching in path 'Z:\\u25a0QC\u30c7\u30fc\u30bf\u30b7\u30fc\u30c8\\u30c9\u30e9\u30a4\u30a8\u30c3\u30c1' with pattern '*\u30c9\u30e9\u30a4\u51e6\u7406\u5f8cSiO2\u5bf8\u6cd5*.xlsx'
2025-08-13 09:25:18,045 - INFO - 2025-08-13 09:25:18 Found latest source file: QC-K-002-R13\u3000\u30c9\u30e9\u30a4\u51e6\u7406\u5f8cSiO2\u5bf8\u6cd5.xlsx
2025-08-13 09:25:28,682 - INFO - 2025-08-13 09:25:28 File copied successfully -> ..\DataFile\002_MESA_CVD\QC-K-002-R13\u3000\u30c9\u30e9\u30a4\u51e6\u7406\u5f8cSiO2\u5bf8\u6cd5.xlsx
2025-08-13 09:25:28,683 - INFO - 2025-08-13 09:25:28 --- Start processing file: QC-K-002-R13\u3000\u30c9\u30e9\u30a4\u51e6\u7406\u5f8cSiO2\u5bf8\u6cd5.xlsx ---
2025-08-13 09:25:54,213 - INFO - 2025-08-13 09:25:54 Step 1: Successfully read main sheet '\u30c7\u30fc\u30bf', 3829 rows loaded.
2025-08-13 09:25:54,214 - INFO - 2025-08-13 09:25:54 Wafer location mode detected. Reading XY coordinate sheet: '\u30a6\u30a7\u30cf\u5ea7\u6a19'
2025-08-13 09:25:54,692 - INFO - 2025-08-13 09:25:54 XY coordinate data parsed.
2025-08-13 09:25:54,706 - INFO - 2025-08-13 09:25:54 Step 2: Initial filtering (date, serial number) complete. 127 rows remaining.
2025-08-13 09:25:54,707 - INFO - 2025-08-13 09:25:54 Step 3: Starting database query...
2025-08-13 09:27:39,896 - INFO - 2025-08-13 09:27:39 Database query and filtering complete. 127 valid rows remaining.
2025-08-13 09:27:39,989 - INFO - 2025-08-13 09:27:39 Database connection closed.
2025-08-13 09:27:39,990 - INFO - 2025-08-13 09:27:39 Step 4: Starting data transformation and calculation...
2025-08-13 09:27:40,109 - INFO - 2025-08-13 09:27:40 Date and SORTED field calculations complete.
2025-08-13 09:27:40,111 - INFO - 2025-08-13 09:27:40 Using fixed tool name from INI: 'None'
2025-08-13 09:27:40,113 - INFO - 2025-08-13 09:27:40 Step 5: Appending additional info (Operation, ToolName, XY coords, etc.) complete.
2025-08-13 09:27:40,114 - INFO - 2025-08-13 09:27:40 Step 6: Dynamic CSV columns and order generated.
2025-08-13 09:27:40,115 - INFO - 2025-08-13 09:27:40 Step 7: Preparing to write 127 rows to CSV...
2025-08-13 09:27:40,116 - INFO - 2025-08-13 09:27:40 Executing function write_to_csv...
2025-08-13 09:27:41,969 - INFO - 2025-08-13 09:27:41 Function write_to_csv executed successfully.
2025-08-13 09:28:09,514 - INFO - 2025-08-13 09:28:09 Step 8: Updating next start row to 33300
2025-08-13 09:28:09,515 - INFO - 2025-08-13 09:28:09 --- Function process_excel_file executed successfully ---
2025-08-13 09:28:09,516 - INFO - 2025-08-13 09:28:09 --- Generating pointer XML for MESA_CVD_WIDTH.ini ---
2025-08-13 09:28:09,516 - INFO - 2025-08-13 09:28:09 Executing function generate_pointer_xml...
2025-08-13 09:28:10,958 - INFO - 2025-08-13 09:28:10 Pointer XML generated successfully at: \\thaapptdsdev03.li.lumentuminc.net\Data\Files to Insert\XML\Site=350,ProductFamily=SAG FAB,Operation=MESA_CVD_Width,Partnumber=UNKNOWPN,Serialnumber=MESA_CVD_Width_2025_08_13T09.25.17,Testdate=2025-08-13T09.28.10.xml
2025-08-13 09:28:10,958 - INFO - 2025-08-13 09:28:10 --- Finished processing config file: MESA_CVD_WIDTH.ini ---
2025-08-13 09:28:10,958 - INFO - 2025-08-13 09:28:10 ===== Universal Script End =====
2025-08-13 10:18:36,682 - INFO - 2025-08-13 10:18:36 --- Start processing config file: MESA_CVD_WIDTH.ini ---
2025-08-13 10:18:37,360 - INFO - 2025-08-13 10:18:37 CSV output for this config will be: \\thaapptdsdev03.li.lumentuminc.net\Data\SAG_BE\002_MESA_CVD\MESA_CVD_Width_2025_08_13T10.18.37.csv
2025-08-13 10:18:37,362 - INFO - 2025-08-13 10:18:37 Searching in path 'Z:\\u25a0QC\u30c7\u30fc\u30bf\u30b7\u30fc\u30c8\\u30c9\u30e9\u30a4\u30a8\u30c3\u30c1' with pattern '*\u30c9\u30e9\u30a4\u51e6\u7406\u5f8cSiO2\u5bf8\u6cd5*.xlsx'
2025-08-13 10:18:37,571 - INFO - 2025-08-13 10:18:37 Found latest source file: QC-K-002-R13\u3000\u30c9\u30e9\u30a4\u51e6\u7406\u5f8cSiO2\u5bf8\u6cd5.xlsx
2025-08-13 10:18:46,674 - INFO - 2025-08-13 10:18:46 File copied successfully -> ..\DataFile\002_MESA_CVD\QC-K-002-R13\u3000\u30c9\u30e9\u30a4\u51e6\u7406\u5f8cSiO2\u5bf8\u6cd5.xlsx
2025-08-13 10:18:46,675 - INFO - 2025-08-13 10:18:46 --- Start processing file: QC-K-002-R13\u3000\u30c9\u30e9\u30a4\u51e6\u7406\u5f8cSiO2\u5bf8\u6cd5.xlsx ---
2025-08-13 10:19:18,657 - INFO - 2025-08-13 10:19:18 Step 1: Successfully read main sheet '\u30c7\u30fc\u30bf', 18544 rows loaded.
2025-08-13 10:19:18,657 - INFO - 2025-08-13 10:19:18 Wafer location mode detected. Reading XY coordinate sheet: '\u30a6\u30a7\u30cf\u5ea7\u6a19'
2025-08-13 10:19:19,164 - INFO - 2025-08-13 10:19:19 XY coordinate data parsed.
2025-08-13 10:19:19,197 - INFO - 2025-08-13 10:19:19 Step 2: Initial filtering (date, serial number) complete. 127 rows remaining.
2025-08-13 10:19:19,197 - INFO - 2025-08-13 10:19:19 Step 3: Starting database query...
2025-08-13 10:19:45,212 - INFO - 2025-08-13 10:19:45 Database connection closed.
2025-08-13 10:20:10,956 - INFO - 2025-08-13 10:20:10 --- Start processing config file: MESA_CVD_WIDTH.ini ---
2025-08-13 10:20:11,662 - INFO - 2025-08-13 10:20:11 CSV output for this config will be: \\thaapptdsdev03.li.lumentuminc.net\Data\SAG_BE\002_MESA_CVD\MESA_CVD_Width_2025_08_13T10.20.11.csv
2025-08-13 10:20:11,664 - INFO - 2025-08-13 10:20:11 Searching in path 'Z:\\u25a0QC\u30c7\u30fc\u30bf\u30b7\u30fc\u30c8\\u30c9\u30e9\u30a4\u30a8\u30c3\u30c1' with pattern '*\u30c9\u30e9\u30a4\u51e6\u7406\u5f8cSiO2\u5bf8\u6cd5*.xlsx'
2025-08-13 10:20:11,881 - INFO - 2025-08-13 10:20:11 Found latest source file: QC-K-002-R13\u3000\u30c9\u30e9\u30a4\u51e6\u7406\u5f8cSiO2\u5bf8\u6cd5.xlsx
2025-08-13 10:20:21,955 - INFO - 2025-08-13 10:20:21 File copied successfully -> ..\DataFile\002_MESA_CVD\QC-K-002-R13\u3000\u30c9\u30e9\u30a4\u51e6\u7406\u5f8cSiO2\u5bf8\u6cd5.xlsx
2025-08-13 10:20:21,956 - INFO - 2025-08-13 10:20:21 --- Start processing file: QC-K-002-R13\u3000\u30c9\u30e9\u30a4\u51e6\u7406\u5f8cSiO2\u5bf8\u6cd5.xlsx ---
2025-08-13 10:20:53,080 - INFO - 2025-08-13 10:20:53 Step 1: Successfully read main sheet '\u30c7\u30fc\u30bf', 18544 rows loaded.
2025-08-13 10:20:53,081 - INFO - 2025-08-13 10:20:53 Wafer location mode detected. Reading XY coordinate sheet: '\u30a6\u30a7\u30cf\u5ea7\u6a19'
2025-08-13 10:20:53,735 - INFO - 2025-08-13 10:20:53 XY coordinate data parsed.
2025-08-13 10:20:53,768 - INFO - 2025-08-13 10:20:53 Step 2: Initial filtering (date, serial number) complete. 127 rows remaining.
2025-08-13 10:20:53,768 - INFO - 2025-08-13 10:20:53 Step 3: Starting database query...
2025-08-13 10:22:36,888 - INFO - 2025-08-13 10:22:36 Database query and filtering complete. 127 valid rows remaining.
2025-08-13 10:22:36,975 - INFO - 2025-08-13 10:22:36 Database connection closed.
2025-08-13 10:22:36,975 - INFO - 2025-08-13 10:22:36 Step 4: Starting data transformation and calculation...
2025-08-13 10:22:37,082 - INFO - 2025-08-13 10:22:37 Date and SORTED field calculations complete.
2025-08-13 10:22:37,085 - INFO - 2025-08-13 10:22:37 Using fixed tool name from INI: 'None'
2025-08-13 10:22:37,088 - INFO - 2025-08-13 10:22:37 Step 5: Appending additional info (Operation, ToolName, XY coords, etc.) complete.
2025-08-13 10:22:37,089 - INFO - 2025-08-13 10:22:37 Step 6: Dynamic CSV columns and order generated.
2025-08-13 10:22:37,090 - INFO - 2025-08-13 10:22:37 Step 7: Preparing to write 127 rows to CSV...
2025-08-13 10:22:37,091 - INFO - 2025-08-13 10:22:37 Executing function write_to_csv...
2025-08-13 10:22:39,566 - INFO - 2025-08-13 10:22:39 Function write_to_csv executed successfully.
2025-08-13 10:23:09,699 - INFO - 2025-08-13 10:23:09 Step 8: Updating next start row to 18585
2025-08-13 10:23:09,700 - INFO - 2025-08-13 10:23:09 --- Function process_excel_file executed successfully ---
2025-08-13 10:23:10,040 - INFO - 2025-08-13 10:23:10 --- Generating pointer XML for MESA_CVD_WIDTH.ini ---
2025-08-13 10:23:10,040 - INFO - 2025-08-13 10:23:10 Executing function generate_pointer_xml...
2025-08-13 10:23:11,609 - INFO - 2025-08-13 10:23:11 Pointer XML generated successfully at: \\thaapptdsdev03.li.lumentuminc.net\Data\Files to Insert\XML\Site=350,ProductFamily=SAG FAB,Operation=MESA_CVD_Width,Partnumber=UNKNOWPN,Serialnumber=MESA_CVD_Width_2025_08_13T10.20.11,Testdate=2025-08-13T10.23.10.xml
2025-08-13 10:23:11,610 - INFO - 2025-08-13 10:23:11 --- Finished processing config file: MESA_CVD_WIDTH.ini ---
2025-08-13 10:23:11,610 - INFO - 2025-08-13 10:23:11 ===== Universal Script End =====
