2025-08-13 10:54:23,328 - INFO - 2025-08-13 10:54:23 --- Start processing config file: 025_PIX.ini ---
2025-08-13 10:54:23,933 - INFO - 2025-08-13 10:54:23 CSV output for this config will be: \\li.lumentuminc.net\data\SAG\TDS\Data\CSV_Output\PIX_PIX_Thickness\PIX_PIX_Thickness_2025_08_13T10.54.23.csv
2025-08-13 10:54:23,935 - INFO - 2025-08-13 10:54:23 Searching in path 'Z:\\u25a0QC\u30c7\u30fc\u30bf\u30b7\u30fc\u30c8\\u30db\u30c8\u30ea\u30bd\u30b0\u30e9\u30d5\u30a3' with pattern '*PIX\u819c\u539a*.xls*'
2025-08-13 10:54:24,178 - INFO - 2025-08-13 10:54:24 Found latest source file: QC-E-016-R05\u3000PIX\u819c\u539a.xlsx
2025-08-13 10:54:32,377 - INFO - 2025-08-13 10:54:32 File copied successfully -> ..\DataFile\025_PIX\QC-E-016-R05\u3000PIX\u819c\u539a.xlsx
2025-08-13 10:54:32,378 - INFO - 2025-08-13 10:54:32 --- Start processing file: QC-E-016-R05\u3000PIX\u819c\u539a.xlsx ---
2025-08-13 10:56:59,173 - INFO - 2025-08-13 10:56:59 --- Start processing config file: 025_PIX.ini ---
2025-08-13 10:56:59,181 - INFO - 2025-08-13 10:56:59 CSV output for this config will be: C:\Users\hsi67063\Box\00-home-pigo.hsiao\TEMP\XML\PIX_PIX_Thickness_2025_08_13T10.56.59.csv
2025-08-13 10:56:59,183 - INFO - 2025-08-13 10:56:59 Searching in path 'Z:\\u25a0QC\u30c7\u30fc\u30bf\u30b7\u30fc\u30c8\\u30db\u30c8\u30ea\u30bd\u30b0\u30e9\u30d5\u30a3' with pattern '*PIX\u819c\u539a*.xls*'
2025-08-13 10:56:59,400 - INFO - 2025-08-13 10:56:59 Found latest source file: QC-E-016-R05\u3000PIX\u819c\u539a.xlsx
2025-08-13 10:57:10,954 - INFO - 2025-08-13 10:57:10 File copied successfully -> ..\DataFile\025_PIX\QC-E-016-R05\u3000PIX\u819c\u539a.xlsx
2025-08-13 10:57:10,955 - INFO - 2025-08-13 10:57:10 --- Start processing file: QC-E-016-R05\u3000PIX\u819c\u539a.xlsx ---
2025-08-13 10:57:42,753 - INFO - 2025-08-13 10:57:42 Step 1: Successfully read main sheet '\u2605\u30c7\u30fc\u30bf', 20160 rows loaded.
2025-08-13 10:57:42,754 - INFO - 2025-08-13 10:57:42 No XY coordinate sheet setting detected. Processing in CVD mode.
2025-08-13 10:57:42,818 - INFO - 2025-08-13 10:57:42 Step 2: Initial filtering (date, serial number) complete. 439 rows remaining.
2025-08-13 10:57:42,818 - INFO - 2025-08-13 10:57:42 Step 3: Starting database query...
2025-08-13 11:03:51,265 - INFO - 2025-08-13 11:03:51 Database query and filtering complete. 332 valid rows remaining.
2025-08-13 11:03:51,358 - INFO - 2025-08-13 11:03:51 Database connection closed.
2025-08-13 11:03:51,359 - INFO - 2025-08-13 11:03:51 Step 4: Starting data transformation and calculation...
2025-08-13 11:03:51,600 - INFO - 2025-08-13 11:03:51 Date and SORTED field calculations complete.
2025-08-13 11:03:51,603 - INFO - 2025-08-13 11:03:51 Using fixed tool name from INI: 'Nanospec'
2025-08-13 11:03:51,603 - INFO - 2025-08-13 11:03:51 Step 5: Appending additional info (Operation, ToolName, XY coords, etc.) complete.
2025-08-13 11:03:51,604 - INFO - 2025-08-13 11:03:51 Step 6: Dynamic CSV columns and order generated.
2025-08-13 11:03:51,607 - INFO - 2025-08-13 11:03:51 Step 7: Preparing to write 332 rows to CSV...
2025-08-13 11:03:51,607 - INFO - 2025-08-13 11:03:51 Executing function write_to_csv...
2025-08-13 11:03:51,653 - INFO - 2025-08-13 11:03:51 Function write_to_csv executed successfully.
2025-08-13 11:04:14,970 - INFO - 2025-08-13 11:04:14 Step 8: Updating next start row to 20201
2025-08-13 11:04:14,975 - ERROR - 2025-08-13 11:04:14 Failed to backup running_rec file: [Errno 2] No such file or directory: 'T:/04_\u30d7\u30ed\u30bb\u30b9\u95a2\u4fc2/10_\u5171\u901a/91_KAIZEN-TDS/01_\u958b\u767a/025_PIX/13_ProgramUsedFile/PIX_StartRow.txt'
2025-08-13 11:04:14,976 - INFO - 2025-08-13 11:04:14 --- Function process_excel_file executed successfully ---
2025-08-13 11:04:14,981 - INFO - 2025-08-13 11:04:14 --- Generating pointer XML for 025_PIX.ini ---
2025-08-13 11:04:14,981 - INFO - 2025-08-13 11:04:14 Executing function generate_pointer_xml...
2025-08-13 11:04:15,111 - INFO - 2025-08-13 11:04:15 Pointer XML generated successfully at: C:/Users/hsi67063/Box/00-home-pigo.hsiao/TEMP/XML/Site=350,ProductFamily=SAG FAB,Operation=PIX_PIX_Thickness,Partnumber=UNKNOWPN,Serialnumber=PIX_PIX_Thickness_2025_08_13T10.56.59,Testdate=2025-08-13T11.04.14.xml
2025-08-13 11:04:15,111 - INFO - 2025-08-13 11:04:15 --- Finished processing config file: 025_PIX.ini ---
2025-08-13 11:04:15,112 - INFO - 2025-08-13 11:04:15 ===== Universal Script End =====
