2025-10-07 14:18:19,366 - INFO - 2025-10-07 14:18:19 --- Start processing config file: Config_GRATING_CVD_Duty.ini ---
2025-10-07 14:18:19,371 - INFO - 2025-10-07 14:18:19 CSV output for this config will be: C:\Users\hsi67063\Box\00-home-pigo.hsiao\TEMP\XML\GRATING_CVD_Duty_2025_10_07T14.18.19.csv
2025-10-07 14:18:19,373 - INFO - 2025-10-07 14:18:19 Searching in path 'Z:\\u25a0QC\u30c7\u30fc\u30bf\u30b7\u30fc\u30c8\\u30c9\u30e9\u30a4\u30a8\u30c3\u30c1' with pattern '*SiO2\u56de\u6298\u683c\u5b50\uff8f\uff7d\uff78\u54c1\u8cea*.xlsx'
2025-10-07 14:18:19,400 - INFO - 2025-10-07 14:18:19 Found latest source file: QC-D-004-R05\u3000SiO2\u56de\u6298\u683c\u5b50\uff8f\uff7d\uff78\u54c1\u8cea.xlsx
2025-10-07 14:18:21,233 - INFO - 2025-10-07 14:18:21 File copied successfully -> ..\DataFile\001_GRATING\QC-D-004-R05\u3000SiO2\u56de\u6298\u683c\u5b50\uff8f\uff7d\uff78\u54c1\u8cea.xlsx
2025-10-07 14:18:21,234 - INFO - 2025-10-07 14:18:21 --- Start processing file: QC-D-004-R05\u3000SiO2\u56de\u6298\u683c\u5b50\uff8f\uff7d\uff78\u54c1\u8cea.xlsx ---
2025-10-07 14:18:44,652 - INFO - 2025-10-07 14:18:44 Step 1: Successfully read main sheet '004', 5706 rows loaded.
2025-10-07 14:18:44,652 - INFO - 2025-10-07 14:18:44 ICP/Dry mode detected. Reading XY coordinate sheet: '\u30a6\u30a7\u30cf\u5ea7\u6a19'
2025-10-07 14:18:53,259 - INFO - 2025-10-07 14:18:53 XY coordinate data parsed.
2025-10-07 14:18:53,270 - INFO - 2025-10-07 14:18:53 Step 2: Initial filtering (date, serial number) complete. 140 rows remaining.
2025-10-07 14:18:53,271 - INFO - 2025-10-07 14:18:53 Step 3: Starting database query...
2025-10-07 14:20:57,304 - INFO - 2025-10-07 14:20:57 Database query and filtering complete. 135 valid rows remaining.
2025-10-07 14:20:57,313 - INFO - 2025-10-07 14:20:57 Database connection closed.
2025-10-07 14:20:57,314 - INFO - 2025-10-07 14:20:57 Step 4: Starting data transformation and calculation...
2025-10-07 14:20:57,693 - INFO - 2025-10-07 14:20:57 Using fixed tool name from INI: 'CVD'
2025-10-07 14:20:57,700 - INFO - 2025-10-07 14:20:57 Step 5: Appending additional info (Operation, ToolName, XY coords, etc.) complete.
2025-10-07 14:20:57,700 - INFO - 2025-10-07 14:20:57 Step 6: Dynamic CSV columns and order generated.
2025-10-07 14:20:57,703 - INFO - 2025-10-07 14:20:57 Step 7: Preparing to write 135 rows to CSV...
2025-10-07 14:20:57,704 - INFO - 2025-10-07 14:20:57 Executing function write_to_csv...
2025-10-07 14:20:57,756 - INFO - 2025-10-07 14:20:57 Function write_to_csv executed successfully.
2025-10-07 14:21:28,583 - INFO - 2025-10-07 14:21:28 Step 8: Updating next start row to 5747
2025-10-07 14:21:28,583 - INFO - 2025-10-07 14:21:28 --- Function process_excel_file executed successfully ---
2025-10-07 14:21:28,585 - INFO - 2025-10-07 14:21:28 --- Generating pointer XML for Config_GRATING_CVD_Duty.ini ---
2025-10-07 14:21:28,585 - INFO - 2025-10-07 14:21:28 Executing function generate_pointer_xml...
2025-10-07 14:21:28,637 - INFO - 2025-10-07 14:21:28 Pointer XML generated successfully at: C:/Users/hsi67063/Box/00-home-pigo.hsiao/TEMP/XML/Site=350,ProductFamily=SAG FAB,Operation=GRATING_CVD_Duty,Partnumber=UNKNOWPN,Serialnumber=GRATING_CVD_Duty_2025_10_07T14.18.19,Testdate=2025-10-07T14.21.28.xml
2025-10-07 14:21:28,638 - INFO - 2025-10-07 14:21:28 --- Finished processing config file: Config_GRATING_CVD_Duty.ini ---
2025-10-07 14:21:28,638 - INFO - 2025-10-07 14:21:28 ===== Universal Script End =====
