2025-10-07 14:15:13,134 - INFO - 2025-10-07 14:15:13 --- Start processing config file: Config_GRATING_Crystal_Duty.ini ---
2025-10-07 14:15:13,143 - INFO - 2025-10-07 14:15:13 CSV output for this config will be: C:\Users\hsi67063\Box\00-home-pigo.hsiao\TEMP\XML\GRATING_Crystal_Duty_2025_10_07T14.15.13.csv
2025-10-07 14:15:13,149 - INFO - 2025-10-07 14:15:13 Searching in path 'Z:\\u25a0QC\u30c7\u30fc\u30bf\u30b7\u30fc\u30c8\\u30c9\u30e9\u30a4\u30a8\u30c3\u30c1' with pattern '*SiO2\u56de\u6298\u683c\u5b50\uff8f\uff7d\uff78\u54c1\u8cea*.xlsx'
2025-10-07 14:15:13,227 - INFO - 2025-10-07 14:15:13 Found latest source file: QC-D-004-R05\u3000SiO2\u56de\u6298\u683c\u5b50\uff8f\uff7d\uff78\u54c1\u8cea.xlsx
2025-10-07 14:15:16,059 - INFO - 2025-10-07 14:15:16 File copied successfully -> ..\DataFile\001_GRATING\QC-D-004-R05\u3000SiO2\u56de\u6298\u683c\u5b50\uff8f\uff7d\uff78\u54c1\u8cea.xlsx
2025-10-07 14:15:16,059 - INFO - 2025-10-07 14:15:16 --- Start processing file: QC-D-004-R05\u3000SiO2\u56de\u6298\u683c\u5b50\uff8f\uff7d\uff78\u54c1\u8cea.xlsx ---
2025-10-07 14:15:40,793 - INFO - 2025-10-07 14:15:40 Step 1: Successfully read main sheet '004', 5706 rows loaded.
2025-10-07 14:15:40,794 - INFO - 2025-10-07 14:15:40 ICP/Dry mode detected. Reading XY coordinate sheet: '\u30a6\u30a7\u30cf\u5ea7\u6a19'
2025-10-07 14:15:49,359 - INFO - 2025-10-07 14:15:49 XY coordinate data parsed.
2025-10-07 14:15:49,367 - INFO - 2025-10-07 14:15:49 Step 2: Initial filtering (date, serial number) complete. 137 rows remaining.
2025-10-07 14:15:49,367 - INFO - 2025-10-07 14:15:49 Step 3: Starting database query...
2025-10-07 14:17:54,487 - INFO - 2025-10-07 14:17:54 Database query and filtering complete. 132 valid rows remaining.
2025-10-07 14:17:54,497 - INFO - 2025-10-07 14:17:54 Database connection closed.
2025-10-07 14:17:54,498 - INFO - 2025-10-07 14:17:54 Step 4: Starting data transformation and calculation...
2025-10-07 14:17:54,790 - INFO - 2025-10-07 14:17:54 Using fixed tool name from INI: 'CVD'
2025-10-07 14:17:54,792 - INFO - 2025-10-07 14:17:54 Step 5: Appending additional info (Operation, ToolName, XY coords, etc.) complete.
2025-10-07 14:17:54,792 - INFO - 2025-10-07 14:17:54 Step 6: Dynamic CSV columns and order generated.
2025-10-07 14:17:54,794 - INFO - 2025-10-07 14:17:54 Step 7: Preparing to write 132 rows to CSV...
2025-10-07 14:17:54,794 - INFO - 2025-10-07 14:17:54 Executing function write_to_csv...
2025-10-07 14:17:54,836 - INFO - 2025-10-07 14:17:54 Function write_to_csv executed successfully.
2025-10-07 14:18:19,216 - INFO - 2025-10-07 14:18:19 Step 8: Updating next start row to 5747
2025-10-07 14:18:19,216 - INFO - 2025-10-07 14:18:19 --- Function process_excel_file executed successfully ---
2025-10-07 14:18:19,218 - INFO - 2025-10-07 14:18:19 --- Generating pointer XML for Config_GRATING_Crystal_Duty.ini ---
2025-10-07 14:18:19,218 - INFO - 2025-10-07 14:18:19 Executing function generate_pointer_xml...
2025-10-07 14:18:19,332 - INFO - 2025-10-07 14:18:19 Pointer XML generated successfully at: C:/Users/hsi67063/Box/00-home-pigo.hsiao/TEMP/XML/Site=350,ProductFamily=SAG FAB,Operation=GRATING_Crystal_Duty,Partnumber=UNKNOWPN,Serialnumber=GRATING_Crystal_Duty_2025_10_07T14.15.13,Testdate=2025-10-07T14.18.19.xml
2025-10-07 14:18:19,332 - INFO - 2025-10-07 14:18:19 --- Finished processing config file: Config_GRATING_Crystal_Duty.ini ---
