2025-10-07 14:23:38,559 - INFO - 2025-10-07 14:23:38 --- Start processing config file: MESA_CVD_WIDTH.ini ---
2025-10-07 14:23:38,562 - INFO - 2025-10-07 14:23:38 CSV output for this config will be: C:\Users\hsi67063\Box\00-home-pigo.hsiao\TEMP\XML\MESA_CVD_Width_2025_10_07T14.23.38.csv
2025-10-07 14:23:38,565 - INFO - 2025-10-07 14:23:38 Searching in path 'Z:\\u25a0QC\u30c7\u30fc\u30bf\u30b7\u30fc\u30c8\\u30c9\u30e9\u30a4\u30a8\u30c3\u30c1' with pattern '*\u30c9\u30e9\u30a4\u51e6\u7406\u5f8cSiO2\u5bf8\u6cd5*.xlsx'
2025-10-07 14:23:38,655 - INFO - 2025-10-07 14:23:38 Found latest source file: QC-K-002-R13\u3000\u30c9\u30e9\u30a4\u51e6\u7406\u5f8cSiO2\u5bf8\u6cd5.xlsx
2025-10-07 14:23:40,291 - INFO - 2025-10-07 14:23:40 File copied successfully -> ..\DataFile\002_MESA_CVD\QC-K-002-R13\u3000\u30c9\u30e9\u30a4\u51e6\u7406\u5f8cSiO2\u5bf8\u6cd5.xlsx
2025-10-07 14:23:40,292 - INFO - 2025-10-07 14:23:40 --- Start processing file: QC-K-002-R13\u3000\u30c9\u30e9\u30a4\u51e6\u7406\u5f8cSiO2\u5bf8\u6cd5.xlsx ---
2025-10-07 14:24:11,383 - INFO - 2025-10-07 14:24:11 Step 1: Successfully read main sheet '\u30c7\u30fc\u30bf', 8765 rows loaded.
2025-10-07 14:24:11,383 - INFO - 2025-10-07 14:24:11 ICP/Dry mode detected. Reading XY coordinate sheet: '\u30a6\u30a7\u30cf\u5ea7\u6a19'
2025-10-07 14:24:11,795 - INFO - 2025-10-07 14:24:11 XY coordinate data parsed.
2025-10-07 14:24:11,811 - INFO - 2025-10-07 14:24:11 Step 2: Initial filtering (date, serial number) complete. 153 rows remaining.
2025-10-07 14:24:11,811 - INFO - 2025-10-07 14:24:11 Step 3: Starting database query...
2025-10-07 14:26:52,376 - INFO - 2025-10-07 14:26:52 Database query and filtering complete. 123 valid rows remaining.
2025-10-07 14:26:52,388 - INFO - 2025-10-07 14:26:52 Database connection closed.
2025-10-07 14:26:52,388 - INFO - 2025-10-07 14:26:52 Step 4: Starting data transformation and calculation...
2025-10-07 14:26:52,529 - INFO - 2025-10-07 14:26:52 Calculating STARTTIME_SORTED and SORTNUMBER as requested by INI file.
2025-10-07 14:26:52,535 - INFO - 2025-10-07 14:26:52 Using fixed tool name from INI: 'None'
2025-10-07 14:26:52,538 - INFO - 2025-10-07 14:26:52 Step 5: Appending additional info (Operation, ToolName, XY coords, etc.) complete.
2025-10-07 14:26:52,538 - INFO - 2025-10-07 14:26:52 Step 6: Dynamic CSV columns and order generated.
2025-10-07 14:26:52,541 - INFO - 2025-10-07 14:26:52 Step 7: Preparing to write 123 rows to CSV...
2025-10-07 14:26:52,542 - INFO - 2025-10-07 14:26:52 Executing function write_to_csv...
2025-10-07 14:26:52,576 - INFO - 2025-10-07 14:26:52 Function write_to_csv executed successfully.
2025-10-07 14:27:09,172 - INFO - 2025-10-07 14:27:09 Step 8: Updating next start row to 8806
2025-10-07 14:27:09,173 - INFO - 2025-10-07 14:27:09 --- Function process_excel_file executed successfully ---
2025-10-07 14:27:09,175 - INFO - 2025-10-07 14:27:09 --- Generating pointer XML for MESA_CVD_WIDTH.ini ---
2025-10-07 14:27:09,175 - INFO - 2025-10-07 14:27:09 Executing function generate_pointer_xml...
2025-10-07 14:27:09,263 - INFO - 2025-10-07 14:27:09 Pointer XML generated successfully at: C:/Users/hsi67063/Box/00-home-pigo.hsiao/TEMP/XML/Site=350,ProductFamily=SAG FAB,Operation=MESA_CVD_Width,Partnumber=UNKNOWPN,Serialnumber=MESA_CVD_Width_2025_10_07T14.23.38,Testdate=2025-10-07T14.27.09.xml
2025-10-07 14:27:09,263 - INFO - 2025-10-07 14:27:09 --- Finished processing config file: MESA_CVD_WIDTH.ini ---
2025-10-07 14:27:09,263 - INFO - 2025-10-07 14:27:09 ===== Universal Script End =====
