2025-09-22 09:49:51,388 - INFO - 2025-09-22 09:49:51 ===== Universal Script Start =====
2025-09-22 09:49:51,388 - INFO - 2025-09-22 09:49:51 Found 2 config file(s): HL13B6.ini, HL13_01.ini
2025-09-22 10:01:51,241 - INFO - 2025-09-22 10:01:51 ===== Universal Script Start =====
2025-09-22 10:01:51,241 - INFO - 2025-09-22 10:01:51 Found 2 config file(s): HL13B6.ini, HL13_01.ini
2025-09-22 10:12:09,856 - INFO - 2025-09-22 10:12:09 ===== Universal Script Start =====
2025-09-22 10:12:09,856 - INFO - 2025-09-22 10:12:09 Found 2 config file(s): HL13B6.ini, HL13_01.ini
2025-09-22 13:04:07,732 - INFO - 2025-09-22 13:04:07 ===== Universal Script Start =====
2025-09-22 13:04:07,733 - INFO - 2025-09-22 13:04:07 Found 2 config file(s): HL13B6.ini, HL13_01.ini
2025-09-22 13:37:30,722 - INFO - 2025-09-22 13:37:30 ===== Universal Script Start =====
2025-09-22 13:37:30,728 - INFO - 2025-09-22 13:37:30 Found 2 config file(s): HL13B6.ini, HL13_01.ini
2025-09-22 13:44:55,247 - INFO - 2025-09-22 13:44:55 ===== Universal Script Start =====
2025-09-22 13:44:55,249 - INFO - 2025-09-22 13:44:55 Found 2 config file(s): HL13B6.ini, HL13_01.ini
2025-09-22 13:57:34,355 - INFO - 2025-09-22 13:57:34 ===== Universal Script Start =====
2025-09-22 13:57:34,355 - INFO - 2025-09-22 13:57:34 Found 2 config file(s): HL13B6.ini, HL13_01.ini
2025-09-22 13:57:34,378 - ERROR - 2025-09-22 13:57:34 FATAL Error with INI HL13B6.ini: Traceback (most recent call last):
  File "c:\Users\hsi67063\Documents\Kaizen-TDS\024_ISO-EML\ISO-EML-Special V0.1.py", line 481, in main
    settings = _extract_settings_from_config(config)
  File "c:\Users\hsi67063\Documents\Kaizen-TDS\024_ISO-EML\ISO-EML-Special V0.1.py", line 84, in _extract_settings_from_config
    s.site = config.get('Basic_info', 'Site')
             ~~~~~~~~~~^^^^^^^^^^^^^^^^^^^^^^
  File "c:\Program Files\Python313\Lib\configparser.py", line 810, in get
    d = self._unify_values(section, vars)
  File "c:\Program Files\Python313\Lib\configparser.py", line 1188, in _unify_values
    raise NoSectionError(section) from None
configparser.NoSectionError: No section: 'Basic_info'

2025-09-22 14:05:24,148 - INFO - 2025-09-22 14:05:24 ===== Universal Script Start =====
2025-09-22 14:05:24,149 - INFO - 2025-09-22 14:05:24 Found 2 config file(s): HL13B6.ini, HL13_01.ini
2025-09-22 14:48:18,109 - INFO - 2025-09-22 14:48:18 ===== Universal Script Start =====
2025-09-22 14:48:18,110 - INFO - 2025-09-22 14:48:18 Found 2 config file(s): HL13B6.ini, HL13_01.ini
2025-09-22 17:14:19,938 - INFO - 2025-09-22 17:14:19 ===== Universal Script Start =====
2025-09-22 17:14:19,939 - INFO - 2025-09-22 17:14:19 Found 2 config file(s): HL13B6.ini, HL13_01.ini
2025-09-22 17:57:28,602 - INFO - 2025-09-22 17:57:28 ===== Universal Script Start =====
2025-09-22 17:57:28,604 - INFO - 2025-09-22 17:57:28 Found 2 config file(s): HL13B6.ini, HL13_01.ini
2025-09-22 18:04:56,205 - INFO - 2025-09-22 18:04:56 ===== Universal Script Start =====
2025-09-22 18:04:56,205 - INFO - 2025-09-22 18:04:56 Found 2 config file(s): HL13B6.ini, HL13_01.ini
2025-09-22 18:07:38,442 - INFO - 2025-09-22 18:07:38 ===== Universal Script Start =====
2025-09-22 18:07:38,443 - INFO - 2025-09-22 18:07:38 Found 2 INI: HL13B6.ini, HL13_01.ini
2025-09-22 18:19:02,138 - INFO - 2025-09-22 18:19:02 ===== Universal Script Start =====
2025-09-22 18:19:02,139 - INFO - 2025-09-22 18:19:02 Found 2 INI: HL13B6.ini, HL13_01.ini
2025-09-22 18:46:27,089 - INFO - 2025-09-22 18:46:27 ===== Universal Script Start =====
2025-09-22 18:46:27,090 - INFO - 2025-09-22 18:46:27 Found 2 INI: HL13B6.ini, HL13_01.ini
2025-09-22 18:46:27,102 - ERROR - 2025-09-22 18:46:27 FATAL INI HL13B6.ini: Traceback (most recent call last):
  File "c:\Users\hsi67063\Documents\Kaizen-TDS\024_ISO-EML\ISO-EML-Special V0.1.py", line 443, in main
    settings = _extract_settings_from_config(cfg, log_file)
TypeError: _extract_settings_from_config() takes 1 positional argument but 2 were given

2025-09-22 18:46:27,111 - ERROR - 2025-09-22 18:46:27 FATAL INI HL13_01.ini: Traceback (most recent call last):
  File "c:\Users\hsi67063\Documents\Kaizen-TDS\024_ISO-EML\ISO-EML-Special V0.1.py", line 443, in main
    settings = _extract_settings_from_config(cfg, log_file)
TypeError: _extract_settings_from_config() takes 1 positional argument but 2 were given

2025-09-22 18:46:27,112 - INFO - 2025-09-22 18:46:27 ===== Universal Script End =====
2025-09-22 19:12:49,149 - INFO - 2025-09-22 19:12:49 ===== Universal Script Start =====
2025-09-22 19:12:49,150 - INFO - 2025-09-22 19:12:49 Found 2 INI: HL13B6.ini, HL13_01.ini
2025-09-22 19:14:11,427 - INFO - 2025-09-22 19:14:11 ===== Universal Script Start =====
2025-09-22 19:14:11,428 - INFO - 2025-09-22 19:14:11 Found 2 INI: HL13B6.ini, HL13_01.ini
2025-09-22 19:14:11,434 - ERROR - 2025-09-22 19:14:11 FATAL INI HL13B6.ini: Traceback (most recent call last):
  File "c:\Users\hsi67063\Documents\Kaizen-TDS\024_ISO-EML\ISO-EML-Special V0.1.py", line 443, in main
    settings = _extract_settings_from_config(cfg, log_file)
TypeError: _extract_settings_from_config() takes 1 positional argument but 2 were given

2025-09-22 19:14:11,439 - ERROR - 2025-09-22 19:14:11 FATAL INI HL13_01.ini: Traceback (most recent call last):
  File "c:\Users\hsi67063\Documents\Kaizen-TDS\024_ISO-EML\ISO-EML-Special V0.1.py", line 443, in main
    settings = _extract_settings_from_config(cfg, log_file)
TypeError: _extract_settings_from_config() takes 1 positional argument but 2 were given

2025-09-22 19:14:11,439 - INFO - 2025-09-22 19:14:11 ===== Universal Script End =====
2025-09-22 19:14:37,857 - INFO - 2025-09-22 19:14:37 ===== Universal Script Start =====
2025-09-22 19:14:37,858 - INFO - 2025-09-22 19:14:37 Found 2 INI: HL13B6.ini, HL13_01.ini
2025-09-22 19:14:37,867 - ERROR - 2025-09-22 19:14:37 FATAL INI HL13B6.ini: Traceback (most recent call last):
  File "c:\Users\hsi67063\Documents\Kaizen-TDS\024_ISO-EML\ISO-EML-Special V0.1.py", line 443, in main
    settings = _extract_settings_from_config(cfg, log_file)
TypeError: _extract_settings_from_config() takes 1 positional argument but 2 were given

2025-09-22 19:14:37,874 - ERROR - 2025-09-22 19:14:37 FATAL INI HL13_01.ini: Traceback (most recent call last):
  File "c:\Users\hsi67063\Documents\Kaizen-TDS\024_ISO-EML\ISO-EML-Special V0.1.py", line 443, in main
    settings = _extract_settings_from_config(cfg, log_file)
TypeError: _extract_settings_from_config() takes 1 positional argument but 2 were given

2025-09-22 19:14:37,874 - INFO - 2025-09-22 19:14:37 ===== Universal Script End =====
2025-09-22 19:14:46,168 - INFO - 2025-09-22 19:14:46 ===== Universal Script Start =====
2025-09-22 19:14:46,168 - INFO - 2025-09-22 19:14:46 Found 2 INI: HL13B6.ini, HL13_01.ini
2025-09-22 19:14:46,175 - ERROR - 2025-09-22 19:14:46 FATAL INI HL13B6.ini: Traceback (most recent call last):
  File "c:\Users\hsi67063\Documents\Kaizen-TDS\024_ISO-EML\ISO-EML-Special V0.1.py", line 443, in main
    settings = _extract_settings_from_config(cfg, log_file)
TypeError: _extract_settings_from_config() takes 1 positional argument but 2 were given

2025-09-22 19:14:46,180 - ERROR - 2025-09-22 19:14:46 FATAL INI HL13_01.ini: Traceback (most recent call last):
  File "c:\Users\hsi67063\Documents\Kaizen-TDS\024_ISO-EML\ISO-EML-Special V0.1.py", line 443, in main
    settings = _extract_settings_from_config(cfg, log_file)
TypeError: _extract_settings_from_config() takes 1 positional argument but 2 were given

2025-09-22 19:14:46,180 - INFO - 2025-09-22 19:14:46 ===== Universal Script End =====
2025-09-22 19:14:55,140 - INFO - 2025-09-22 19:14:55 ===== Universal Script Start =====
2025-09-22 19:14:55,141 - INFO - 2025-09-22 19:14:55 Found 2 INI: HL13B6.ini, HL13_01.ini
2025-09-22 19:14:55,148 - ERROR - 2025-09-22 19:14:55 FATAL INI HL13B6.ini: Traceback (most recent call last):
  File "c:\Users\hsi67063\Documents\Kaizen-TDS\024_ISO-EML\ISO-EML-Special V0.1.py", line 443, in main
    settings = _extract_settings_from_config(cfg, log_file)
TypeError: _extract_settings_from_config() takes 1 positional argument but 2 were given

2025-09-22 19:14:55,152 - ERROR - 2025-09-22 19:14:55 FATAL INI HL13_01.ini: Traceback (most recent call last):
  File "c:\Users\hsi67063\Documents\Kaizen-TDS\024_ISO-EML\ISO-EML-Special V0.1.py", line 443, in main
    settings = _extract_settings_from_config(cfg, log_file)
TypeError: _extract_settings_from_config() takes 1 positional argument but 2 were given

2025-09-22 19:14:55,153 - INFO - 2025-09-22 19:14:55 ===== Universal Script End =====
2025-09-22 19:15:52,733 - INFO - 2025-09-22 19:15:52 ===== Universal Script Start =====
2025-09-22 19:15:52,734 - INFO - 2025-09-22 19:15:52 Found 2 INI: HL13B6.ini, HL13_01.ini
2025-09-22 19:16:14,402 - INFO - 2025-09-22 19:16:14 ===== Universal Script Start =====
2025-09-22 19:16:14,404 - INFO - 2025-09-22 19:16:14 Found 2 INI: HL13B6.ini, HL13_01.ini
2025-09-22 19:19:12,650 - INFO - 2025-09-22 19:19:12 ===== Universal Script Start =====
2025-09-22 19:19:12,651 - INFO - 2025-09-22 19:19:12 Found 2 INI: HL13B6.ini, HL13_01.ini
2025-09-22 19:21:08,135 - INFO - 2025-09-22 19:21:08 ===== Universal Script Start =====
2025-09-22 19:21:08,136 - INFO - 2025-09-22 19:21:08 Found 2 INI: HL13B6.ini, HL13_01.ini
2025-09-22 19:33:32,002 - INFO - 2025-09-22 19:33:32 ===== Universal Script Start =====
2025-09-22 19:33:32,003 - INFO - 2025-09-22 19:33:32 Found 2 INI: HL13B6.ini, HL13_01.ini
2025-09-22 19:58:05,266 - INFO - 2025-09-22 19:58:05 ===== Universal Script Start =====
2025-09-22 19:58:05,267 - INFO - 2025-09-22 19:58:05 Found 2 INI: HL13B6.ini, HL13_01.ini
2025-09-22 20:00:48,999 - INFO - 2025-09-22 20:00:48 ===== Universal Script Start =====
2025-09-22 20:00:48,999 - INFO - 2025-09-22 20:00:48 Found 2 INI: HL13B6.ini, HL13_01.ini
2025-09-22 20:01:35,644 - INFO - 2025-09-22 20:01:35 ===== Universal Script Start =====
2025-09-22 20:01:35,645 - INFO - 2025-09-22 20:01:35 Found 2 INI: HL13B6.ini, HL13_01.ini
2025-09-22 20:02:45,687 - INFO - 2025-09-22 20:02:45 ===== Universal Script Start =====
2025-09-22 20:02:45,688 - INFO - 2025-09-22 20:02:45 Found 2 INI: HL13B6.ini, HL13_01.ini
2025-09-22 20:05:36,666 - INFO - 2025-09-22 20:05:36 ===== Universal Script Start =====
2025-09-22 20:05:36,667 - INFO - 2025-09-22 20:05:36 Found 2 INI: HL13B6.ini, HL13_01.ini
2025-09-22 20:07:50,188 - INFO - 2025-09-22 20:07:50 ===== Universal Script Start =====
2025-09-22 20:07:50,189 - INFO - 2025-09-22 20:07:50 Found 2 INI: HL13B6.ini, HL13_01.ini
2025-09-22 20:11:45,513 - INFO - 2025-09-22 20:11:45 ===== Universal Script Start =====
2025-09-22 20:11:45,514 - INFO - 2025-09-22 20:11:45 Found 2 INI: HL13B6.ini, HL13_01.ini
2025-09-22 20:18:32,687 - INFO - 2025-09-22 20:18:32 ===== Universal Script Start =====
2025-09-22 20:18:32,688 - INFO - 2025-09-22 20:18:32 Found 2 INI: HL13B6.ini, HL13_01.ini
2025-09-22 20:19:03,306 - INFO - 2025-09-22 20:19:03 ===== Universal Script Start =====
2025-09-22 20:19:03,307 - INFO - 2025-09-22 20:19:03 Found 2 INI: HL13B6.ini, HL13_01.ini
2025-09-22 20:19:52,857 - INFO - 2025-09-22 20:19:52 ===== Universal Script Start =====
2025-09-22 20:19:52,859 - INFO - 2025-09-22 20:19:52 Found 2 INI: HL13B6.ini, HL13_01.ini
2025-09-22 20:20:39,043 - INFO - 2025-09-22 20:20:39 ===== Universal Script Start =====
2025-09-22 20:20:39,044 - INFO - 2025-09-22 20:20:39 Found 2 INI: HL13B6.ini, HL13_01.ini
2025-09-22 20:22:14,081 - INFO - 2025-09-22 20:22:14 ===== Universal Script Start =====
2025-09-22 20:22:14,083 - INFO - 2025-09-22 20:22:14 Found 2 INI: HL13B6.ini, HL13_01.ini
2025-09-22 20:23:03,171 - INFO - 2025-09-22 20:23:03 ===== Universal Script Start =====
2025-09-22 20:23:03,173 - INFO - 2025-09-22 20:23:03 Found 2 INI: HL13B6.ini, HL13_01.ini
2025-09-22 20:24:04,767 - INFO - 2025-09-22 20:24:04 ===== Universal Script Start =====
2025-09-22 20:24:04,768 - INFO - 2025-09-22 20:24:04 Found 2 INI: HL13B6.ini, HL13_01.ini
