2025-08-14 09:14:17,224 - INFO - 2025-08-14 09:14:17 ===== Universal Script Start =====
2025-08-14 09:14:17,224 - INFO - 2025-08-14 09:14:17 Found 1 config file(s): GRATING_EB-Duty.ini
2025-08-14 09:15:47,880 - INFO - 2025-08-14 09:15:47 ===== Universal Script End =====
2025-08-14 09:18:58,709 - INFO - 2025-08-14 09:18:58 ===== Universal Script Start =====
2025-08-14 09:18:58,709 - INFO - 2025-08-14 09:18:58 Found 1 config file(s): GRATING_EB-Duty.ini
2025-08-14 09:21:50,187 - INFO - 2025-08-14 09:21:50 ===== Universal Script Start =====
2025-08-14 09:21:50,189 - INFO - 2025-08-14 09:21:50 Found 1 config file(s): GRATING_EB-Duty.ini
2025-08-14 09:58:58,477 - INFO - 2025-08-14 09:58:58 ===== Universal Script Start =====
2025-08-14 09:58:58,478 - INFO - 2025-08-14 09:58:58 Found 1 config file(s): GRATING_EB-Duty.ini
2025-08-14 10:09:06,077 - INFO - 2025-08-14 10:09:06 ===== Universal Script Start =====
2025-08-14 10:09:06,079 - INFO - 2025-08-14 10:09:06 Found 1 config file(s): GRATING_EB-Duty.ini
2025-08-14 10:13:04,881 - INFO - 2025-08-14 10:13:04 ===== Universal Script Start =====
2025-08-14 10:13:04,881 - INFO - 2025-08-14 10:13:04 Found 1 config file(s): GRATING_EB-Duty.ini
2025-08-14 10:15:03,267 - INFO - 2025-08-14 10:15:03 ===== Universal Script Start =====
2025-08-14 10:15:03,270 - INFO - 2025-08-14 10:15:03 Found 1 config file(s): GRATING_EB-Duty.ini
2025-08-14 10:16:06,862 - INFO - 2025-08-14 10:16:06 ===== Universal Script Start =====
2025-08-14 10:16:06,864 - INFO - 2025-08-14 10:16:06 Found 1 config file(s): GRATING_EB-Duty.ini
2025-08-14 10:20:32,966 - INFO - 2025-08-14 10:20:32 ===== Universal Script End =====
2025-08-14 10:27:31,724 - INFO - 2025-08-14 10:27:31 ===== Universal Script Start =====
2025-08-14 10:27:31,725 - INFO - 2025-08-14 10:27:31 Found 1 config file(s): GRATING_EB-Duty.ini
2025-08-14 10:33:55,650 - INFO - 2025-08-14 10:33:55 ===== Universal Script End =====
2025-08-14 10:52:08,548 - INFO - 2025-08-14 10:52:08 ===== Universal Script Start =====
2025-08-14 10:52:08,548 - INFO - 2025-08-14 10:52:08 Found 1 config file(s): GRATING_EB-Duty.ini
2025-08-14 10:54:40,355 - INFO - 2025-08-14 10:54:40 ===== Universal Script End =====
2025-08-14 10:56:39,049 - INFO - 2025-08-14 10:56:39 ===== Universal Script Start =====
2025-08-14 10:56:39,050 - INFO - 2025-08-14 10:56:39 Found 1 config file(s): GRATING_EB-Duty.ini
2025-08-14 11:04:01,279 - INFO - 2025-08-14 11:04:01 ===== Universal Script End =====
2025-08-14 13:17:26,871 - INFO - 2025-08-14 13:17:26 ===== Universal Script Start =====
2025-08-14 13:17:26,872 - INFO - 2025-08-14 13:17:26 Found 7 config file(s): BJ2_Crystal_Depth_Dry1_HL13B6.ini, BJ2_Crystal_Depth_Dry1_HL15B5.ini, BJ2_Crystal_Depth_Dry1_HTL13.ini, BJ2_Crystal_Depth_Dry2_HTL13.ini, BJ2_Crystal_Depth_Dry5_HL13B6.ini, BJ2_Crystal_Depth_Dry5_HL15B5.ini, BJ2_Crystal_Depth_Dry5_HTL13.ini
2025-08-14 13:18:40,282 - INFO - 2025-08-14 13:18:40 ===== Universal Script End =====
2025-08-14 13:18:52,754 - INFO - 2025-08-14 13:18:52 ===== Universal Script Start =====
2025-08-14 13:18:52,756 - INFO - 2025-08-14 13:18:52 Found 7 config file(s): BJ2_Crystal_Depth_Dry1_HL13B6.ini, BJ2_Crystal_Depth_Dry1_HL15B5.ini, BJ2_Crystal_Depth_Dry1_HTL13.ini, BJ2_Crystal_Depth_Dry2_HTL13.ini, BJ2_Crystal_Depth_Dry5_HL13B6.ini, BJ2_Crystal_Depth_Dry5_HL15B5.ini, BJ2_Crystal_Depth_Dry5_HTL13.ini
2025-08-14 14:34:31,492 - INFO - 2025-08-14 14:34:31 ===== Universal Script Start =====
2025-08-14 14:34:31,493 - INFO - 2025-08-14 14:34:31 Found 6 config file(s): GRATING_CVD_EtchingRate_Dry3_100nm.ini, GRATING_CVD_EtchingRate_Dry3_45nm.ini, GRATING_CVD_EtchingRate_Dry3_55nm.ini, GRATING_CVD_EtchingRate_Dry6_100nm.ini, GRATING_CVD_EtchingRate_Dry6_45nm.ini, GRATING_CVD_EtchingRate_Dry8_45nm.ini
2025-08-14 15:07:49,425 - INFO - 2025-08-14 15:07:49 ===== Universal Script Start =====
2025-08-14 15:07:49,426 - INFO - 2025-08-14 15:07:49 Found 6 config file(s): GRATING_CVD_EtchingRate_Dry3_100nm.ini, GRATING_CVD_EtchingRate_Dry3_45nm.ini, GRATING_CVD_EtchingRate_Dry3_55nm.ini, GRATING_CVD_EtchingRate_Dry6_100nm.ini, GRATING_CVD_EtchingRate_Dry6_45nm.ini, GRATING_CVD_EtchingRate_Dry8_45nm.ini
