2025-11-12 13:41:34,662 - INFO - 2025-11-12 13:41:34 --- Start processing config file: HTL13B2_etc_StartRow_PPW.ini ---
2025-11-12 13:41:34,671 - INFO - 2025-11-12 13:41:34 CSV output for this config will be: C:\Users\hsi67063\Box\00-home-pigo.hsiao\TEMP\XML\N-electrode_EML_LiftOffPhotoPattern_Width_HTL13B2_etc_StartRow_PPW_2025_11_12T13.41.34.csv
2025-11-12 13:41:34,672 - INFO - 2025-11-12 13:41:34 Searching in path 'Z:\\u25a0QC\u30c7\u30fc\u30bf\u30b7\u30fc\u30c8\\u96fb\u6975\u30fb\u7814\u78e8\ ; Excel \u4f86\u6e90\u8def\u5f91' with pattern '*N\u96fb\u6975\u5bf8\u6cd5\u6e2c\u5b9a\uff83\uff9e\uff70\uff80\uff7c\uff70\uff84*.xlsx'
2025-11-12 13:41:34,682 - INFO - 2025-11-12 13:41:34 No matching source files found for this configuration.
2025-11-12 13:41:34,689 - INFO - 2025-11-12 13:41:34 --- Finished processing config file: HTL13B2_etc_StartRow_PPW.ini ---
2025-11-12 13:41:34,690 - INFO - 2025-11-12 13:41:34 ===== Universal Script End =====
2025-11-12 13:42:18,193 - INFO - 2025-11-12 13:42:18 --- Start processing config file: HTL13B2_etc_StartRow_PPW.ini ---
2025-11-12 13:42:18,196 - INFO - 2025-11-12 13:42:18 CSV output for this config will be: C:\Users\hsi67063\Box\00-home-pigo.hsiao\TEMP\XML\N-electrode_EML_LiftOffPhotoPattern_Width_HTL13B2_etc_StartRow_PPW_2025_11_12T13.42.18.csv
2025-11-12 13:42:18,197 - INFO - 2025-11-12 13:42:18 Searching in path 'Z:\\u25a0QC\u30c7\u30fc\u30bf\u30b7\u30fc\u30c8\\u96fb\u6975\u30fb\u7814\u78e8' with pattern '*N\u96fb\u6975\u5bf8\u6cd5\u6e2c\u5b9a\uff83\uff9e\uff70\uff80\uff7c\uff70\uff84*.xlsx'
2025-11-12 13:42:18,248 - INFO - 2025-11-12 13:42:18 Found latest source file: QC-K-022-R08\u3000N\u96fb\u6975\u5bf8\u6cd5\u6e2c\u5b9a\uff83\uff9e\uff70\uff80\uff7c\uff70\uff84.xlsx
2025-11-12 13:42:19,402 - INFO - 2025-11-12 13:42:19 File copied successfully -> ..\DataFile\035_N-electrode\QC-K-022-R08\u3000N\u96fb\u6975\u5bf8\u6cd5\u6e2c\u5b9a\uff83\uff9e\uff70\uff80\uff7c\uff70\uff84.xlsx
2025-11-12 13:42:19,403 - INFO - 2025-11-12 13:42:19 --- Start processing file: QC-K-022-R08\u3000N\u96fb\u6975\u5bf8\u6cd5\u6e2c\u5b9a\uff83\uff9e\uff70\uff80\uff7c\uff70\uff84.xlsx for sheet HTL13B2\u30fbB4\u30fbB5\u30fbB6 ---
2025-11-12 13:42:28,200 - INFO - 2025-11-12 13:42:28 Step 1: Successfully read main sheet 'HTL13B2\u30fbB4\u30fbB5\u30fbB6', 12764 rows loaded.
2025-11-12 13:42:28,200 - INFO - 2025-11-12 13:42:28 No XY coordinate sheet setting detected. Processing in CVD/PhotoPattern mode.
2025-11-12 13:42:28,230 - INFO - 2025-11-12 13:42:28 Step 3: Initial filtering (date, serial number) complete. 91 rows remaining.
2025-11-12 13:42:28,231 - INFO - 2025-11-12 13:42:28 Step 4: Starting database query and custom filtering...
2025-11-12 13:42:28,231 - INFO - 2025-11-12 13:42:28 Step 4-1: Starting main database connection for Lot/Part lookup...
2025-11-12 13:44:08,255 - INFO - 2025-11-12 13:44:08 Main Database connection closed.
2025-11-12 13:44:08,257 - INFO - 2025-11-12 13:44:08 No data left after primary database lookup and filter A. Ending process for this file.
2025-11-12 13:44:08,286 - INFO - 2025-11-12 13:44:08 --- Finished processing config file: HTL13B2_etc_StartRow_PPW.ini ---
2025-11-12 13:44:08,287 - INFO - 2025-11-12 13:44:08 ===== Universal Script End =====
2025-11-12 13:48:38,000 - INFO - 2025-11-12 13:48:37 --- Start processing config file: HTL13B2_etc_StartRow_PPW.ini ---
2025-11-12 13:48:38,004 - INFO - 2025-11-12 13:48:38 CSV output for this config will be: C:\Users\hsi67063\Box\00-home-pigo.hsiao\TEMP\XML\N-electrode_EML_LiftOffPhotoPattern_Width_HTL13B2_etc_StartRow_PPW_2025_11_12T13.48.38.csv
2025-11-12 13:48:38,005 - INFO - 2025-11-12 13:48:38 Searching in path 'Z:\\u25a0QC\u30c7\u30fc\u30bf\u30b7\u30fc\u30c8\\u96fb\u6975\u30fb\u7814\u78e8' with pattern '*N\u96fb\u6975\u5bf8\u6cd5\u6e2c\u5b9a\uff83\uff9e\uff70\uff80\uff7c\uff70\uff84*.xlsx'
2025-11-12 13:48:38,041 - INFO - 2025-11-12 13:48:38 Found latest source file: QC-K-022-R08\u3000N\u96fb\u6975\u5bf8\u6cd5\u6e2c\u5b9a\uff83\uff9e\uff70\uff80\uff7c\uff70\uff84.xlsx
2025-11-12 13:48:39,925 - INFO - 2025-11-12 13:48:39 File copied successfully -> ..\DataFile\035_N-electrode\QC-K-022-R08\u3000N\u96fb\u6975\u5bf8\u6cd5\u6e2c\u5b9a\uff83\uff9e\uff70\uff80\uff7c\uff70\uff84.xlsx
2025-11-12 13:48:39,926 - INFO - 2025-11-12 13:48:39 --- Start processing file: QC-K-022-R08\u3000N\u96fb\u6975\u5bf8\u6cd5\u6e2c\u5b9a\uff83\uff9e\uff70\uff80\uff7c\uff70\uff84.xlsx for sheet HTL13B2\u30fbB4\u30fbB5\u30fbB6 ---
2025-11-12 13:48:52,482 - INFO - 2025-11-12 13:48:52 Step 1: Successfully read main sheet 'HTL13B2\u30fbB4\u30fbB5\u30fbB6', 12764 rows loaded.
2025-11-12 13:48:52,483 - INFO - 2025-11-12 13:48:52 No XY coordinate sheet setting detected. Processing in CVD/PhotoPattern mode.
2025-11-12 13:48:52,536 - INFO - 2025-11-12 13:48:52 Step 3: Initial filtering (date, serial number) complete. 26 rows remaining.
2025-11-12 13:48:52,536 - INFO - 2025-11-12 13:48:52 Step 4: Starting database query and custom filtering...
2025-11-12 13:48:52,537 - INFO - 2025-11-12 13:48:52 Step 4-1: Starting main database connection for Lot/Part lookup...
2025-11-12 13:49:22,610 - INFO - 2025-11-12 13:49:22 Main Database connection closed.
2025-11-12 13:49:22,611 - INFO - 2025-11-12 13:49:22 No data left after primary database lookup and filter A. Ending process for this file.
2025-11-12 13:49:22,612 - INFO - 2025-11-12 13:49:22 --- Finished processing config file: HTL13B2_etc_StartRow_PPW.ini ---
2025-11-12 13:49:22,612 - INFO - 2025-11-12 13:49:22 ===== Universal Script End =====
2025-11-12 13:51:19,903 - INFO - 2025-11-12 13:51:19 --- Start processing config file: HTL13B2_etc_StartRow_PPW.ini ---
2025-11-12 13:51:19,905 - INFO - 2025-11-12 13:51:19 CSV output for this config will be: C:\Users\hsi67063\Box\00-home-pigo.hsiao\TEMP\XML\N-electrode_EML_LiftOffPhotoPattern_Width_HTL13B2_etc_StartRow_PPW_2025_11_12T13.51.19.csv
2025-11-12 13:51:19,906 - INFO - 2025-11-12 13:51:19 Searching in path 'Z:\\u25a0QC\u30c7\u30fc\u30bf\u30b7\u30fc\u30c8\\u96fb\u6975\u30fb\u7814\u78e8' with pattern '*N\u96fb\u6975\u5bf8\u6cd5\u6e2c\u5b9a\uff83\uff9e\uff70\uff80\uff7c\uff70\uff84*.xlsx'
2025-11-12 13:51:19,984 - INFO - 2025-11-12 13:51:19 Found latest source file: QC-K-022-R08\u3000N\u96fb\u6975\u5bf8\u6cd5\u6e2c\u5b9a\uff83\uff9e\uff70\uff80\uff7c\uff70\uff84.xlsx
2025-11-12 13:51:21,605 - INFO - 2025-11-12 13:51:21 File copied successfully -> ..\DataFile\035_N-electrode\QC-K-022-R08\u3000N\u96fb\u6975\u5bf8\u6cd5\u6e2c\u5b9a\uff83\uff9e\uff70\uff80\uff7c\uff70\uff84.xlsx
2025-11-12 13:51:21,606 - INFO - 2025-11-12 13:51:21 --- Start processing file: QC-K-022-R08\u3000N\u96fb\u6975\u5bf8\u6cd5\u6e2c\u5b9a\uff83\uff9e\uff70\uff80\uff7c\uff70\uff84.xlsx for sheet HTL13B2\u30fbB4\u30fbB5\u30fbB6 ---
2025-11-12 13:51:29,733 - INFO - 2025-11-12 13:51:29 Step 1: Successfully read main sheet 'HTL13B2\u30fbB4\u30fbB5\u30fbB6', 12764 rows loaded.
2025-11-12 13:51:29,734 - INFO - 2025-11-12 13:51:29 No XY coordinate sheet setting detected. Processing in CVD/PhotoPattern mode.
2025-11-12 13:51:29,759 - INFO - 2025-11-12 13:51:29 Step 3: Initial filtering (date, serial number) complete. 26 rows remaining.
2025-11-12 13:51:29,759 - INFO - 2025-11-12 13:51:29 Step 4: Starting database query and custom filtering...
2025-11-12 13:51:29,760 - INFO - 2025-11-12 13:51:29 Step 4-1: Starting main database connection for Lot/Part lookup...
2025-11-12 13:51:51,681 - INFO - 2025-11-12 13:51:51 Main Database connection closed.
2025-11-12 13:51:51,682 - INFO - 2025-11-12 13:51:51 No data left after primary database lookup and filter A. Ending process for this file.
2025-11-12 13:51:51,684 - INFO - 2025-11-12 13:51:51 --- Finished processing config file: HTL13B2_etc_StartRow_PPW.ini ---
2025-11-12 13:51:51,684 - INFO - 2025-11-12 13:51:51 ===== Universal Script End =====
2025-11-12 13:52:06,194 - INFO - 2025-11-12 13:52:06 --- Start processing config file: HTL13B2_etc_StartRow_PPW.ini ---
2025-11-12 13:52:06,197 - INFO - 2025-11-12 13:52:06 CSV output for this config will be: C:\Users\hsi67063\Box\00-home-pigo.hsiao\TEMP\XML\N-electrode_EML_LiftOffPhotoPattern_Width_HTL13B2_etc_StartRow_PPW_2025_11_12T13.52.06.csv
2025-11-12 13:52:06,198 - INFO - 2025-11-12 13:52:06 Searching in path 'Z:\\u25a0QC\u30c7\u30fc\u30bf\u30b7\u30fc\u30c8\\u96fb\u6975\u30fb\u7814\u78e8' with pattern '*N\u96fb\u6975\u5bf8\u6cd5\u6e2c\u5b9a\uff83\uff9e\uff70\uff80\uff7c\uff70\uff84*.xlsx'
2025-11-12 13:52:06,275 - INFO - 2025-11-12 13:52:06 Found latest source file: QC-K-022-R08\u3000N\u96fb\u6975\u5bf8\u6cd5\u6e2c\u5b9a\uff83\uff9e\uff70\uff80\uff7c\uff70\uff84.xlsx
2025-11-12 13:52:07,366 - INFO - 2025-11-12 13:52:07 File copied successfully -> ..\DataFile\035_N-electrode\QC-K-022-R08\u3000N\u96fb\u6975\u5bf8\u6cd5\u6e2c\u5b9a\uff83\uff9e\uff70\uff80\uff7c\uff70\uff84.xlsx
2025-11-12 13:52:07,366 - INFO - 2025-11-12 13:52:07 --- Start processing file: QC-K-022-R08\u3000N\u96fb\u6975\u5bf8\u6cd5\u6e2c\u5b9a\uff83\uff9e\uff70\uff80\uff7c\uff70\uff84.xlsx for sheet HTL13B2\u30fbB4\u30fbB5\u30fbB6 ---
2025-11-12 13:52:21,351 - INFO - 2025-11-12 13:52:21 Step 1: Successfully read main sheet 'HTL13B2\u30fbB4\u30fbB5\u30fbB6', 12764 rows loaded.
2025-11-12 13:52:21,372 - INFO - 2025-11-12 13:52:21 No XY coordinate sheet setting detected. Processing in CVD/PhotoPattern mode.
2025-11-12 13:52:21,448 - INFO - 2025-11-12 13:52:21 Step 3: Initial filtering (date, serial number) complete. 26 rows remaining.
2025-11-12 13:52:21,464 - INFO - 2025-11-12 13:52:21 Step 4: Starting database query and custom filtering...
2025-11-12 13:52:21,482 - INFO - 2025-11-12 13:52:21 Step 4-1: Starting main database connection for Lot/Part lookup...
2025-11-12 13:52:47,908 - INFO - 2025-11-12 13:52:47 Main Database connection closed.
2025-11-12 13:52:47,909 - INFO - 2025-11-12 13:52:47 No data left after primary database lookup and filter A. Ending process for this file.
2025-11-12 13:52:47,911 - INFO - 2025-11-12 13:52:47 --- Finished processing config file: HTL13B2_etc_StartRow_PPW.ini ---
2025-11-12 13:52:47,912 - INFO - 2025-11-12 13:52:47 ===== Universal Script End =====
2025-11-12 13:52:55,597 - INFO - 2025-11-12 13:52:55 --- Start processing config file: HTL13B2_etc_StartRow_PPW.ini ---
2025-11-12 13:52:55,599 - INFO - 2025-11-12 13:52:55 CSV output for this config will be: C:\Users\hsi67063\Box\00-home-pigo.hsiao\TEMP\XML\N-electrode_EML_LiftOffPhotoPattern_Width_HTL13B2_etc_StartRow_PPW_2025_11_12T13.52.55.csv
2025-11-12 13:52:55,600 - INFO - 2025-11-12 13:52:55 Searching in path 'Z:\\u25a0QC\u30c7\u30fc\u30bf\u30b7\u30fc\u30c8\\u96fb\u6975\u30fb\u7814\u78e8' with pattern '*N\u96fb\u6975\u5bf8\u6cd5\u6e2c\u5b9a\uff83\uff9e\uff70\uff80\uff7c\uff70\uff84*.xlsx'
2025-11-12 13:52:55,675 - INFO - 2025-11-12 13:52:55 Found latest source file: QC-K-022-R08\u3000N\u96fb\u6975\u5bf8\u6cd5\u6e2c\u5b9a\uff83\uff9e\uff70\uff80\uff7c\uff70\uff84.xlsx
2025-11-12 13:52:58,159 - INFO - 2025-11-12 13:52:58 File copied successfully -> ..\DataFile\035_N-electrode\QC-K-022-R08\u3000N\u96fb\u6975\u5bf8\u6cd5\u6e2c\u5b9a\uff83\uff9e\uff70\uff80\uff7c\uff70\uff84.xlsx
2025-11-12 13:52:58,160 - INFO - 2025-11-12 13:52:58 --- Start processing file: QC-K-022-R08\u3000N\u96fb\u6975\u5bf8\u6cd5\u6e2c\u5b9a\uff83\uff9e\uff70\uff80\uff7c\uff70\uff84.xlsx for sheet HTL13B2\u30fbB4\u30fbB5\u30fbB6 ---
2025-11-12 13:53:06,805 - INFO - 2025-11-12 13:53:06 Step 1: Successfully read main sheet 'HTL13B2\u30fbB4\u30fbB5\u30fbB6', 12764 rows loaded.
2025-11-12 13:53:06,806 - INFO - 2025-11-12 13:53:06 No XY coordinate sheet setting detected. Processing in CVD/PhotoPattern mode.
2025-11-12 13:53:06,833 - INFO - 2025-11-12 13:53:06 Step 3: Initial filtering (date, serial number) complete. 26 rows remaining.
2025-11-12 13:53:06,833 - INFO - 2025-11-12 13:53:06 Step 4: Starting database query and custom filtering...
2025-11-12 13:53:06,833 - INFO - 2025-11-12 13:53:06 Step 4-1: Starting main database connection for Lot/Part lookup...
2025-11-12 13:53:27,075 - INFO - 2025-11-12 13:53:27 Main Database connection closed.
2025-11-12 13:53:27,077 - INFO - 2025-11-12 13:53:27 No data left after primary database lookup and filter A. Ending process for this file.
2025-11-12 13:53:27,079 - INFO - 2025-11-12 13:53:27 --- Finished processing config file: HTL13B2_etc_StartRow_PPW.ini ---
2025-11-12 13:53:27,080 - INFO - 2025-11-12 13:53:27 ===== Universal Script End =====
2025-11-12 13:58:02,534 - INFO - 2025-11-12 13:58:02 --- Start processing config file: HTL13B2_etc_StartRow_PPW.ini ---
2025-11-12 13:58:02,536 - INFO - 2025-11-12 13:58:02 CSV output for this config will be: C:\Users\hsi67063\Box\00-home-pigo.hsiao\TEMP\XML\N-electrode_EML_LiftOffPhotoPattern_Width_HTL13B2_etc_StartRow_PPW_2025_11_12T13.58.02.csv
2025-11-12 13:58:02,537 - INFO - 2025-11-12 13:58:02 Searching in path 'Z:\\u25a0QC\u30c7\u30fc\u30bf\u30b7\u30fc\u30c8\\u96fb\u6975\u30fb\u7814\u78e8' with pattern '*N\u96fb\u6975\u5bf8\u6cd5\u6e2c\u5b9a\uff83\uff9e\uff70\uff80\uff7c\uff70\uff84*.xlsx'
2025-11-12 13:58:02,586 - INFO - 2025-11-12 13:58:02 Found latest source file: QC-K-022-R08\u3000N\u96fb\u6975\u5bf8\u6cd5\u6e2c\u5b9a\uff83\uff9e\uff70\uff80\uff7c\uff70\uff84.xlsx
2025-11-12 13:58:04,928 - INFO - 2025-11-12 13:58:04 File copied successfully -> ..\DataFile\035_N-electrode\QC-K-022-R08\u3000N\u96fb\u6975\u5bf8\u6cd5\u6e2c\u5b9a\uff83\uff9e\uff70\uff80\uff7c\uff70\uff84.xlsx
2025-11-12 13:58:04,929 - INFO - 2025-11-12 13:58:04 --- Start processing file: QC-K-022-R08\u3000N\u96fb\u6975\u5bf8\u6cd5\u6e2c\u5b9a\uff83\uff9e\uff70\uff80\uff7c\uff70\uff84.xlsx for sheet HTL13B2\u30fbB4\u30fbB5\u30fbB6 ---
2025-11-12 13:58:13,550 - INFO - 2025-11-12 13:58:13 Step 1: Successfully read main sheet 'HTL13B2\u30fbB4\u30fbB5\u30fbB6', 12764 rows loaded.
2025-11-12 13:58:13,551 - INFO - 2025-11-12 13:58:13 No XY coordinate sheet setting detected. Processing in CVD/PhotoPattern mode.
2025-11-12 13:58:13,574 - INFO - 2025-11-12 13:58:13 Step 3: Initial filtering (date, serial number) complete. 26 rows remaining.
2025-11-12 13:58:13,576 - INFO - 2025-11-12 13:58:13 Step 4: Starting database query and custom filtering...
2025-11-12 13:58:13,576 - INFO - 2025-11-12 13:58:13 Step 4-1: Starting main database connection for Lot/Part lookup...
2025-11-12 13:58:14,540 - INFO - 2025-11-12 13:58:14 [DB QUERY] serial=HL13B5-BFL, result=(None, None)
2025-11-12 13:58:15,246 - INFO - 2025-11-12 13:58:15 [DB QUERY] serial=HL13B5-BFL, result=(None, None)
2025-11-12 13:58:15,971 - INFO - 2025-11-12 13:58:15 [DB QUERY] serial=HL13B5-BFL, result=(None, None)
2025-11-12 13:58:16,665 - INFO - 2025-11-12 13:58:16 [DB QUERY] serial=HL13B5-BFL, result=(None, None)
2025-11-12 13:58:17,415 - INFO - 2025-11-12 13:58:17 [DB QUERY] serial=HL13B4-BT, result=(None, None)
2025-11-12 13:58:18,111 - INFO - 2025-11-12 13:58:18 [DB QUERY] serial=HL13B5-BFL, result=(None, None)
2025-11-12 13:58:18,801 - INFO - 2025-11-12 13:58:18 [DB QUERY] serial=HL13B5-BFL, result=(None, None)
2025-11-12 13:58:19,487 - INFO - 2025-11-12 13:58:19 [DB QUERY] serial=HL13B5-BFL, result=(None, None)
2025-11-12 13:58:20,159 - INFO - 2025-11-12 13:58:20 [DB QUERY] serial=HL13B5-BFL, result=(None, None)
2025-11-12 13:58:20,882 - INFO - 2025-11-12 13:58:20 [DB QUERY] serial=HL13B4-BT, result=(None, None)
2025-11-12 13:58:21,643 - INFO - 2025-11-12 13:58:21 [DB QUERY] serial=HL13B5-BFL, result=(None, None)
2025-11-12 13:58:22,481 - INFO - 2025-11-12 13:58:22 [DB QUERY] serial=HL13B5-BFL, result=(None, None)
2025-11-12 13:58:23,226 - INFO - 2025-11-12 13:58:23 [DB QUERY] serial=HL13B5-BFL, result=(None, None)
2025-11-12 13:58:24,083 - INFO - 2025-11-12 13:58:24 [DB QUERY] serial=HL13B5-BFL, result=(None, None)
2025-11-12 13:58:24,788 - INFO - 2025-11-12 13:58:24 [DB QUERY] serial=HL13B4-BT, result=(None, None)
2025-11-12 13:58:25,508 - INFO - 2025-11-12 13:58:25 [DB QUERY] serial=HL13B5-BFL, result=(None, None)
2025-11-12 13:58:26,190 - INFO - 2025-11-12 13:58:26 [DB QUERY] serial=HL13B5-BFL, result=(None, None)
2025-11-12 13:58:26,883 - INFO - 2025-11-12 13:58:26 [DB QUERY] serial=HL13B5-BFL, result=(None, None)
2025-11-12 13:58:27,577 - INFO - 2025-11-12 13:58:27 [DB QUERY] serial=HL13B5-BFL, result=(None, None)
2025-11-12 13:58:28,262 - INFO - 2025-11-12 13:58:28 [DB QUERY] serial=HL13B5-BFL, result=(None, None)
2025-11-12 13:58:28,988 - INFO - 2025-11-12 13:58:28 [DB QUERY] serial=HL13B5-BFL, result=(None, None)
2025-11-12 13:58:29,671 - INFO - 2025-11-12 13:58:29 [DB QUERY] serial=HL13B5-BFL, result=(None, None)
2025-11-12 13:58:30,349 - INFO - 2025-11-12 13:58:30 [DB QUERY] serial=HL13B5-BT, result=(None, None)
2025-11-12 13:58:31,026 - INFO - 2025-11-12 13:58:31 [DB QUERY] serial=HL13B5-BFL, result=(None, None)
2025-11-12 13:58:31,757 - INFO - 2025-11-12 13:58:31 [DB QUERY] serial=HL13B5-BFL, result=(None, None)
2025-11-12 13:58:32,448 - INFO - 2025-11-12 13:58:32 [DB QUERY] serial=HL13B5-BFL, result=(None, None)
2025-11-12 13:58:32,459 - INFO - 2025-11-12 13:58:32 Main Database connection closed.
2025-11-12 13:58:32,460 - INFO - 2025-11-12 13:58:32 No data left after primary database lookup and filter A. Ending process for this file.
2025-11-12 13:58:32,460 - INFO - 2025-11-12 13:58:32 --- Finished processing config file: HTL13B2_etc_StartRow_PPW.ini ---
2025-11-12 13:58:32,461 - INFO - 2025-11-12 13:58:32 ===== Universal Script End =====
2025-11-12 14:00:19,472 - INFO - 2025-11-12 14:00:19 --- Start processing config file: HTL13B2_etc_StartRow_PPW.ini ---
2025-11-12 14:00:19,476 - INFO - 2025-11-12 14:00:19 CSV output for this config will be: C:\Users\hsi67063\Box\00-home-pigo.hsiao\TEMP\XML\N-electrode_EML_LiftOffPhotoPattern_Width_HTL13B2_etc_StartRow_PPW_2025_11_12T14.00.19.csv
2025-11-12 14:00:19,477 - INFO - 2025-11-12 14:00:19 Searching in path 'Z:\\u25a0QC\u30c7\u30fc\u30bf\u30b7\u30fc\u30c8\\u96fb\u6975\u30fb\u7814\u78e8' with pattern '*N\u96fb\u6975\u5bf8\u6cd5\u6e2c\u5b9a\uff83\uff9e\uff70\uff80\uff7c\uff70\uff84*.xlsx'
2025-11-12 14:00:19,504 - INFO - 2025-11-12 14:00:19 Found latest source file: QC-K-022-R08\u3000N\u96fb\u6975\u5bf8\u6cd5\u6e2c\u5b9a\uff83\uff9e\uff70\uff80\uff7c\uff70\uff84.xlsx
2025-11-12 14:00:20,668 - INFO - 2025-11-12 14:00:20 File copied successfully -> ..\DataFile\035_N-electrode\QC-K-022-R08\u3000N\u96fb\u6975\u5bf8\u6cd5\u6e2c\u5b9a\uff83\uff9e\uff70\uff80\uff7c\uff70\uff84.xlsx
2025-11-12 14:00:20,669 - INFO - 2025-11-12 14:00:20 --- Start processing file: QC-K-022-R08\u3000N\u96fb\u6975\u5bf8\u6cd5\u6e2c\u5b9a\uff83\uff9e\uff70\uff80\uff7c\uff70\uff84.xlsx for sheet HTL13B2\u30fbB4\u30fbB5\u30fbB6 ---
2025-11-12 14:00:31,162 - INFO - 2025-11-12 14:00:31 Step 1: Successfully read main sheet 'HTL13B2\u30fbB4\u30fbB5\u30fbB6', 12764 rows loaded.
2025-11-12 14:00:31,162 - INFO - 2025-11-12 14:00:31 No XY coordinate sheet setting detected. Processing in CVD/PhotoPattern mode.
2025-11-12 14:00:31,184 - INFO - 2025-11-12 14:00:31 Step 3: Initial filtering (date, serial number) complete. 26 rows remaining.
2025-11-12 14:00:31,184 - INFO - 2025-11-12 14:00:31 Step 4: Starting database query and custom filtering...
2025-11-12 14:00:31,185 - INFO - 2025-11-12 14:00:31 Step 4-1: Starting main database connection for Lot/Part lookup...
2025-11-12 14:00:33,876 - INFO - 2025-11-12 14:00:33 [DB QUERY] serial=HL13B5-BFL, result=(None, None)
2025-11-12 14:00:34,653 - INFO - 2025-11-12 14:00:34 [DB QUERY] serial=HL13B5-BFL, result=(None, None)
2025-11-12 14:00:35,392 - INFO - 2025-11-12 14:00:35 [DB QUERY] serial=HL13B5-BFL, result=(None, None)
2025-11-12 14:00:36,071 - INFO - 2025-11-12 14:00:36 [DB QUERY] serial=HL13B5-BFL, result=(None, None)
2025-11-12 14:00:36,730 - INFO - 2025-11-12 14:00:36 [DB QUERY] serial=HL13B4-BT, result=(None, None)
2025-11-12 14:00:37,431 - INFO - 2025-11-12 14:00:37 [DB QUERY] serial=HL13B5-BFL, result=(None, None)
2025-11-12 14:00:38,089 - INFO - 2025-11-12 14:00:38 [DB QUERY] serial=HL13B5-BFL, result=(None, None)
2025-11-12 14:00:38,736 - INFO - 2025-11-12 14:00:38 [DB QUERY] serial=HL13B5-BFL, result=(None, None)
2025-11-12 14:00:39,387 - INFO - 2025-11-12 14:00:39 [DB QUERY] serial=HL13B5-BFL, result=(None, None)
2025-11-12 14:00:40,051 - INFO - 2025-11-12 14:00:40 [DB QUERY] serial=HL13B4-BT, result=(None, None)
2025-11-12 14:00:40,706 - INFO - 2025-11-12 14:00:40 [DB QUERY] serial=HL13B5-BFL, result=(None, None)
2025-11-12 14:00:41,350 - INFO - 2025-11-12 14:00:41 [DB QUERY] serial=HL13B5-BFL, result=(None, None)
2025-11-12 14:00:41,997 - INFO - 2025-11-12 14:00:41 [DB QUERY] serial=HL13B5-BFL, result=(None, None)
2025-11-12 14:00:42,646 - INFO - 2025-11-12 14:00:42 [DB QUERY] serial=HL13B5-BFL, result=(None, None)
2025-11-12 14:00:43,289 - INFO - 2025-11-12 14:00:43 [DB QUERY] serial=HL13B4-BT, result=(None, None)
2025-11-12 14:00:43,938 - INFO - 2025-11-12 14:00:43 [DB QUERY] serial=HL13B5-BFL, result=(None, None)
2025-11-12 14:00:44,586 - INFO - 2025-11-12 14:00:44 [DB QUERY] serial=HL13B5-BFL, result=(None, None)
2025-11-12 14:00:45,242 - INFO - 2025-11-12 14:00:45 [DB QUERY] serial=HL13B5-BFL, result=(None, None)
2025-11-12 14:00:45,921 - INFO - 2025-11-12 14:00:45 [DB QUERY] serial=HL13B5-BFL, result=(None, None)
2025-11-12 14:00:46,561 - INFO - 2025-11-12 14:00:46 [DB QUERY] serial=HL13B5-BFL, result=(None, None)
2025-11-12 14:00:47,206 - INFO - 2025-11-12 14:00:47 [DB QUERY] serial=HL13B5-BFL, result=(None, None)
2025-11-12 14:00:47,853 - INFO - 2025-11-12 14:00:47 [DB QUERY] serial=HL13B5-BFL, result=(None, None)
2025-11-12 14:00:48,538 - INFO - 2025-11-12 14:00:48 [DB QUERY] serial=HL13B5-BT, result=(None, None)
2025-11-12 14:00:49,220 - INFO - 2025-11-12 14:00:49 [DB QUERY] serial=HL13B5-BFL, result=(None, None)
2025-11-12 14:00:50,014 - INFO - 2025-11-12 14:00:50 [DB QUERY] serial=HL13B5-BFL, result=(None, None)
2025-11-12 14:00:50,694 - INFO - 2025-11-12 14:00:50 [DB QUERY] serial=HL13B5-BFL, result=(None, None)
2025-11-12 14:00:50,712 - INFO - 2025-11-12 14:00:50 Main Database connection closed.
2025-11-12 14:00:50,713 - INFO - 2025-11-12 14:00:50 No data left after primary database lookup and filter A. Ending process for this file.
2025-11-12 14:00:50,715 - INFO - 2025-11-12 14:00:50 --- Finished processing config file: HTL13B2_etc_StartRow_PPW.ini ---
2025-11-12 14:00:50,715 - INFO - 2025-11-12 14:00:50 ===== Universal Script End =====
2025-11-12 14:18:01,595 - INFO - 2025-11-12 14:18:01 --- Start processing config file: HTL13B2_etc_StartRow_PPW.ini ---
2025-11-12 14:18:01,609 - INFO - 2025-11-12 14:18:01 CSV output for this config will be: C:\Users\hsi67063\Box\00-home-pigo.hsiao\TEMP\XML\N-electrode_EML_LiftOffPhotoPattern_Width_HTL13B2_etc_StartRow_PPW_2025_11_12T14.18.01.csv
2025-11-12 14:18:01,611 - INFO - 2025-11-12 14:18:01 Searching in path 'Z:\\u25a0QC\u30c7\u30fc\u30bf\u30b7\u30fc\u30c8\\u96fb\u6975\u30fb\u7814\u78e8' with pattern '*N\u96fb\u6975\u5bf8\u6cd5\u6e2c\u5b9a\uff83\uff9e\uff70\uff80\uff7c\uff70\uff84*.xlsx'
2025-11-12 14:18:01,648 - INFO - 2025-11-12 14:18:01 Found latest source file: QC-K-022-R08\u3000N\u96fb\u6975\u5bf8\u6cd5\u6e2c\u5b9a\uff83\uff9e\uff70\uff80\uff7c\uff70\uff84.xlsx
2025-11-12 14:18:03,452 - INFO - 2025-11-12 14:18:03 File copied successfully -> ..\DataFile\035_N-electrode\QC-K-022-R08\u3000N\u96fb\u6975\u5bf8\u6cd5\u6e2c\u5b9a\uff83\uff9e\uff70\uff80\uff7c\uff70\uff84.xlsx
2025-11-12 14:18:03,453 - INFO - 2025-11-12 14:18:03 --- Start processing file: QC-K-022-R08\u3000N\u96fb\u6975\u5bf8\u6cd5\u6e2c\u5b9a\uff83\uff9e\uff70\uff80\uff7c\uff70\uff84.xlsx for sheet HTL13B2\u30fbB4\u30fbB5\u30fbB6 ---
2025-11-12 14:18:15,825 - INFO - 2025-11-12 14:18:15 Step 1: Successfully read main sheet 'HTL13B2\u30fbB4\u30fbB5\u30fbB6', 12764 rows loaded.
2025-11-12 14:18:15,825 - INFO - 2025-11-12 14:18:15 No XY coordinate sheet setting detected. Processing in CVD/PhotoPattern mode.
2025-11-12 14:18:15,895 - INFO - 2025-11-12 14:18:15 Step 3: Initial filtering (date, serial number) complete. 26 rows remaining.
2025-11-12 14:18:15,896 - INFO - 2025-11-12 14:18:15 Step 4: Starting database query and custom filtering...
2025-11-12 14:18:15,896 - INFO - 2025-11-12 14:18:15 Step 4-1: Starting main database connection for Lot/Part lookup...
2025-11-12 14:18:17,834 - INFO - 2025-11-12 14:18:17 [DB QUERY] serial=HL13B5-BFL, result=(None, None)
2025-11-12 14:18:18,533 - INFO - 2025-11-12 14:18:18 [DB QUERY] serial=HL13B5-BFL, result=(None, None)
2025-11-12 14:18:19,272 - INFO - 2025-11-12 14:18:19 [DB QUERY] serial=HL13B5-BFL, result=(None, None)
2025-11-12 14:18:19,955 - INFO - 2025-11-12 14:18:19 [DB QUERY] serial=HL13B5-BFL, result=(None, None)
2025-11-12 14:18:20,637 - INFO - 2025-11-12 14:18:20 [DB QUERY] serial=HL13B4-BT, result=(None, None)
2025-11-12 14:18:21,320 - INFO - 2025-11-12 14:18:21 [DB QUERY] serial=HL13B5-BFL, result=(None, None)
2025-11-12 14:18:22,170 - INFO - 2025-11-12 14:18:22 [DB QUERY] serial=HL13B5-BFL, result=(None, None)
2025-11-12 14:18:22,893 - INFO - 2025-11-12 14:18:22 [DB QUERY] serial=HL13B5-BFL, result=(None, None)
2025-11-12 14:18:23,623 - INFO - 2025-11-12 14:18:23 [DB QUERY] serial=HL13B5-BFL, result=(None, None)
2025-11-12 14:18:24,299 - INFO - 2025-11-12 14:18:24 [DB QUERY] serial=HL13B4-BT, result=(None, None)
2025-11-12 14:18:25,025 - INFO - 2025-11-12 14:18:25 [DB QUERY] serial=HL13B5-BFL, result=(None, None)
2025-11-12 14:18:25,716 - INFO - 2025-11-12 14:18:25 [DB QUERY] serial=HL13B5-BFL, result=(None, None)
2025-11-12 14:18:26,401 - INFO - 2025-11-12 14:18:26 [DB QUERY] serial=HL13B5-BFL, result=(None, None)
2025-11-12 14:18:27,087 - INFO - 2025-11-12 14:18:27 [DB QUERY] serial=HL13B5-BFL, result=(None, None)
2025-11-12 14:18:27,827 - INFO - 2025-11-12 14:18:27 [DB QUERY] serial=HL13B4-BT, result=(None, None)
2025-11-12 14:18:28,527 - INFO - 2025-11-12 14:18:28 [DB QUERY] serial=HL13B5-BFL, result=(None, None)
2025-11-12 14:18:29,281 - INFO - 2025-11-12 14:18:29 [DB QUERY] serial=HL13B5-BFL, result=(None, None)
2025-11-12 14:18:29,958 - INFO - 2025-11-12 14:18:29 [DB QUERY] serial=HL13B5-BFL, result=(None, None)
2025-11-12 14:18:30,602 - INFO - 2025-11-12 14:18:30 [DB QUERY] serial=HL13B5-BFL, result=(None, None)
2025-11-12 14:18:31,255 - INFO - 2025-11-12 14:18:31 [DB QUERY] serial=HL13B5-BFL, result=(None, None)
2025-11-12 14:18:31,959 - INFO - 2025-11-12 14:18:31 [DB QUERY] serial=HL13B5-BFL, result=(None, None)
2025-11-12 14:18:32,605 - INFO - 2025-11-12 14:18:32 [DB QUERY] serial=HL13B5-BFL, result=(None, None)
2025-11-12 14:18:33,257 - INFO - 2025-11-12 14:18:33 [DB QUERY] serial=HL13B5-BT, result=(None, None)
2025-11-12 14:18:33,909 - INFO - 2025-11-12 14:18:33 [DB QUERY] serial=HL13B5-BFL, result=(None, None)
2025-11-12 14:18:34,563 - INFO - 2025-11-12 14:18:34 [DB QUERY] serial=HL13B5-BFL, result=(None, None)
2025-11-12 14:18:35,215 - INFO - 2025-11-12 14:18:35 [DB QUERY] serial=HL13B5-BFL, result=(None, None)
2025-11-12 14:18:39,693 - INFO - 2025-11-12 14:18:39 Main Database connection closed.
2025-11-12 14:18:39,693 - INFO - 2025-11-12 14:18:39 No data left after primary database lookup and filter A. Ending process for this file.
2025-11-12 14:18:39,733 - INFO - 2025-11-12 14:18:39 --- Finished processing config file: HTL13B2_etc_StartRow_PPW.ini ---
2025-11-12 14:18:39,733 - INFO - 2025-11-12 14:18:39 ===== Universal Script End =====
2025-11-12 14:22:00,059 - INFO - 2025-11-12 14:22:00 --- Start processing config file: HTL13B2_etc_StartRow_PPW.ini ---
2025-11-12 14:22:00,064 - INFO - 2025-11-12 14:22:00 CSV output for this config will be: C:\Users\hsi67063\Box\00-home-pigo.hsiao\TEMP\XML\N-electrode_EML_LiftOffPhotoPattern_Width_HTL13B2_etc_StartRow_PPW_2025_11_12T14.22.00.csv
2025-11-12 14:22:00,067 - INFO - 2025-11-12 14:22:00 Searching in path 'Z:\\u25a0QC\u30c7\u30fc\u30bf\u30b7\u30fc\u30c8\\u96fb\u6975\u30fb\u7814\u78e8' with pattern '*N\u96fb\u6975\u5bf8\u6cd5\u6e2c\u5b9a\uff83\uff9e\uff70\uff80\uff7c\uff70\uff84*.xlsx'
2025-11-12 14:22:00,155 - INFO - 2025-11-12 14:22:00 Found latest source file: QC-K-022-R08\u3000N\u96fb\u6975\u5bf8\u6cd5\u6e2c\u5b9a\uff83\uff9e\uff70\uff80\uff7c\uff70\uff84.xlsx
2025-11-12 14:22:01,244 - INFO - 2025-11-12 14:22:01 File copied successfully -> ..\DataFile\035_N-electrode\QC-K-022-R08\u3000N\u96fb\u6975\u5bf8\u6cd5\u6e2c\u5b9a\uff83\uff9e\uff70\uff80\uff7c\uff70\uff84.xlsx
2025-11-12 14:22:01,245 - INFO - 2025-11-12 14:22:01 --- Start processing file: QC-K-022-R08\u3000N\u96fb\u6975\u5bf8\u6cd5\u6e2c\u5b9a\uff83\uff9e\uff70\uff80\uff7c\uff70\uff84.xlsx for sheet HTL13B2\u30fbB4\u30fbB5\u30fbB6 ---
2025-11-12 14:22:12,490 - INFO - 2025-11-12 14:22:12 Step 1: Successfully read main sheet 'HTL13B2\u30fbB4\u30fbB5\u30fbB6', 12764 rows loaded.
2025-11-12 14:22:12,491 - INFO - 2025-11-12 14:22:12 No XY coordinate sheet setting detected. Processing in CVD/PhotoPattern mode.
2025-11-12 14:22:12,526 - INFO - 2025-11-12 14:22:12 Step 3: Initial filtering (date, serial number) complete. 26 rows remaining.
2025-11-12 14:22:12,527 - INFO - 2025-11-12 14:22:12 Step 4: Starting database query and custom filtering...
2025-11-12 14:22:12,527 - INFO - 2025-11-12 14:22:12 Step 4-1: Starting main database connection for Lot/Part lookup...
2025-11-12 14:22:14,059 - INFO - 2025-11-12 14:22:14 [DB QUERY] serial=HL13B5-BFL, result=(None, None)
2025-11-12 14:22:15,300 - INFO - 2025-11-12 14:22:15 [DB QUERY] serial=HL13B5-BFL, result=(None, None)
2025-11-12 14:22:16,399 - INFO - 2025-11-12 14:22:16 [DB QUERY] serial=HL13B5-BFL, result=(None, None)
2025-11-12 14:22:18,746 - INFO - 2025-11-12 14:22:18 [DB QUERY] serial=HL13B5-BFL, result=(None, None)
2025-11-12 14:22:19,967 - INFO - 2025-11-12 14:22:19 [DB QUERY] serial=HL13B4-BT, result=(None, None)
2025-11-12 14:22:21,278 - INFO - 2025-11-12 14:22:21 [DB QUERY] serial=HL13B5-BFL, result=(None, None)
2025-11-12 14:22:22,478 - INFO - 2025-11-12 14:22:22 [DB QUERY] serial=HL13B5-BFL, result=(None, None)
2025-11-12 14:22:23,651 - INFO - 2025-11-12 14:22:23 [DB QUERY] serial=HL13B5-BFL, result=(None, None)
2025-11-12 14:22:24,933 - INFO - 2025-11-12 14:22:24 [DB QUERY] serial=HL13B5-BFL, result=(None, None)
2025-11-12 14:22:26,177 - INFO - 2025-11-12 14:22:26 [DB QUERY] serial=HL13B4-BT, result=(None, None)
2025-11-12 14:22:27,446 - INFO - 2025-11-12 14:22:27 [DB QUERY] serial=HL13B5-BFL, result=(None, None)
2025-11-12 14:22:28,735 - INFO - 2025-11-12 14:22:28 [DB QUERY] serial=HL13B5-BFL, result=(None, None)
2025-11-12 14:22:29,882 - INFO - 2025-11-12 14:22:29 [DB QUERY] serial=HL13B5-BFL, result=(None, None)
2025-11-12 14:22:30,946 - INFO - 2025-11-12 14:22:30 [DB QUERY] serial=HL13B5-BFL, result=(None, None)
2025-11-12 14:22:31,981 - INFO - 2025-11-12 14:22:31 [DB QUERY] serial=HL13B4-BT, result=(None, None)
2025-11-12 14:22:32,933 - INFO - 2025-11-12 14:22:32 [DB QUERY] serial=HL13B5-BFL, result=(None, None)
2025-11-12 14:22:33,606 - INFO - 2025-11-12 14:22:33 [DB QUERY] serial=HL13B5-BFL, result=(None, None)
2025-11-12 14:22:34,273 - INFO - 2025-11-12 14:22:34 [DB QUERY] serial=HL13B5-BFL, result=(None, None)
2025-11-12 14:22:34,932 - INFO - 2025-11-12 14:22:34 [DB QUERY] serial=HL13B5-BFL, result=(None, None)
2025-11-12 14:22:35,590 - INFO - 2025-11-12 14:22:35 [DB QUERY] serial=HL13B5-BFL, result=(None, None)
2025-11-12 14:22:36,245 - INFO - 2025-11-12 14:22:36 [DB QUERY] serial=HL13B5-BFL, result=(None, None)
2025-11-12 14:22:36,906 - INFO - 2025-11-12 14:22:36 [DB QUERY] serial=HL13B5-BFL, result=(None, None)
2025-11-12 14:22:37,609 - INFO - 2025-11-12 14:22:37 [DB QUERY] serial=HL13B5-BT, result=(None, None)
2025-11-12 14:22:38,263 - INFO - 2025-11-12 14:22:38 [DB QUERY] serial=HL13B5-BFL, result=(None, None)
2025-11-12 14:22:38,911 - INFO - 2025-11-12 14:22:38 [DB QUERY] serial=HL13B5-BFL, result=(None, None)
2025-11-12 14:22:39,565 - INFO - 2025-11-12 14:22:39 [DB QUERY] serial=HL13B5-BFL, result=(None, None)
2025-11-12 14:22:39,584 - INFO - 2025-11-12 14:22:39 Main Database connection closed.
2025-11-12 14:22:39,585 - INFO - 2025-11-12 14:22:39 No data left after primary database lookup and filter A. Ending process for this file.
2025-11-12 14:22:39,586 - INFO - 2025-11-12 14:22:39 --- Finished processing config file: HTL13B2_etc_StartRow_PPW.ini ---
2025-11-12 14:22:39,587 - INFO - 2025-11-12 14:22:39 ===== Universal Script End =====
2025-11-12 14:26:06,625 - INFO - 2025-11-12 14:26:06 --- Start processing config file: HTL13B2_etc_StartRow_PPW.ini ---
2025-11-12 14:26:06,632 - INFO - 2025-11-12 14:26:06 CSV output for this config will be: C:\Users\hsi67063\Box\00-home-pigo.hsiao\TEMP\XML\N-electrode_EML_LiftOffPhotoPattern_Width_HTL13B2_etc_StartRow_PPW_2025_11_12T14.26.06.csv
2025-11-12 14:26:06,634 - INFO - 2025-11-12 14:26:06 Searching in path 'Z:\\u25a0QC\u30c7\u30fc\u30bf\u30b7\u30fc\u30c8\\u96fb\u6975\u30fb\u7814\u78e8' with pattern '*N\u96fb\u6975\u5bf8\u6cd5\u6e2c\u5b9a\uff83\uff9e\uff70\uff80\uff7c\uff70\uff84*.xlsx'
2025-11-12 14:26:06,843 - INFO - 2025-11-12 14:26:06 Found latest source file: QC-K-022-R08\u3000N\u96fb\u6975\u5bf8\u6cd5\u6e2c\u5b9a\uff83\uff9e\uff70\uff80\uff7c\uff70\uff84.xlsx
2025-11-12 14:26:08,486 - INFO - 2025-11-12 14:26:08 File copied successfully -> ..\DataFile\035_N-electrode\QC-K-022-R08\u3000N\u96fb\u6975\u5bf8\u6cd5\u6e2c\u5b9a\uff83\uff9e\uff70\uff80\uff7c\uff70\uff84.xlsx
2025-11-12 14:26:08,486 - INFO - 2025-11-12 14:26:08 --- Start processing file: QC-K-022-R08\u3000N\u96fb\u6975\u5bf8\u6cd5\u6e2c\u5b9a\uff83\uff9e\uff70\uff80\uff7c\uff70\uff84.xlsx for sheet HTL13B2\u30fbB4\u30fbB5\u30fbB6 ---
2025-11-12 14:26:19,104 - INFO - 2025-11-12 14:26:19 Step 1: Successfully read main sheet 'HTL13B2\u30fbB4\u30fbB5\u30fbB6', 12764 rows loaded.
2025-11-12 14:26:19,105 - INFO - 2025-11-12 14:26:19 No XY coordinate sheet setting detected. Processing in CVD/PhotoPattern mode.
2025-11-12 14:26:19,126 - INFO - 2025-11-12 14:26:19 Step 3: Initial filtering (date, serial number) complete. 26 rows remaining.
2025-11-12 14:26:19,127 - INFO - 2025-11-12 14:26:19 Step 4: Starting database query and custom filtering...
2025-11-12 14:26:19,128 - INFO - 2025-11-12 14:26:19 Step 4-1: Starting main database connection for Lot/Part lookup...
2025-11-12 14:26:21,002 - INFO - 2025-11-12 14:26:21 [DB QUERY] serial=HL13B5-BFL, result=(None, None)
2025-11-12 14:26:22,378 - INFO - 2025-11-12 14:26:22 [DB QUERY] serial=HL13B5-BFL, result=(None, None)
2025-11-12 14:26:23,704 - INFO - 2025-11-12 14:26:23 [DB QUERY] serial=HL13B5-BFL, result=(None, None)
2025-11-12 14:26:25,044 - INFO - 2025-11-12 14:26:25 [DB QUERY] serial=HL13B5-BFL, result=(None, None)
2025-11-12 14:26:26,282 - INFO - 2025-11-12 14:26:26 [DB QUERY] serial=HL13B4-BT, result=(None, None)
2025-11-12 14:26:27,617 - INFO - 2025-11-12 14:26:27 [DB QUERY] serial=HL13B5-BFL, result=(None, None)
2025-11-12 14:26:28,497 - INFO - 2025-11-12 14:26:28 [DB QUERY] serial=HL13B5-BFL, result=(None, None)
2025-11-12 14:26:29,210 - INFO - 2025-11-12 14:26:29 [DB QUERY] serial=HL13B5-BFL, result=(None, None)
2025-11-12 14:26:29,922 - INFO - 2025-11-12 14:26:29 [DB QUERY] serial=HL13B5-BFL, result=(None, None)
2025-11-12 14:26:30,657 - INFO - 2025-11-12 14:26:30 [DB QUERY] serial=HL13B4-BT, result=(None, None)
2025-11-12 14:26:31,332 - INFO - 2025-11-12 14:26:31 [DB QUERY] serial=HL13B5-BFL, result=(None, None)
2025-11-12 14:26:32,326 - INFO - 2025-11-12 14:26:32 [DB QUERY] serial=HL13B5-BFL, result=(None, None)
2025-11-12 14:26:33,200 - INFO - 2025-11-12 14:26:33 [DB QUERY] serial=HL13B5-BFL, result=(None, None)
2025-11-12 14:26:34,087 - INFO - 2025-11-12 14:26:34 [DB QUERY] serial=HL13B5-BFL, result=(None, None)
2025-11-12 14:26:34,752 - INFO - 2025-11-12 14:26:34 [DB QUERY] serial=HL13B4-BT, result=(None, None)
2025-11-12 14:26:35,549 - INFO - 2025-11-12 14:26:35 [DB QUERY] serial=HL13B5-BFL, result=(None, None)
2025-11-12 14:26:36,214 - INFO - 2025-11-12 14:26:36 [DB QUERY] serial=HL13B5-BFL, result=(None, None)
2025-11-12 14:26:37,063 - INFO - 2025-11-12 14:26:37 [DB QUERY] serial=HL13B5-BFL, result=(None, None)
2025-11-12 14:26:37,843 - INFO - 2025-11-12 14:26:37 [DB QUERY] serial=HL13B5-BFL, result=(None, None)
2025-11-12 14:26:38,505 - INFO - 2025-11-12 14:26:38 [DB QUERY] serial=HL13B5-BFL, result=(None, None)
2025-11-12 14:26:39,188 - INFO - 2025-11-12 14:26:39 [DB QUERY] serial=HL13B5-BFL, result=(None, None)
2025-11-12 14:26:40,012 - INFO - 2025-11-12 14:26:40 [DB QUERY] serial=HL13B5-BFL, result=(None, None)
2025-11-12 14:26:40,712 - INFO - 2025-11-12 14:26:40 [DB QUERY] serial=HL13B5-BT, result=(None, None)
2025-11-12 14:26:41,451 - INFO - 2025-11-12 14:26:41 [DB QUERY] serial=HL13B5-BFL, result=(None, None)
2025-11-12 14:26:42,157 - INFO - 2025-11-12 14:26:42 [DB QUERY] serial=HL13B5-BFL, result=(None, None)
2025-11-12 14:26:42,843 - INFO - 2025-11-12 14:26:42 [DB QUERY] serial=HL13B5-BFL, result=(None, None)
2025-11-12 14:26:42,860 - INFO - 2025-11-12 14:26:42 Main Database connection closed.
2025-11-12 14:26:42,860 - INFO - 2025-11-12 14:26:42 No data left after primary database lookup and filter A. Ending process for this file.
2025-11-12 14:26:42,862 - INFO - 2025-11-12 14:26:42 --- Finished processing config file: HTL13B2_etc_StartRow_PPW.ini ---
2025-11-12 14:26:42,862 - INFO - 2025-11-12 14:26:42 ===== Universal Script End =====
