2025-08-11 13:37:18,154 - INFO - 2025-08-11 13:37:18 Start processing INI config file: Config_GRATING_Crystal_Duty.ini
2025-08-11 13:37:18,157 - INFO - 2025-08-11 13:37:18 CSV output for this run will be: C:\Users\hsi67063\Box\00-home-pigo.hsiao\TEMP\XML\GRATING_Crystal_Duty_2025_08_11T13.37.18.csv
2025-08-11 13:37:24,214 - INFO - 2025-08-11 13:37:24 Processing file: QC-D-004-R05\u3000SiO2\u56de\u6298\u683c\u5b50\uff8f\uff7d\uff78\u54c1\u8cea.xlsx
2025-08-11 13:37:46,014 - ERROR - 2025-08-11 13:37:46 Failed to read or filter Excel file QC-D-004-R05\u3000SiO2\u56de\u6298\u683c\u5b50\uff8f\uff7d\uff78\u54c1\u8cea.xlsx. Error: invalid literal for int() with base 10: 'xy_2_2'
2025-08-11 13:37:46,021 - INFO - 2025-08-11 13:37:46 Start processing INI config file: Config_GRATING_CVD_Duty.ini
2025-08-11 13:37:54,889 - INFO - 2025-08-11 13:37:54 Processing file: QC-D-004-R05\u3000SiO2\u56de\u6298\u683c\u5b50\uff8f\uff7d\uff78\u54c1\u8cea.xlsx
2025-08-11 13:38:18,243 - ERROR - 2025-08-11 13:38:18 Failed to read or filter Excel file QC-D-004-R05\u3000SiO2\u56de\u6298\u683c\u5b50\uff8f\uff7d\uff78\u54c1\u8cea.xlsx. Error: invalid literal for int() with base 10: 'xy_2_2'
2025-08-11 14:05:52,079 - INFO - 2025-08-11 14:05:52 Start processing INI config file: MESA_CVD_EtchingRate_Dry3.ini
2025-08-11 14:05:52,083 - INFO - 2025-08-11 14:05:52 CSV output for this run will be: C:\Users\hsi67063\Box\00-home-pigo.hsiao\TEMP\XML\MESA_CVD_EtchingRate_2025_08_11T14.05.52.csv
2025-08-11 14:05:53,745 - INFO - 2025-08-11 14:05:53 Processing file: 3\uff72\uff9d\uff81_HTL13\u2605xx_ \uff92\uff7bSiO2\u819c\uff84\uff9e\uff97\uff72\uff74\uff6f\uff81\uff8c\uff9f\uff9b\uff78\uff9e\uff97\uff91\uff7c\uff70\uff84.xlsm
2025-08-11 14:05:58,648 - ERROR - 2025-08-11 14:05:58 Failed to read or filter Excel file 3\uff72\uff9d\uff81_HTL13\u2605xx_ \uff92\uff7bSiO2\u819c\uff84\uff9e\uff97\uff72\uff74\uff6f\uff81\uff8c\uff9f\uff9b\uff78\uff9e\uff97\uff91\uff7c\uff70\uff84.xlsm. Error: "INI mapping failed to create 'key_Start_Date_Time'. Check Excel columns and INI."
2025-08-11 14:05:58,656 - INFO - 2025-08-11 14:05:58 Start processing INI config file: MESA_CVD_EtchingRate_Dry6.ini
2025-08-11 14:06:01,702 - INFO - 2025-08-11 14:06:01 Processing file: 3\uff72\uff9d\uff81_HTL13\u2605xx_ \uff92\uff7bSiO2\u819c\uff84\uff9e\uff97\uff72\uff74\uff6f\uff81(\u30c9\u30e9\u30a46\u53f7\u6a5f)\uff8c\uff9f\uff9b\uff78\uff9e\uff97\uff91\uff7c\uff70\uff84.xlsm
2025-08-11 14:06:03,699 - ERROR - 2025-08-11 14:06:03 Failed to read or filter Excel file 3\uff72\uff9d\uff81_HTL13\u2605xx_ \uff92\uff7bSiO2\u819c\uff84\uff9e\uff97\uff72\uff74\uff6f\uff81(\u30c9\u30e9\u30a46\u53f7\u6a5f)\uff8c\uff9f\uff9b\uff78\uff9e\uff97\uff91\uff7c\uff70\uff84.xlsm. Error: "INI mapping failed to create 'key_Start_Date_Time'. Check Excel columns and INI."
2025-08-11 14:06:03,703 - INFO - 2025-08-11 14:06:03 Start processing INI config file: MESA_CVD_EtchingRate_Dry8.ini
2025-08-11 14:06:05,498 - INFO - 2025-08-11 14:06:05 Processing file: 3\uff72\uff9d\uff81_HTL13\u2605xx_ \uff92\uff7bSiO2\u819c\uff84\uff9e\uff97\uff72\uff74\uff6f\uff81(\u30c9\u30e9\u30a48\u53f7\u6a5f)\uff8c\uff9f\uff9b\uff78\uff9e\uff97\uff91\uff7c\uff70\uff84.xlsm
2025-08-11 14:06:06,206 - ERROR - 2025-08-11 14:06:06 Failed to read or filter Excel file 3\uff72\uff9d\uff81_HTL13\u2605xx_ \uff92\uff7bSiO2\u819c\uff84\uff9e\uff97\uff72\uff74\uff6f\uff81(\u30c9\u30e9\u30a48\u53f7\u6a5f)\uff8c\uff9f\uff9b\uff78\uff9e\uff97\uff91\uff7c\uff70\uff84.xlsm. Error: "INI mapping failed to create 'key_Start_Date_Time'. Check Excel columns and INI."
2025-08-11 14:08:19,788 - INFO - 2025-08-11 14:08:19 Start processing INI config file: MESA_CVD_EtchingRate_Dry3.ini
2025-08-11 14:08:19,791 - INFO - 2025-08-11 14:08:19 CSV output for this run will be: C:\Users\hsi67063\Box\00-home-pigo.hsiao\TEMP\XML\MESA_CVD_EtchingRate_2025_08_11T14.08.19.csv
2025-08-11 14:08:21,206 - INFO - 2025-08-11 14:08:21 Processing file: 3\uff72\uff9d\uff81_HTL13\u2605xx_ \uff92\uff7bSiO2\u819c\uff84\uff9e\uff97\uff72\uff74\uff6f\uff81\uff8c\uff9f\uff9b\uff78\uff9e\uff97\uff91\uff7c\uff70\uff84.xlsm
2025-08-11 14:08:25,627 - ERROR - 2025-08-11 14:08:25 Failed to read or filter Excel file 3\uff72\uff9d\uff81_HTL13\u2605xx_ \uff92\uff7bSiO2\u819c\uff84\uff9e\uff97\uff72\uff74\uff6f\uff81\uff8c\uff9f\uff9b\uff78\uff9e\uff97\uff91\uff7c\uff70\uff84.xlsm. Error: "INI mapping failed to create 'key_Start_Date_Time'. Check Excel columns and INI."
2025-08-11 14:08:25,631 - INFO - 2025-08-11 14:08:25 Start processing INI config file: MESA_CVD_EtchingRate_Dry6.ini
2025-08-11 14:08:26,969 - INFO - 2025-08-11 14:08:26 Processing file: 3\uff72\uff9d\uff81_HTL13\u2605xx_ \uff92\uff7bSiO2\u819c\uff84\uff9e\uff97\uff72\uff74\uff6f\uff81(\u30c9\u30e9\u30a46\u53f7\u6a5f)\uff8c\uff9f\uff9b\uff78\uff9e\uff97\uff91\uff7c\uff70\uff84.xlsm
2025-08-11 14:08:28,430 - ERROR - 2025-08-11 14:08:28 Failed to read or filter Excel file 3\uff72\uff9d\uff81_HTL13\u2605xx_ \uff92\uff7bSiO2\u819c\uff84\uff9e\uff97\uff72\uff74\uff6f\uff81(\u30c9\u30e9\u30a46\u53f7\u6a5f)\uff8c\uff9f\uff9b\uff78\uff9e\uff97\uff91\uff7c\uff70\uff84.xlsm. Error: "INI mapping failed to create 'key_Start_Date_Time'. Check Excel columns and INI."
2025-08-11 14:08:28,435 - INFO - 2025-08-11 14:08:28 Start processing INI config file: MESA_CVD_EtchingRate_Dry8.ini
2025-08-11 14:08:29,438 - INFO - 2025-08-11 14:08:29 Processing file: 3\uff72\uff9d\uff81_HTL13\u2605xx_ \uff92\uff7bSiO2\u819c\uff84\uff9e\uff97\uff72\uff74\uff6f\uff81(\u30c9\u30e9\u30a48\u53f7\u6a5f)\uff8c\uff9f\uff9b\uff78\uff9e\uff97\uff91\uff7c\uff70\uff84.xlsm
2025-08-11 14:09:18,606 - INFO - 2025-08-11 14:09:18 Successfully wrote 48 rows to CSV for file 3\uff72\uff9d\uff81_HTL13\u2605xx_ \uff92\uff7bSiO2\u819c\uff84\uff9e\uff97\uff72\uff74\uff6f\uff81(\u30c9\u30e9\u30a48\u53f7\u6a5f)\uff8c\uff9f\uff9b\uff78\uff9e\uff97\uff91\uff7c\uff70\uff84.xlsm
2025-08-11 14:09:19,503 - ERROR - 2025-08-11 14:09:19 Failed to backup running_rec file. Error: [Errno 2] No such file or directory: 'T:/04_\u30d7\u30ed\u30bb\u30b9\u95a2\u4fc2/10_\u5171\u901a/91_KAIZEN-TDS/01_\u958b\u767a/012_MESA/13_ProgramUsedFile/'
2025-08-11 14:09:19,505 - INFO - 2025-08-11 14:09:19 Generating final pointer XML for C:\Users\hsi67063\Box\00-home-pigo.hsiao\TEMP\XML\MESA_CVD_EtchingRate_2025_08_11T14.08.19.csv...
2025-08-11 14:09:19,589 - INFO - 2025-08-11 14:09:19 Pointer XML generated successfully at: C:/Users/hsi67063/Box/00-home-pigo.hsiao/TEMP/XML/Site=350,ProductFamily=SAG FAB,Operation=MESA_CVD_EtchingRate,Partnumber=UNKNOWPN,Serialnumber=MESA_CVD_EtchingRate_2025_08_11T14.08.19,Testdate=2025-08-11T14.09.19.xml
