2025-08-11 13:42:49,937 - INFO - 2025-08-11 13:42:49 --- Start processing config file: Config_GRATING_CVD_Duty.ini ---
2025-08-11 13:42:49,939 - INFO - 2025-08-11 13:42:49 CSV output for this config will be: C:\Users\hsi67063\Box\00-home-pigo.hsiao\TEMP\XML\GRATING_CVD_Duty_2025_08_11T13.42.49.csv
2025-08-11 13:42:49,940 - INFO - 2025-08-11 13:42:49 Searching in path 'Z:\\u25a0QC\u30c7\u30fc\u30bf\u30b7\u30fc\u30c8\\u30c9\u30e9\u30a4\u30a8\u30c3\u30c1' with pattern '*SiO2\u56de\u6298\u683c\u5b50\uff8f\uff7d\uff78\u54c1\u8cea*.xlsx'
2025-08-11 13:42:50,476 - INFO - 2025-08-11 13:42:50 Found latest source file: QC-D-004-R05\u3000SiO2\u56de\u6298\u683c\u5b50\uff8f\uff7d\uff78\u54c1\u8cea.xlsx
2025-08-11 13:42:56,297 - INFO - 2025-08-11 13:42:56 File copied successfully -> ..\DataFile\001_GRATING\QC-D-004-R05\u3000SiO2\u56de\u6298\u683c\u5b50\uff8f\uff7d\uff78\u54c1\u8cea.xlsx
2025-08-11 13:42:56,298 - INFO - 2025-08-11 13:42:56 --- Start processing file: QC-D-004-R05\u3000SiO2\u56de\u6298\u683c\u5b50\uff8f\uff7d\uff78\u54c1\u8cea.xlsx ---
2025-08-11 13:43:22,095 - INFO - 2025-08-11 13:43:22 Step 1: Successfully read main sheet '004', 5367 rows loaded.
2025-08-11 13:43:22,095 - INFO - 2025-08-11 13:43:22 ICP/Dry mode detected. Reading XY coordinate sheet: '\u30a6\u30a7\u30cf\u5ea7\u6a19'
2025-08-11 13:43:30,635 - INFO - 2025-08-11 13:43:30 XY coordinate data parsed.
2025-08-11 13:43:30,642 - INFO - 2025-08-11 13:43:30 Step 2: Initial filtering (date, serial number) complete. 131 rows remaining.
2025-08-11 13:43:30,642 - INFO - 2025-08-11 13:43:30 Step 3: Starting database query...
2025-08-11 13:45:17,136 - INFO - 2025-08-11 13:45:17 Database query and filtering complete. 126 valid rows remaining.
2025-08-11 13:45:17,227 - INFO - 2025-08-11 13:45:17 Database connection closed.
2025-08-11 13:45:17,228 - INFO - 2025-08-11 13:45:17 Step 4: Starting data transformation and calculation...
2025-08-11 13:45:17,497 - INFO - 2025-08-11 13:45:17 Date and SORTED field calculations complete.
2025-08-11 13:45:17,501 - INFO - 2025-08-11 13:45:17 Using fixed tool name from INI: 'CVD'
2025-08-11 13:45:17,507 - INFO - 2025-08-11 13:45:17 Step 5: Appending additional info (Operation, ToolName, XY coords, etc.) complete.
2025-08-11 13:45:17,507 - INFO - 2025-08-11 13:45:17 Step 6: Dynamic CSV columns and order generated.
2025-08-11 13:45:17,512 - INFO - 2025-08-11 13:45:17 Step 7: Preparing to write 126 rows to CSV...
2025-08-11 13:45:17,513 - INFO - 2025-08-11 13:45:17 Executing function write_to_csv...
2025-08-11 13:45:17,565 - INFO - 2025-08-11 13:45:17 Function write_to_csv executed successfully.
2025-08-11 13:45:41,472 - INFO - 2025-08-11 13:45:41 Step 8: Updating next start row to 6084
2025-08-11 13:45:41,473 - INFO - 2025-08-11 13:45:41 --- Function process_excel_file executed successfully ---
2025-08-11 13:45:41,475 - INFO - 2025-08-11 13:45:41 --- Generating pointer XML for Config_GRATING_CVD_Duty.ini ---
2025-08-11 13:45:41,475 - INFO - 2025-08-11 13:45:41 Executing function generate_pointer_xml...
2025-08-11 13:45:41,519 - INFO - 2025-08-11 13:45:41 Pointer XML generated successfully at: C:/Users/hsi67063/Box/00-home-pigo.hsiao/TEMP/XML/Site=350,ProductFamily=SAG FAB,Operation=GRATING_CVD_Duty,Partnumber=UNKNOWPN,Serialnumber=GRATING_CVD_Duty_2025_08_11T13.42.49,Testdate=2025-08-11T13.45.41.xml
2025-08-11 13:45:41,519 - INFO - 2025-08-11 13:45:41 --- Finished processing config file: Config_GRATING_CVD_Duty.ini ---
2025-08-11 13:45:41,520 - INFO - 2025-08-11 13:45:41 ===== Universal Script End =====
