2025-08-11 14:04:53,627 - INFO - 2025-08-11 14:04:53 --- Start processing config file: MESA_CVD_EtchingRate_Dry3.ini ---
2025-08-11 14:04:53,631 - INFO - 2025-08-11 14:04:53 CSV output for this config will be: C:\Users\hsi67063\Box\00-home-pigo.hsiao\TEMP\XML\MESA_CVD_EtchingRate_2025_08_11T14.04.53.csv
2025-08-11 14:04:53,634 - INFO - 2025-08-11 14:04:53 Searching in path 'Z:\\u30db\u30c8\u30fb\u30a8\u30c3\u30c1\u30f3\u30b0\\u88fd\u54c1\\uff84\uff9e\uff97\uff72\uff74\uff6f\uff813\u53f7\u6a5f\3\uff72\uff9d\uff81\EA\u7cfb' with pattern '*3\uff72\uff9d\uff81_HTL13\u2605xx_*\uff92\uff7bSiO2\u819c\uff84\uff9e\uff97\uff72\uff74\uff6f\uff81\uff8c\uff9f\uff9b\uff78\uff9e\uff97\uff91\uff7c\uff70\uff84*.xlsm'
2025-08-11 14:04:53,868 - INFO - 2025-08-11 14:04:53 Found latest source file: 3\uff72\uff9d\uff81_HTL13\u2605xx_ \uff92\uff7bSiO2\u819c\uff84\uff9e\uff97\uff72\uff74\uff6f\uff81\uff8c\uff9f\uff9b\uff78\uff9e\uff97\uff91\uff7c\uff70\uff84.xlsm
2025-08-11 14:04:56,280 - INFO - 2025-08-11 14:04:56 File copied successfully -> ..\DataFile\012_MESA\3\uff72\uff9d\uff81_HTL13\u2605xx_ \uff92\uff7bSiO2\u819c\uff84\uff9e\uff97\uff72\uff74\uff6f\uff81\uff8c\uff9f\uff9b\uff78\uff9e\uff97\uff91\uff7c\uff70\uff84.xlsm
2025-08-11 14:04:56,280 - INFO - 2025-08-11 14:04:56 --- Start processing file: 3\uff72\uff9d\uff81_HTL13\u2605xx_ \uff92\uff7bSiO2\u819c\uff84\uff9e\uff97\uff72\uff74\uff6f\uff81\uff8c\uff9f\uff9b\uff78\uff9e\uff97\uff91\uff7c\uff70\uff84.xlsm ---
2025-08-11 14:05:00,546 - INFO - 2025-08-11 14:05:00 Step 1: Successfully read main sheet '\u30c7\u30fc\u30bf', 0 rows loaded.
2025-08-11 14:05:00,547 - INFO - 2025-08-11 14:05:00 No XY coordinate sheet setting detected. Processing in CVD mode.
2025-08-11 14:05:00,547 - ERROR - 2025-08-11 14:05:00 Step 1/2/3 failed: Error during Excel read or filter. Error: 'key_Start_Date_Time'
2025-08-11 14:05:00,548 - INFO - 2025-08-11 14:05:00 --- Finished processing config file: MESA_CVD_EtchingRate_Dry3.ini ---
2025-08-11 14:05:00,558 - INFO - 2025-08-11 14:05:00 --- Start processing config file: MESA_CVD_EtchingRate_Dry6.ini ---
2025-08-11 14:05:00,560 - INFO - 2025-08-11 14:05:00 CSV output for this config will be: C:\Users\hsi67063\Box\00-home-pigo.hsiao\TEMP\XML\MESA_CVD_EtchingRate_2025_08_11T14.05.00.csv
2025-08-11 14:05:00,561 - INFO - 2025-08-11 14:05:00 Searching in path 'Z:\\u30db\u30c8\u30fb\u30a8\u30c3\u30c1\u30f3\u30b0\\u88fd\u54c1\\uff84\uff9e\uff97\uff72\uff74\uff6f\uff816\u53f7\u6a5f\3\uff72\uff9d\uff81\EA\u7cfb' with pattern '*3\uff72\uff9d\uff81_HTL13\u2605xx_*\uff92\uff7bSiO2\u819c\uff84\uff9e\uff97\uff72\uff74\uff6f\uff81(\u30c9\u30e9\u30a46\u53f7\u6a5f)\uff8c\uff9f\uff9b\uff78\uff9e\uff97\uff91\uff7c\uff70\uff84*.xlsm'
2025-08-11 14:05:00,828 - INFO - 2025-08-11 14:05:00 Found latest source file: 3\uff72\uff9d\uff81_HTL13\u2605xx_ \uff92\uff7bSiO2\u819c\uff84\uff9e\uff97\uff72\uff74\uff6f\uff81(\u30c9\u30e9\u30a46\u53f7\u6a5f)\uff8c\uff9f\uff9b\uff78\uff9e\uff97\uff91\uff7c\uff70\uff84.xlsm
2025-08-11 14:05:03,506 - INFO - 2025-08-11 14:05:03 File copied successfully -> ..\DataFile\012_MESA\3\uff72\uff9d\uff81_HTL13\u2605xx_ \uff92\uff7bSiO2\u819c\uff84\uff9e\uff97\uff72\uff74\uff6f\uff81(\u30c9\u30e9\u30a46\u53f7\u6a5f)\uff8c\uff9f\uff9b\uff78\uff9e\uff97\uff91\uff7c\uff70\uff84.xlsm
2025-08-11 14:05:03,506 - INFO - 2025-08-11 14:05:03 --- Start processing file: 3\uff72\uff9d\uff81_HTL13\u2605xx_ \uff92\uff7bSiO2\u819c\uff84\uff9e\uff97\uff72\uff74\uff6f\uff81(\u30c9\u30e9\u30a46\u53f7\u6a5f)\uff8c\uff9f\uff9b\uff78\uff9e\uff97\uff91\uff7c\uff70\uff84.xlsm ---
2025-08-11 14:05:05,023 - INFO - 2025-08-11 14:05:05 Step 1: Successfully read main sheet '\u30c7\u30fc\u30bf', 0 rows loaded.
2025-08-11 14:05:05,024 - INFO - 2025-08-11 14:05:05 No XY coordinate sheet setting detected. Processing in CVD mode.
2025-08-11 14:05:05,024 - ERROR - 2025-08-11 14:05:05 Step 1/2/3 failed: Error during Excel read or filter. Error: 'key_Start_Date_Time'
2025-08-11 14:05:05,025 - INFO - 2025-08-11 14:05:05 --- Finished processing config file: MESA_CVD_EtchingRate_Dry6.ini ---
2025-08-11 14:05:05,039 - INFO - 2025-08-11 14:05:05 --- Start processing config file: MESA_CVD_EtchingRate_Dry8.ini ---
2025-08-11 14:05:05,041 - INFO - 2025-08-11 14:05:05 CSV output for this config will be: C:\Users\hsi67063\Box\00-home-pigo.hsiao\TEMP\XML\MESA_CVD_EtchingRate_2025_08_11T14.05.05.csv
2025-08-11 14:05:05,042 - INFO - 2025-08-11 14:05:05 Searching in path 'Z:\\u30db\u30c8\u30fb\u30a8\u30c3\u30c1\u30f3\u30b0\\u88fd\u54c1\\uff84\uff9e\uff97\uff72\uff74\uff6f\uff818\u53f7\u6a5f\3\uff72\uff9d\uff81\EA\u7cfb' with pattern '*3\uff72\uff9d\uff81_HTL13\u2605xx_ \uff92\uff7bSiO2\u819c\uff84\uff9e\uff97\uff72\uff74\uff6f\uff81(\u30c9\u30e9\u30a48\u53f7\u6a5f)\uff8c\uff9f\uff9b\uff78\uff9e\uff97\uff91\uff7c\uff70\uff84*.xlsm'
2025-08-11 14:05:05,350 - INFO - 2025-08-11 14:05:05 Found latest source file: 3\uff72\uff9d\uff81_HTL13\u2605xx_ \uff92\uff7bSiO2\u819c\uff84\uff9e\uff97\uff72\uff74\uff6f\uff81(\u30c9\u30e9\u30a48\u53f7\u6a5f)\uff8c\uff9f\uff9b\uff78\uff9e\uff97\uff91\uff7c\uff70\uff84.xlsm
2025-08-11 14:05:08,197 - INFO - 2025-08-11 14:05:08 File copied successfully -> ..\DataFile\012_MESA\3\uff72\uff9d\uff81_HTL13\u2605xx_ \uff92\uff7bSiO2\u819c\uff84\uff9e\uff97\uff72\uff74\uff6f\uff81(\u30c9\u30e9\u30a48\u53f7\u6a5f)\uff8c\uff9f\uff9b\uff78\uff9e\uff97\uff91\uff7c\uff70\uff84.xlsm
2025-08-11 14:05:08,197 - INFO - 2025-08-11 14:05:08 --- Start processing file: 3\uff72\uff9d\uff81_HTL13\u2605xx_ \uff92\uff7bSiO2\u819c\uff84\uff9e\uff97\uff72\uff74\uff6f\uff81(\u30c9\u30e9\u30a48\u53f7\u6a5f)\uff8c\uff9f\uff9b\uff78\uff9e\uff97\uff91\uff7c\uff70\uff84.xlsm ---
2025-08-11 14:05:09,179 - INFO - 2025-08-11 14:05:09 Step 1: Successfully read main sheet '\u30c7\u30fc\u30bf', 0 rows loaded.
2025-08-11 14:05:09,179 - INFO - 2025-08-11 14:05:09 No XY coordinate sheet setting detected. Processing in CVD mode.
2025-08-11 14:05:09,179 - ERROR - 2025-08-11 14:05:09 Step 1/2/3 failed: Error during Excel read or filter. Error: 'key_Start_Date_Time'
2025-08-11 14:05:09,180 - INFO - 2025-08-11 14:05:09 --- Finished processing config file: MESA_CVD_EtchingRate_Dry8.ini ---
2025-08-11 14:05:09,181 - INFO - 2025-08-11 14:05:09 ===== Universal Script End =====
2025-08-11 14:07:05,914 - INFO - 2025-08-11 14:07:05 --- Start processing config file: MESA_CVD_EtchingRate_Dry3.ini ---
2025-08-11 14:07:05,918 - INFO - 2025-08-11 14:07:05 CSV output for this config will be: C:\Users\hsi67063\Box\00-home-pigo.hsiao\TEMP\XML\MESA_CVD_EtchingRate_2025_08_11T14.07.05.csv
2025-08-11 14:07:05,920 - INFO - 2025-08-11 14:07:05 Searching in path 'Z:\\u30db\u30c8\u30fb\u30a8\u30c3\u30c1\u30f3\u30b0\\u88fd\u54c1\\uff84\uff9e\uff97\uff72\uff74\uff6f\uff813\u53f7\u6a5f\3\uff72\uff9d\uff81\EA\u7cfb' with pattern '*3\uff72\uff9d\uff81_HTL13\u2605xx_*\uff92\uff7bSiO2\u819c\uff84\uff9e\uff97\uff72\uff74\uff6f\uff81\uff8c\uff9f\uff9b\uff78\uff9e\uff97\uff91\uff7c\uff70\uff84*.xlsm'
2025-08-11 14:07:06,131 - INFO - 2025-08-11 14:07:06 Found latest source file: 3\uff72\uff9d\uff81_HTL13\u2605xx_ \uff92\uff7bSiO2\u819c\uff84\uff9e\uff97\uff72\uff74\uff6f\uff81\uff8c\uff9f\uff9b\uff78\uff9e\uff97\uff91\uff7c\uff70\uff84.xlsm
2025-08-11 14:07:07,452 - INFO - 2025-08-11 14:07:07 File copied successfully -> ..\DataFile\012_MESA\3\uff72\uff9d\uff81_HTL13\u2605xx_ \uff92\uff7bSiO2\u819c\uff84\uff9e\uff97\uff72\uff74\uff6f\uff81\uff8c\uff9f\uff9b\uff78\uff9e\uff97\uff91\uff7c\uff70\uff84.xlsm
2025-08-11 14:07:07,452 - INFO - 2025-08-11 14:07:07 --- Start processing file: 3\uff72\uff9d\uff81_HTL13\u2605xx_ \uff92\uff7bSiO2\u819c\uff84\uff9e\uff97\uff72\uff74\uff6f\uff81\uff8c\uff9f\uff9b\uff78\uff9e\uff97\uff91\uff7c\uff70\uff84.xlsm ---
2025-08-11 14:07:11,855 - INFO - 2025-08-11 14:07:11 Step 1: Successfully read main sheet '\u30c7\u30fc\u30bf', 0 rows loaded.
2025-08-11 14:07:11,855 - INFO - 2025-08-11 14:07:11 No XY coordinate sheet setting detected. Processing in CVD mode.
2025-08-11 14:07:55,685 - INFO - 2025-08-11 14:07:55 --- Start processing config file: MESA_CVD_EtchingRate_Dry3.ini ---
2025-08-11 14:07:55,689 - INFO - 2025-08-11 14:07:55 CSV output for this config will be: C:\Users\hsi67063\Box\00-home-pigo.hsiao\TEMP\XML\MESA_CVD_EtchingRate_2025_08_11T14.07.55.csv
2025-08-11 14:07:55,692 - INFO - 2025-08-11 14:07:55 Searching in path 'Z:\\u30db\u30c8\u30fb\u30a8\u30c3\u30c1\u30f3\u30b0\\u88fd\u54c1\\uff84\uff9e\uff97\uff72\uff74\uff6f\uff813\u53f7\u6a5f\3\uff72\uff9d\uff81\EA\u7cfb' with pattern '*3\uff72\uff9d\uff81_HTL13\u2605xx_*\uff92\uff7bSiO2\u819c\uff84\uff9e\uff97\uff72\uff74\uff6f\uff81\uff8c\uff9f\uff9b\uff78\uff9e\uff97\uff91\uff7c\uff70\uff84*.xlsm'
2025-08-11 14:07:55,917 - INFO - 2025-08-11 14:07:55 Found latest source file: 3\uff72\uff9d\uff81_HTL13\u2605xx_ \uff92\uff7bSiO2\u819c\uff84\uff9e\uff97\uff72\uff74\uff6f\uff81\uff8c\uff9f\uff9b\uff78\uff9e\uff97\uff91\uff7c\uff70\uff84.xlsm
2025-08-11 14:07:58,063 - INFO - 2025-08-11 14:07:58 File copied successfully -> ..\DataFile\012_MESA\3\uff72\uff9d\uff81_HTL13\u2605xx_ \uff92\uff7bSiO2\u819c\uff84\uff9e\uff97\uff72\uff74\uff6f\uff81\uff8c\uff9f\uff9b\uff78\uff9e\uff97\uff91\uff7c\uff70\uff84.xlsm
2025-08-11 14:07:58,063 - INFO - 2025-08-11 14:07:58 --- Start processing file: 3\uff72\uff9d\uff81_HTL13\u2605xx_ \uff92\uff7bSiO2\u819c\uff84\uff9e\uff97\uff72\uff74\uff6f\uff81\uff8c\uff9f\uff9b\uff78\uff9e\uff97\uff91\uff7c\uff70\uff84.xlsm ---
2025-08-11 14:08:01,880 - INFO - 2025-08-11 14:08:01 Step 1: Successfully read main sheet '\u30c7\u30fc\u30bf', 0 rows loaded.
2025-08-11 14:08:01,880 - INFO - 2025-08-11 14:08:01 No XY coordinate sheet setting detected. Processing in CVD mode.
