2025-08-11 09:52:23,264 - INFO - 2025-08-11 09:52:23 ===== \u901a\u7528\u8173\u672c\u958b\u59cb\u57f7\u884c =====
2025-08-11 09:52:23,264 - INFO - 2025-08-11 09:52:23 \u627e\u5230 2 \u500b .ini \u8a2d\u5b9a\u6a94: Config_GRATING_Crystal_Duty.ini, Config_GRATING_CVD_Duty.ini
2025-08-11 09:55:40,506 - INFO - 2025-08-11 09:55:40 ===== \u901a\u7528\u8173\u672c\u958b\u59cb\u57f7\u884c =====
2025-08-11 09:55:40,507 - INFO - 2025-08-11 09:55:40 \u627e\u5230 2 \u500b .ini \u8a2d\u5b9a\u6a94: Config_GRATING_Crystal_Duty.ini, Config_GRATING_CVD_Duty.ini
2025-08-11 10:29:11,449 - INFO - 2025-08-11 10:29:11 ===== \u901a\u7528\u8173\u672c\u958b\u59cb\u57f7\u884c =====
2025-08-11 10:29:11,452 - INFO - 2025-08-11 10:29:11 \u627e\u5230 2 \u500b .ini \u8a2d\u5b9a\u6a94: Config_GRATING_Crystal_Duty.ini, Config_GRATING_CVD_Duty.ini
2025-08-11 10:31:04,924 - INFO - 2025-08-11 10:31:04 ===== \u901a\u7528\u8173\u672c\u958b\u59cb\u57f7\u884c =====
2025-08-11 10:31:04,925 - INFO - 2025-08-11 10:31:04 \u627e\u5230 2 \u500b .ini \u8a2d\u5b9a\u6a94: Config_GRATING_Crystal_Duty.ini, Config_GRATING_CVD_Duty.ini
2025-08-11 10:32:11,996 - INFO - 2025-08-11 10:32:11 ===== \u901a\u7528\u8173\u672c\u958b\u59cb\u57f7\u884c =====
2025-08-11 10:32:11,998 - INFO - 2025-08-11 10:32:11 \u627e\u5230 2 \u500b .ini \u8a2d\u5b9a\u6a94: Config_GRATING_Crystal_Duty.ini, Config_GRATING_CVD_Duty.ini
2025-08-11 12:51:36,435 - INFO - 2025-08-11 12:51:36 ===== \u901a\u7528\u8173\u672c\u958b\u59cb\u57f7\u884c =====
2025-08-11 12:51:36,435 - INFO - 2025-08-11 12:51:36 \u627e\u5230 2 \u500b .ini \u8a2d\u5b9a\u6a94: Config_GRATING_Crystal_Duty.ini, Config_GRATING_CVD_Duty.ini
2025-08-11 12:53:02,747 - INFO - 2025-08-11 12:53:02 ===== \u901a\u7528\u8173\u672c\u958b\u59cb\u57f7\u884c =====
2025-08-11 12:53:02,747 - INFO - 2025-08-11 12:53:02 \u627e\u5230 2 \u500b .ini \u8a2d\u5b9a\u6a94: Config_GRATING_Crystal_Duty.ini, Config_GRATING_CVD_Duty.ini
2025-08-11 12:54:59,528 - INFO - 2025-08-11 12:54:59 ===== \u901a\u7528\u8173\u672c\u958b\u59cb\u57f7\u884c =====
2025-08-11 12:54:59,528 - INFO - 2025-08-11 12:54:59 \u627e\u5230 2 \u500b .ini \u8a2d\u5b9a\u6a94: Config_GRATING_Crystal_Duty.ini, Config_GRATING_CVD_Duty.ini
2025-08-11 13:00:02,571 - INFO - 2025-08-11 13:00:02 ===== \u901a\u7528\u8173\u672c\u958b\u59cb\u57f7\u884c =====
2025-08-11 13:00:02,572 - INFO - 2025-08-11 13:00:02 \u627e\u5230 2 \u500b .ini \u8a2d\u5b9a\u6a94: Config_GRATING_Crystal_Duty.ini, Config_GRATING_CVD_Duty.ini
2025-08-11 13:34:55,023 - INFO - 2025-08-11 13:34:55 ===== \u901a\u7528\u8173\u672c\u958b\u59cb\u57f7\u884c =====
2025-08-11 13:34:55,025 - INFO - 2025-08-11 13:34:55 \u627e\u5230 2 \u500b .ini \u8a2d\u5b9a\u6a94: Config_GRATING_Crystal_Duty.ini, Config_GRATING_CVD_Duty.ini
2025-08-11 13:39:48,177 - INFO - 2025-08-11 13:39:48 ===== Universal Script Start =====
2025-08-11 13:39:48,178 - INFO - 2025-08-11 13:39:48 Found 2 config file(s): Config_GRATING_Crystal_Duty.ini, Config_GRATING_CVD_Duty.ini
2025-08-11 14:04:53,602 - INFO - 2025-08-11 14:04:53 ===== Universal Script Start =====
2025-08-11 14:04:53,603 - INFO - 2025-08-11 14:04:53 Found 3 config file(s): MESA_CVD_EtchingRate_Dry3.ini, MESA_CVD_EtchingRate_Dry6.ini, MESA_CVD_EtchingRate_Dry8.ini
2025-08-11 14:07:05,885 - INFO - 2025-08-11 14:07:05 ===== Universal Script Start =====
2025-08-11 14:07:05,886 - INFO - 2025-08-11 14:07:05 Found 3 config file(s): MESA_CVD_EtchingRate_Dry3.ini, MESA_CVD_EtchingRate_Dry6.ini, MESA_CVD_EtchingRate_Dry8.ini
2025-08-11 14:07:55,661 - INFO - 2025-08-11 14:07:55 ===== Universal Script Start =====
2025-08-11 14:07:55,663 - INFO - 2025-08-11 14:07:55 Found 3 config file(s): MESA_CVD_EtchingRate_Dry3.ini, MESA_CVD_EtchingRate_Dry6.ini, MESA_CVD_EtchingRate_Dry8.ini
