2025-11-03 14:08:59,447 - INFO - ===== Start processing INI: Config_Length_NG.ini =====
2025-11-03 14:09:20,882 - INFO - [Select] scanning Y:\LD\Sorting_Map_data\GainChipAfterLength with pattern 'RC_*.csv', found 250 files
2025-11-03 14:09:20,887 - INFO - [Select] selected 0 file(s)
2025-11-03 14:09:20,888 - INFO - [INFO] no files matched selection rules
2025-11-03 14:09:20,888 - INFO - ===== Finished INI: Config_Length_NG.ini ; outputs=0 =====
2025-11-03 14:24:33,657 - INFO - ===== Start processing INI: Config_Length_NG.ini =====
2025-11-03 14:24:55,712 - INFO - [Select] scanning Y:\LD\Sorting_Map_data\GainChipAfterLength with pattern 'RC_*.csv', found 250 files
2025-11-03 14:24:55,718 - INFO - [Select] selected 0 file(s)
2025-11-03 14:24:55,719 - INFO - [INFO] no files matched selection rules
2025-11-03 14:24:55,719 - INFO - ===== Finished INI: Config_Length_NG.ini ; outputs=0 =====
2025-11-03 15:12:33,676 - INFO - ===== Start processing INI: Config_Length_NG.ini =====
2025-11-03 15:12:54,560 - INFO - [Select] scanning Y:\LD\Sorting_Map_data\GainChipAfterLength with pattern 'RC_*.csv', found 250 files
2025-11-03 15:12:54,565 - INFO - [Select] selected 0 file(s)
2025-11-03 15:12:54,566 - INFO - [INFO] no files matched selection rules
2025-11-03 15:12:54,567 - INFO - ===== Finished INI: Config_Length_NG.ini ; outputs=0 =====
2025-11-03 15:17:29,814 - INFO - ===== Start processing INI: Config_Length_NG.ini =====
2025-11-03 15:17:53,267 - INFO - [Select] scanning Y:\LD\Sorting_Map_data\GainChipAfterLength with pattern 'RC_*.csv', found 250 files
2025-11-03 15:17:53,277 - INFO - [Select] selected 0 file(s)
2025-11-03 15:17:53,279 - INFO - [INFO] no files matched selection rules
2025-11-03 15:17:53,280 - INFO - ===== Finished INI: Config_Length_NG.ini ; outputs=0 =====
2025-11-03 15:21:16,301 - INFO - ===== Start processing INI: Config_Length_NG.ini =====
2025-11-03 15:21:37,713 - INFO - [Select] scanning Y:\LD\Sorting_Map_data\GainChipAfterLength with pattern 'RC_*.csv', found 250 files
2025-11-03 15:21:37,719 - INFO - [Select] selected 0 file(s)
2025-11-03 15:21:37,721 - INFO - [INFO] no files matched selection rules
2025-11-03 15:21:37,722 - INFO - ===== Finished INI: Config_Length_NG.ini ; outputs=0 =====
2025-11-03 15:28:03,539 - INFO - ===== Start processing INI: Config_Length_NG.ini =====
2025-11-03 15:28:28,221 - INFO - [Select] scanning Y:\LD\Sorting_Map_data\GainChipAfterLength with pattern 'RC_*.csv', found 250 files
2025-11-03 15:28:28,226 - INFO - [Select] selected 0 file(s)
2025-11-03 15:28:28,227 - INFO - [INFO] no files matched selection rules
2025-11-03 15:28:28,227 - INFO - ===== Finished INI: Config_Length_NG.ini ; outputs=0 =====
2025-11-03 15:28:34,384 - INFO - ===== Start processing INI: Config_Length_NG.ini =====
2025-11-03 15:28:57,858 - INFO - [Select] scanning Y:\LD\Sorting_Map_data\GainChipAfterLength with pattern 'RC_*.csv', found 250 files
2025-11-03 15:28:57,868 - INFO - [Select] selected 0 file(s)
2025-11-03 15:28:57,873 - INFO - [INFO] no files matched selection rules
2025-11-03 15:28:57,875 - INFO - ===== Finished INI: Config_Length_NG.ini ; outputs=0 =====
2025-11-03 15:29:20,251 - INFO - ===== Start processing INI: Config_Length_NG.ini =====
2025-11-03 15:29:43,079 - INFO - [Select] scanning Y:\LD\Sorting_Map_data\GainChipAfterLength with pattern 'RC_*.csv', found 250 files
2025-11-03 15:29:43,082 - INFO - [Select] selected 0 file(s)
2025-11-03 15:29:43,083 - INFO - [INFO] no files matched selection rules
2025-11-03 15:29:43,083 - INFO - ===== Finished INI: Config_Length_NG.ini ; outputs=0 =====
2025-11-03 15:30:19,352 - INFO - ===== Start processing INI: Config_Length_NG.ini =====
2025-11-03 15:30:40,583 - INFO - [Select] scanning Y:\LD\Sorting_Map_data\GainChipAfterLength with pattern 'RC_*.csv', found 250 files
2025-11-03 15:30:40,625 - INFO - [Select] selected 0 file(s)
2025-11-03 15:30:40,626 - INFO - [INFO] no files matched selection rules
2025-11-03 15:30:40,627 - INFO - ===== Finished INI: Config_Length_NG.ini ; outputs=0 =====
2025-11-03 15:31:37,223 - INFO - ===== Start processing INI: Config_Length_NG.ini =====
2025-11-03 15:31:59,173 - INFO - [Select] scanning Y:\LD\Sorting_Map_data\GainChipAfterLength with pattern 'RC_*.csv', found 250 files
2025-11-03 15:31:59,203 - INFO - [Select] selected 0 file(s)
2025-11-03 15:31:59,205 - INFO - [INFO] no files matched selection rules
2025-11-03 15:31:59,206 - INFO - ===== Finished INI: Config_Length_NG.ini ; outputs=0 =====
2025-11-03 15:34:57,162 - INFO - ===== Start processing INI: Config_Length_NG.ini =====
2025-11-03 15:35:18,628 - INFO - [Select] scanning Y:\LD\Sorting_Map_data\GainChipAfterLength with pattern 'RC_*.csv', found 250 files
2025-11-03 15:35:18,691 - INFO - [Select] selected 0 file(s)
2025-11-03 15:35:18,693 - INFO - [INFO] no files matched selection rules
2025-11-03 15:35:18,694 - INFO - ===== Finished INI: Config_Length_NG.ini ; outputs=0 =====
2025-11-03 15:35:58,070 - INFO - ===== Start processing INI: Config_Length_NG.ini =====
2025-11-03 15:36:20,010 - INFO - [Select] scanning Y:\LD\Sorting_Map_data\GainChipAfterLength with pattern 'RC_*.csv', found 250 files
2025-11-03 15:36:20,180 - INFO - [Select] selected 0 file(s)
2025-11-03 15:36:20,183 - INFO - [INFO] no files matched selection rules
2025-11-03 15:36:20,183 - INFO - ===== Finished INI: Config_Length_NG.ini ; outputs=0 =====
2025-11-03 15:37:00,044 - INFO - ===== Start processing INI: Config_Length_NG.ini =====
2025-11-03 15:37:21,443 - INFO - [Select] scanning Y:\LD\Sorting_Map_data\GainChipAfterLength with pattern 'RC_*.csv', found 250 files
2025-11-03 15:37:21,507 - INFO - [Select] selected 0 file(s)
2025-11-03 15:37:21,512 - INFO - [INFO] no files matched selection rules
2025-11-03 15:37:21,513 - INFO - ===== Finished INI: Config_Length_NG.ini ; outputs=0 =====
2025-11-03 15:38:34,756 - INFO - ===== Start processing INI: Config_Length_NG.ini =====
2025-11-03 15:38:56,518 - INFO - [Select] scanning Y:\LD\Sorting_Map_data\GainChipAfterLength with pattern 'RC_*.csv', found 250 files
2025-11-03 15:38:56,556 - INFO - [Select] selected 0 file(s)
2025-11-03 15:38:56,557 - INFO - [INFO] no files matched selection rules
2025-11-03 15:38:56,558 - INFO - ===== Finished INI: Config_Length_NG.ini ; outputs=0 =====
2025-11-03 15:42:54,123 - INFO - ===== Start processing INI: Config_Length_NG.ini =====
2025-11-03 15:43:16,255 - INFO - [Select] scanning Y:\LD\Sorting_Map_data\GainChipAfterLength with pattern 'RC_*.csv', found 250 files
2025-11-03 15:43:16,289 - INFO - [Select] selected 0 file(s)
2025-11-03 15:43:16,289 - INFO - [INFO] no files matched selection rules
2025-11-03 15:43:16,290 - INFO - ===== Finished INI: Config_Length_NG.ini ; outputs=0 =====
2025-11-03 15:43:34,884 - INFO - ===== Start processing INI: Config_Length_NG.ini =====
2025-11-03 15:43:57,160 - INFO - [Select] scanning Y:\LD\Sorting_Map_data\GainChipAfterLength with pattern 'RC_*.csv', found 250 files
2025-11-03 15:43:57,205 - INFO - [Select] selected 0 file(s)
2025-11-03 15:43:57,206 - INFO - [INFO] no files matched selection rules
2025-11-03 15:43:57,207 - INFO - ===== Finished INI: Config_Length_NG.ini ; outputs=0 =====
2025-11-03 15:44:20,567 - INFO - ===== Start processing INI: Config_Length_NG.ini =====
2025-11-03 15:44:41,664 - INFO - [Select] scanning Y:\LD\Sorting_Map_data\GainChipAfterLength with pattern 'RC_*.csv', found 250 files
2025-11-03 15:44:41,927 - INFO - [Select] selected 0 file(s)
2025-11-03 15:44:41,937 - INFO - [INFO] no files matched selection rules
2025-11-03 15:44:41,937 - INFO - ===== Finished INI: Config_Length_NG.ini ; outputs=0 =====
2025-11-03 15:45:23,800 - INFO - ===== Start processing INI: Config_Length_NG.ini =====
2025-11-03 15:45:45,668 - INFO - [Select] scanning Y:\LD\Sorting_Map_data\GainChipAfterLength with pattern 'RC_*.csv', found 250 files
2025-11-03 15:45:45,703 - INFO - [Select] selected 0 file(s)
2025-11-03 15:45:45,704 - INFO - [INFO] no files matched selection rules
2025-11-03 15:45:45,705 - INFO - ===== Finished INI: Config_Length_NG.ini ; outputs=0 =====
2025-11-03 15:46:46,465 - INFO - ===== Start processing INI: Config_Length_NG.ini =====
2025-11-03 15:47:07,773 - INFO - [Select] scanning Y:\LD\Sorting_Map_data\GainChipAfterLength with pattern 'RC_*.csv', found 250 files
2025-11-03 15:47:07,837 - INFO - [Select] selected 0 file(s)
2025-11-03 15:47:07,838 - INFO - [INFO] no files matched selection rules
2025-11-03 15:47:07,838 - INFO - ===== Finished INI: Config_Length_NG.ini ; outputs=0 =====
2025-11-03 15:47:25,213 - INFO - ===== Start processing INI: Config_Length_NG.ini =====
2025-11-03 15:47:46,641 - INFO - [Select] scanning Y:\LD\Sorting_Map_data\GainChipAfterLength with pattern 'RC_*.csv', found 250 files
2025-11-03 15:47:46,766 - INFO - [Select] selected 0 file(s)
2025-11-03 15:47:46,769 - INFO - [INFO] no files matched selection rules
2025-11-03 15:47:46,769 - INFO - ===== Finished INI: Config_Length_NG.ini ; outputs=0 =====
2025-11-03 15:48:55,889 - INFO - ===== Start processing INI: Config_Length_NG.ini =====
2025-11-03 15:49:17,350 - INFO - [Select] scanning Y:\LD\Sorting_Map_data\GainChipAfterLength with pattern 'RC_*.csv', found 250 files
2025-11-03 15:49:17,378 - INFO - [Select] selected 0 file(s)
2025-11-03 15:49:17,379 - INFO - [INFO] no files matched selection rules
2025-11-03 15:49:17,380 - INFO - ===== Finished INI: Config_Length_NG.ini ; outputs=0 =====
2025-11-03 15:50:17,018 - INFO - ===== Start processing INI: Config_Length_NG.ini =====
2025-11-03 15:50:38,595 - INFO - [Select] scanning Y:\LD\Sorting_Map_data\GainChipAfterLength with pattern 'RC_*.csv', found 250 files
2025-11-03 15:50:38,669 - WARNING - [Select] timestamp parse failed: RC_25CS1B279Aa0000000000_20251009_173202.csv
2025-11-03 15:50:38,670 - WARNING - [Select] timestamp parse failed: RC_25CS1B279Aa0000000000_20251009_181112.csv
2025-11-03 15:50:38,670 - WARNING - [Select] timestamp parse failed: RC_25CS1B281Aa0000000000_20251013_051216.csv
2025-11-03 15:50:38,671 - WARNING - [Select] timestamp parse failed: RC_25CS1B286Ba0000000001_20251012_094616.csv
2025-11-03 15:50:38,671 - WARNING - [Select] timestamp parse failed: RC_25CS1B288Ba0000000000_20251012_150147.csv
2025-11-03 15:50:38,672 - WARNING - [Select] timestamp parse failed: RC_25CS1B291Ba0000000000_20251023_173245.csv
2025-11-03 15:50:38,672 - WARNING - [Select] timestamp parse failed: RC_25CS1B291Ba0000000001_20251022_062714.csv
2025-11-03 15:50:38,673 - WARNING - [Select] timestamp parse failed: RC_25CS1B291Ba0000000001_20251022_064341.csv
2025-11-03 15:50:38,673 - WARNING - [Select] timestamp parse failed: RC_25CS1B292Aa0000000000_20251023_022315.csv
2025-11-03 15:50:38,673 - WARNING - [Select] timestamp parse failed: RC_25CS1B292Aa0000000001_20251023_152355.csv
2025-11-03 15:50:38,674 - WARNING - [Select] timestamp parse failed: RC_25CS1B292Ba0000000000_20251022_084155.csv
2025-11-03 15:50:38,674 - WARNING - [Select] timestamp parse failed: RC_25CS1B292Ba0000000001_20251022_063244.csv
2025-11-03 15:50:38,675 - WARNING - [Select] timestamp parse failed: RC_25CS1B293Aa0000000000_20251023_153041.csv
2025-11-03 15:50:38,675 - WARNING - [Select] timestamp parse failed: RC_25CS1B293Aa0000000001_20251023_185647.csv
2025-11-03 15:50:38,676 - WARNING - [Select] timestamp parse failed: RC_25CS1B293Ba0000000000_20251023_134914.csv
2025-11-03 15:50:38,676 - WARNING - [Select] timestamp parse failed: RC_25CS1B294Ba0000000000_20251023_044929.csv
2025-11-03 15:50:38,676 - WARNING - [Select] timestamp parse failed: RC_25CS1B294Ba0000000001_20251023_043908.csv
2025-11-03 15:50:38,677 - WARNING - [Select] timestamp parse failed: RC_25CS1B295Aa0000000000_20251023_144014.csv
2025-11-03 15:50:38,677 - WARNING - [Select] timestamp parse failed: RC_25CS1B295Aa0000000001_20251023_145058.csv
2025-11-03 15:50:38,678 - WARNING - [Select] timestamp parse failed: RC_25CS1B295Ba0000000000_20251023_074838.csv
2025-11-03 15:50:38,679 - WARNING - [Select] timestamp parse failed: RC_25CS1B295Ba0000000001_20251023_075847.csv
2025-11-03 15:50:38,681 - WARNING - [Select] timestamp parse failed: RC_25CS1B296Ba0000000000_20251023_074301.csv
2025-11-03 15:50:38,682 - WARNING - [Select] timestamp parse failed: RC_25CS1B296Ba0000000001_20251023_045613.csv
2025-11-03 15:50:38,682 - WARNING - [Select] timestamp parse failed: RC_25CS1B297Ba0000000000_20251023_181430.csv
2025-11-03 15:50:38,683 - WARNING - [Select] timestamp parse failed: RC_25CS1B297Ba0000000001_20251023_182142.csv
2025-11-03 15:50:38,683 - WARNING - [Select] timestamp parse failed: RC_25CS1B298Ba0000000000_20251024_002303.csv
2025-11-03 15:50:38,684 - WARNING - [Select] timestamp parse failed: RC_25CS1B298Ba0000000001_20251024_003345.csv
2025-11-03 15:50:38,684 - WARNING - [Select] timestamp parse failed: RC_25CS1B298Ba0000000001_20251024_124340.csv
2025-11-03 15:50:38,684 - WARNING - [Select] timestamp parse failed: RC_25CS1B298Ba0000000001_20251024_143117.csv
2025-11-03 15:50:38,685 - WARNING - [Select] timestamp parse failed: RC_25CS1B301Ba0000000000_20251101_225400.csv
2025-11-03 15:50:38,685 - WARNING - [Select] timestamp parse failed: RC_25CS1B301Ba0000000001_20251101_230722.csv
2025-11-03 15:50:38,686 - WARNING - [Select] timestamp parse failed: RC_25CS1B302Ba0000000000_20251101_225931.csv
2025-11-03 15:50:38,686 - WARNING - [Select] timestamp parse failed: RC_25CS1B302Ba0000000001_20251101_182818.csv
2025-11-03 15:50:38,686 - WARNING - [Select] timestamp parse failed: RC_25CS1B303Ba0000000000_20251101_183750.csv
2025-11-03 15:50:38,687 - WARNING - [Select] timestamp parse failed: RC_25CS1B304Ba0000000000_20251023_111332.csv
2025-11-03 15:50:38,687 - WARNING - [Select] timestamp parse failed: RC_25CS1B569Ba0000000000_20251012_151838.csv
2025-11-03 15:50:38,687 - WARNING - [Select] timestamp parse failed: RC_25CS1B571Ba0000000000_20251022_043955.csv
2025-11-03 15:50:38,688 - WARNING - [Select] timestamp parse failed: RC_25CS1B571Ba0000000001_20251022_044829.csv
2025-11-03 15:50:38,688 - WARNING - [Select] timestamp parse failed: RC_25CS1B572Ba0000000000_20251023_055304.csv
2025-11-03 15:50:38,689 - WARNING - [Select] timestamp parse failed: RC_25CS1B572Ba0000000001_20251023_114946.csv
2025-11-03 15:50:38,689 - WARNING - [Select] timestamp parse failed: RC_25CS1B573Ba0000000000_20251022_082452.csv
2025-11-03 15:50:38,689 - WARNING - [Select] timestamp parse failed: RC_25CS1B573Ba0000000001_20251018_191819.csv
2025-11-03 15:50:38,690 - WARNING - [Select] timestamp parse failed: RC_25CS1B574Ba0000000000_20251022_061230.csv
2025-11-03 15:50:38,690 - WARNING - [Select] timestamp parse failed: RC_25CS1B574Ba0000000001_20251022_062050.csv
2025-11-03 15:50:38,690 - WARNING - [Select] timestamp parse failed: RC_25CS1B574Ba0000000001_20251022_064249.csv
2025-11-03 15:50:38,690 - WARNING - [Select] timestamp parse failed: RC_25CS1B575Ba0000000000_20251023_163614.csv
2025-11-03 15:50:38,691 - WARNING - [Select] timestamp parse failed: RC_25CS1B575Ba0000000001_20251023_155236.csv
2025-11-03 15:50:38,691 - WARNING - [Select] timestamp parse failed: RC_25CS1B576Aa0000000000_20251024_151338.csv
2025-11-03 15:50:38,691 - WARNING - [Select] timestamp parse failed: RC_25CS1B576Aa0000000001_20251023_020100.csv
2025-11-03 15:50:38,691 - WARNING - [Select] timestamp parse failed: RC_25CS1B576Ba0000000000_20251023_161615.csv
2025-11-03 15:50:38,692 - WARNING - [Select] timestamp parse failed: RC_25CS1B576Ba0000000001_20251023_155934.csv
2025-11-03 15:50:38,692 - WARNING - [Select] timestamp parse failed: RC_25CS1B577Aa0000000000_20251023_073530.csv
2025-11-03 15:50:38,692 - WARNING - [Select] timestamp parse failed: RC_25CS1B577Aa0000000001_20251023_050236.csv
2025-11-03 15:50:38,692 - WARNING - [Select] timestamp parse failed: RC_25CS1B577Ba0000000000_20251023_162335.csv
2025-11-03 15:50:38,693 - WARNING - [Select] timestamp parse failed: RC_25CS1B577Ba0000000001_20251023_190232.csv
2025-11-03 15:50:38,693 - WARNING - [Select] timestamp parse failed: RC_25CS1B578Aa0000000000_20251023_115824.csv
2025-11-03 15:50:38,693 - WARNING - [Select] timestamp parse failed: RC_25CS1B578Aa0000000001_20251023_085001.csv
2025-11-03 15:50:38,693 - WARNING - [Select] timestamp parse failed: RC_25CS1B578Ba0000000000_20251023_235824.csv
2025-11-03 15:50:38,693 - WARNING - [Select] timestamp parse failed: RC_25CS1B578Ba0000000000_20251024_000700.csv
2025-11-03 15:50:38,694 - WARNING - [Select] timestamp parse failed: RC_25CS1B578Ba0000000001_20251022_083354.csv
2025-11-03 15:50:38,694 - WARNING - [Select] timestamp parse failed: RC_25FJ1B655Ba0000000000_20251101_141614.csv
2025-11-03 15:50:38,695 - WARNING - [Select] timestamp parse failed: RC_25FJ1B656Ba0000000000_20251101_124552.csv
2025-11-03 15:50:38,696 - WARNING - [Select] timestamp parse failed: RC_25FJ1B657Aa0000000000_20251101_130714.csv
2025-11-03 15:50:38,697 - WARNING - [Select] timestamp parse failed: RC_25FJ1B658Ba0000000001_20251101_123506.csv
2025-11-03 15:50:38,697 - WARNING - [Select] timestamp parse failed: RC_25FJ1B659Ba0000000001_20251101_122512.csv
2025-11-03 15:50:38,697 - WARNING - [Select] timestamp parse failed: RC_25FK1B672Ba0000000000_20251023_193148.csv
2025-11-03 15:50:38,698 - WARNING - [Select] timestamp parse failed: RC_25FK1B672Ba0000000001_20251024_124420.csv
2025-11-03 15:50:38,698 - WARNING - [Select] timestamp parse failed: RC_25FK1B673Ba0000000000_20251023_192143.csv
2025-11-03 15:50:38,698 - WARNING - [Select] timestamp parse failed: RC_25FK1B673Ba0000000001_20251024_125337.csv
2025-11-03 15:50:38,699 - WARNING - [Select] timestamp parse failed: RC_25FK1B674Ba0000000000_20251024_143708.csv
2025-11-03 15:50:38,699 - WARNING - [Select] timestamp parse failed: RC_25FK1B675Aa0000000001_20251025_035954.csv
2025-11-03 15:50:38,699 - WARNING - [Select] timestamp parse failed: RC_25FK1B675Ba0000000000_20251025_042535.csv
2025-11-03 15:50:38,700 - WARNING - [Select] timestamp parse failed: RC_25FK1B675Ba0000000000_20251025_043054.csv
2025-11-03 15:50:38,700 - WARNING - [Select] timestamp parse failed: RC_25FK1B675Ba0000000000_20251025_044906.csv
2025-11-03 15:50:38,700 - WARNING - [Select] timestamp parse failed: RC_25FK1B675Ba0000000001_20251025_041325.csv
2025-11-03 15:50:38,701 - WARNING - [Select] timestamp parse failed: RC_25FK1B676Aa0000000000_20251025_050815.csv
2025-11-03 15:50:38,701 - WARNING - [Select] timestamp parse failed: RC_25FK1B676Ba0000000000_20251025_124236.csv
2025-11-03 15:50:38,701 - WARNING - [Select] timestamp parse failed: RC_25FK1B676Ba0000000001_20251025_124849.csv
2025-11-03 15:50:38,701 - WARNING - [Select] timestamp parse failed: RC_25FK1B677Aa0000000000_20251025_043724.csv
2025-11-03 15:50:38,702 - WARNING - [Select] timestamp parse failed: RC_25FK1B677Aa0000000001_20251025_123103.csv
2025-11-03 15:50:38,702 - WARNING - [Select] timestamp parse failed: RC_25FK1B677Ba0000000000_20251027_120128.csv
2025-11-03 15:50:38,702 - WARNING - [Select] timestamp parse failed: RC_25FK1B677Ba0000000001_20251101_065116.csv
2025-11-03 15:50:38,702 - WARNING - [Select] timestamp parse failed: RC_25FK1B678Aa0000000000_20251025_125825.csv
2025-11-03 15:50:38,703 - WARNING - [Select] timestamp parse failed: RC_25FK1B678Ba0000000000_20251101_131315.csv
2025-11-03 15:50:38,703 - WARNING - [Select] timestamp parse failed: RC_25FK1B678Ba0000000001_20251101_142450.csv
2025-11-03 15:50:38,703 - WARNING - [Select] timestamp parse failed: RC_25FK1B679Aa0000000000_20251025_104303.csv
2025-11-03 15:50:38,703 - WARNING - [Select] timestamp parse failed: RC_25FK1B679Aa0000000001_20251025_152914.csv
2025-11-03 15:50:38,703 - WARNING - [Select] timestamp parse failed: RC_25FK1B679Ba0000000000_20251101_143133.csv
2025-11-03 15:50:38,704 - WARNING - [Select] timestamp parse failed: RC_25FK1B679Ba0000000001_20251101_163056.csv
2025-11-03 15:50:38,704 - WARNING - [Select] timestamp parse failed: RC_25FX1B680Aa0000000000_20251025_153950.csv
2025-11-03 15:50:38,704 - WARNING - [Select] timestamp parse failed: RC_25FX1B680Aa0000000001_20251025_155232.csv
2025-11-03 15:50:38,704 - WARNING - [Select] timestamp parse failed: RC_25FX1B681Aa0000000000_20251027_132041.csv
2025-11-03 15:50:38,704 - WARNING - [Select] timestamp parse failed: RC_25FX1B681Ba0000000000_20251101_162320.csv
2025-11-03 15:50:38,704 - WARNING - [Select] timestamp parse failed: RC_25FX1B681Ba0000000001_20251101_163341.csv
2025-11-03 15:50:38,704 - WARNING - [Select] timestamp parse failed: RC_25FX1B682Aa0000000000_20251101_061920.csv
2025-11-03 15:50:38,705 - WARNING - [Select] timestamp parse failed: RC_25FX1B682Aa0000000001_20251101_063127.csv
2025-11-03 15:50:38,705 - WARNING - [Select] timestamp parse failed: RC_25FX1B682Ba0000000000_20251101_170722.csv
2025-11-03 15:50:38,705 - WARNING - [Select] timestamp parse failed: RC_25FX1B683Aa0000000000_20251027_115118.csv
2025-11-03 15:50:38,705 - WARNING - [Select] timestamp parse failed: RC_25FX1B684Aa0000000001_20251012_010802.csv
2025-11-03 15:50:38,705 - WARNING - [Select] timestamp parse failed: RC_25FX1B685Aa0000000000_20251013_045239.csv
2025-11-03 15:50:38,705 - WARNING - [Select] timestamp parse failed: RC_25FX1B685Aa0000000001_20251012_160745.csv
2025-11-03 15:50:38,706 - WARNING - [Select] timestamp parse failed: RC_25FX1B685Ba0000000000_20251013_080416.csv
2025-11-03 15:50:38,706 - WARNING - [Select] timestamp parse failed: RC_25FX1B685Ba0000000001_20251013_080854.csv
2025-11-03 15:50:38,706 - WARNING - [Select] timestamp parse failed: RC_25FX1B685Ba0000000001_20251013_092124.csv
2025-11-03 15:50:38,706 - WARNING - [Select] timestamp parse failed: RC_25FX1B687Ba0000000000_20251010_211152.csv
2025-11-03 15:50:38,706 - WARNING - [Select] timestamp parse failed: RC_25FX1B687Ba0000000000_20251010_213404.csv
2025-11-03 15:50:38,706 - WARNING - [Select] timestamp parse failed: RC_25FX1B687Ba0000000000_20251010_220006.csv
2025-11-03 15:50:38,707 - WARNING - [Select] timestamp parse failed: RC_25FX1B687Ba0000000000_20251011_012210.csv
2025-11-03 15:50:38,707 - WARNING - [Select] timestamp parse failed: RC_25GL1B688Ba0000000000_20251013_081924.csv
2025-11-03 15:50:38,707 - WARNING - [Select] timestamp parse failed: RC_25GL1B688Ba0000000000_20251013_094642.csv
2025-11-03 15:50:38,707 - WARNING - [Select] timestamp parse failed: RC_25GL1B688Ba0000000001_20251013_082547.csv
2025-11-03 15:50:38,707 - WARNING - [Select] timestamp parse failed: RC_25GL1B688Ba0000000001_20251013_095634.csv
2025-11-03 15:50:38,708 - WARNING - [Select] timestamp parse failed: RC_25GL1B689Ba0000000001_20251011_135327.csv
2025-11-03 15:50:38,708 - WARNING - [Select] timestamp parse failed: RC_25GL1B690Ba0000000000_20251013_103106.csv
2025-11-03 15:50:38,708 - WARNING - [Select] timestamp parse failed: RC_25GL1B690Ba0000000001_20251014_043004.csv
2025-11-03 15:50:38,708 - WARNING - [Select] timestamp parse failed: RC_25GL1B691Aa0000000000_20251012_003014.csv
2025-11-03 15:50:38,708 - WARNING - [Select] timestamp parse failed: RC_25GL1B691Aa0000000001_20251013_044228.csv
2025-11-03 15:50:38,708 - WARNING - [Select] timestamp parse failed: RC_25GL1B691Ba0000000000_20251013_050735.csv
2025-11-03 15:50:38,708 - WARNING - [Select] timestamp parse failed: RC_25GL1B691Ba0000000001_20251012_171820.csv
2025-11-03 15:50:38,709 - INFO - [Select] selected 0 file(s)
2025-11-03 15:50:38,709 - INFO - [INFO] no files matched selection rules
2025-11-03 15:50:38,709 - INFO - ===== Finished INI: Config_Length_NG.ini ; outputs=0 =====
2025-11-03 15:53:08,145 - INFO - ===== Start processing INI: Config_Length_NG.ini =====
2025-11-03 15:53:31,224 - INFO - [Select] scanning Y:\LD\Sorting_Map_data\GainChipAfterLength with pattern 'RC_*.csv', found 250 files
2025-11-03 15:53:31,228 - INFO - [Select] selected 53 file(s)
2025-11-03 15:53:31,234 - INFO - [CSV] reading RC_25CS1B286Ba0000000001_20251012_094616.csv, usecols=[0, 1, 2, 3, 4, 5, 6, 7, 8, 9, 10, 11], skiprows=7
2025-11-03 15:53:31,631 - INFO - [CSV] loaded shape=(449, 12)
2025-11-03 15:53:31,673 - INFO - [COUNT] unique categories=15, total rows=449
2025-11-03 15:53:31,745 - INFO - [CSV OUT] C:\Users\hsi67063\Box\00-home-pigo.hsiao\TEMP\XML\chip_length_NG_20251103_155331_ffb0f8.csv
2025-11-03 15:53:31,830 - INFO - [XML OUT] C:\Users\hsi67063\Box\00-home-pigo.hsiao\TEMP\XML\Site=350,ProductFamily=SAG FAB,Operation=chip_length_NG,Partnumber=UNKNOWNPN,Serialnumber=chip_length_NG_20251103_155331_ffb0f8,Testdate=2025-11-03T15.53.31.xml
2025-11-03 15:53:31,831 - INFO - [CSV] reading RC_25CS1B291Ba0000000001_20251022_062714.csv, usecols=[0, 1, 2, 3, 4, 5, 6, 7, 8, 9, 10, 11], skiprows=7
2025-11-03 15:53:32,185 - INFO - [CSV] loaded shape=(530, 12)
2025-11-03 15:53:32,217 - INFO - [COUNT] unique categories=18, total rows=530
2025-11-03 15:53:32,298 - INFO - [CSV OUT] C:\Users\hsi67063\Box\00-home-pigo.hsiao\TEMP\XML\chip_length_NG_20251103_155332_92d048.csv
2025-11-03 15:53:32,349 - INFO - [XML OUT] C:\Users\hsi67063\Box\00-home-pigo.hsiao\TEMP\XML\Site=350,ProductFamily=SAG FAB,Operation=chip_length_NG,Partnumber=UNKNOWNPN,Serialnumber=chip_length_NG_20251103_155332_92d048,Testdate=2025-11-03T15.53.32.xml
2025-11-03 15:53:32,351 - INFO - [CSV] reading RC_25CS1B291Ba0000000001_20251022_064341.csv, usecols=[0, 1, 2, 3, 4, 5, 6, 7, 8, 9, 10, 11], skiprows=7
2025-11-03 15:53:33,174 - INFO - [CSV] loaded shape=(530, 12)
2025-11-03 15:53:33,208 - INFO - [COUNT] unique categories=18, total rows=530
2025-11-03 15:53:33,285 - INFO - [CSV OUT] C:\Users\hsi67063\Box\00-home-pigo.hsiao\TEMP\XML\chip_length_NG_20251103_155333_97cd3c.csv
2025-11-03 15:53:33,363 - INFO - [XML OUT] C:\Users\hsi67063\Box\00-home-pigo.hsiao\TEMP\XML\Site=350,ProductFamily=SAG FAB,Operation=chip_length_NG,Partnumber=UNKNOWNPN,Serialnumber=chip_length_NG_20251103_155333_97cd3c,Testdate=2025-11-03T15.53.33.xml
2025-11-03 15:53:33,365 - INFO - [CSV] reading RC_25CS1B292Aa0000000001_20251023_152355.csv, usecols=[0, 1, 2, 3, 4, 5, 6, 7, 8, 9, 10, 11], skiprows=7
2025-11-03 15:53:33,882 - INFO - [CSV] loaded shape=(488, 12)
2025-11-03 15:53:33,916 - INFO - [COUNT] unique categories=19, total rows=488
2025-11-03 15:53:33,984 - INFO - [CSV OUT] C:\Users\hsi67063\Box\00-home-pigo.hsiao\TEMP\XML\chip_length_NG_20251103_155333_63adbe.csv
2025-11-03 15:53:34,069 - INFO - [XML OUT] C:\Users\hsi67063\Box\00-home-pigo.hsiao\TEMP\XML\Site=350,ProductFamily=SAG FAB,Operation=chip_length_NG,Partnumber=UNKNOWNPN,Serialnumber=chip_length_NG_20251103_155333_63adbe,Testdate=2025-11-03T15.53.33.xml
2025-11-03 15:53:34,071 - INFO - [CSV] reading RC_25CS1B292Ba0000000001_20251022_063244.csv, usecols=[0, 1, 2, 3, 4, 5, 6, 7, 8, 9, 10, 11], skiprows=7
2025-11-03 15:53:34,438 - INFO - [CSV] loaded shape=(517, 12)
2025-11-03 15:53:34,451 - INFO - [COUNT] unique categories=16, total rows=517
2025-11-03 15:53:34,495 - INFO - [CSV OUT] C:\Users\hsi67063\Box\00-home-pigo.hsiao\TEMP\XML\chip_length_NG_20251103_155334_b25252.csv
2025-11-03 15:53:34,543 - INFO - [XML OUT] C:\Users\hsi67063\Box\00-home-pigo.hsiao\TEMP\XML\Site=350,ProductFamily=SAG FAB,Operation=chip_length_NG,Partnumber=UNKNOWNPN,Serialnumber=chip_length_NG_20251103_155334_b25252,Testdate=2025-11-03T15.53.34.xml
2025-11-03 15:53:34,544 - INFO - [CSV] reading RC_25CS1B293Aa0000000001_20251023_185647.csv, usecols=[0, 1, 2, 3, 4, 5, 6, 7, 8, 9, 10, 11], skiprows=7
2025-11-03 15:53:34,881 - INFO - [CSV] loaded shape=(545, 12)
2025-11-03 15:53:34,901 - INFO - [COUNT] unique categories=18, total rows=545
2025-11-03 15:53:34,948 - INFO - [CSV OUT] C:\Users\hsi67063\Box\00-home-pigo.hsiao\TEMP\XML\chip_length_NG_20251103_155334_5b55f5.csv
2025-11-03 15:53:34,989 - INFO - [XML OUT] C:\Users\hsi67063\Box\00-home-pigo.hsiao\TEMP\XML\Site=350,ProductFamily=SAG FAB,Operation=chip_length_NG,Partnumber=UNKNOWNPN,Serialnumber=chip_length_NG_20251103_155334_5b55f5,Testdate=2025-11-03T15.53.34.xml
2025-11-03 15:53:34,990 - INFO - [CSV] reading RC_25CS1B294Ba0000000001_20251023_043908.csv, usecols=[0, 1, 2, 3, 4, 5, 6, 7, 8, 9, 10, 11], skiprows=7
2025-11-03 15:53:35,321 - INFO - [CSV] loaded shape=(436, 12)
2025-11-03 15:53:35,346 - INFO - [COUNT] unique categories=15, total rows=436
2025-11-03 15:53:35,388 - INFO - [CSV OUT] C:\Users\hsi67063\Box\00-home-pigo.hsiao\TEMP\XML\chip_length_NG_20251103_155335_6c2d3c.csv
2025-11-03 15:53:35,440 - INFO - [XML OUT] C:\Users\hsi67063\Box\00-home-pigo.hsiao\TEMP\XML\Site=350,ProductFamily=SAG FAB,Operation=chip_length_NG,Partnumber=UNKNOWNPN,Serialnumber=chip_length_NG_20251103_155335_6c2d3c,Testdate=2025-11-03T15.53.35.xml
2025-11-03 15:53:35,441 - INFO - [CSV] reading RC_25CS1B295Aa0000000001_20251023_145058.csv, usecols=[0, 1, 2, 3, 4, 5, 6, 7, 8, 9, 10, 11], skiprows=7
2025-11-03 15:53:35,788 - INFO - [CSV] loaded shape=(404, 12)
2025-11-03 15:53:35,812 - INFO - [COUNT] unique categories=16, total rows=404
2025-11-03 15:53:35,864 - INFO - [CSV OUT] C:\Users\hsi67063\Box\00-home-pigo.hsiao\TEMP\XML\chip_length_NG_20251103_155335_1e5986.csv
2025-11-03 15:53:35,918 - INFO - [XML OUT] C:\Users\hsi67063\Box\00-home-pigo.hsiao\TEMP\XML\Site=350,ProductFamily=SAG FAB,Operation=chip_length_NG,Partnumber=UNKNOWNPN,Serialnumber=chip_length_NG_20251103_155335_1e5986,Testdate=2025-11-03T15.53.35.xml
2025-11-03 15:53:35,919 - INFO - [CSV] reading RC_25CS1B295Ba0000000001_20251023_075847.csv, usecols=[0, 1, 2, 3, 4, 5, 6, 7, 8, 9, 10, 11], skiprows=7
2025-11-03 15:53:36,244 - INFO - [CSV] loaded shape=(490, 12)
2025-11-03 15:53:36,259 - INFO - [COUNT] unique categories=16, total rows=490
2025-11-03 15:53:36,302 - INFO - [CSV OUT] C:\Users\hsi67063\Box\00-home-pigo.hsiao\TEMP\XML\chip_length_NG_20251103_155336_30c3de.csv
2025-11-03 15:53:36,339 - INFO - [XML OUT] C:\Users\hsi67063\Box\00-home-pigo.hsiao\TEMP\XML\Site=350,ProductFamily=SAG FAB,Operation=chip_length_NG,Partnumber=UNKNOWNPN,Serialnumber=chip_length_NG_20251103_155336_30c3de,Testdate=2025-11-03T15.53.36.xml
2025-11-03 15:53:36,340 - INFO - [CSV] reading RC_25CS1B296Ba0000000001_20251023_045613.csv, usecols=[0, 1, 2, 3, 4, 5, 6, 7, 8, 9, 10, 11], skiprows=7
2025-11-03 15:53:36,710 - INFO - [CSV] loaded shape=(456, 12)
2025-11-03 15:53:36,720 - INFO - [COUNT] unique categories=14, total rows=456
2025-11-03 15:53:36,760 - INFO - [CSV OUT] C:\Users\hsi67063\Box\00-home-pigo.hsiao\TEMP\XML\chip_length_NG_20251103_155336_e9289e.csv
2025-11-03 15:53:36,797 - INFO - [XML OUT] C:\Users\hsi67063\Box\00-home-pigo.hsiao\TEMP\XML\Site=350,ProductFamily=SAG FAB,Operation=chip_length_NG,Partnumber=UNKNOWNPN,Serialnumber=chip_length_NG_20251103_155336_e9289e,Testdate=2025-11-03T15.53.36.xml
2025-11-03 15:53:36,797 - INFO - [CSV] reading RC_25CS1B297Ba0000000001_20251023_182142.csv, usecols=[0, 1, 2, 3, 4, 5, 6, 7, 8, 9, 10, 11], skiprows=7
2025-11-03 15:53:37,124 - INFO - [CSV] loaded shape=(489, 12)
2025-11-03 15:53:37,134 - INFO - [COUNT] unique categories=13, total rows=489
2025-11-03 15:53:37,174 - INFO - [CSV OUT] C:\Users\hsi67063\Box\00-home-pigo.hsiao\TEMP\XML\chip_length_NG_20251103_155337_2cf5fd.csv
2025-11-03 15:53:37,214 - INFO - [XML OUT] C:\Users\hsi67063\Box\00-home-pigo.hsiao\TEMP\XML\Site=350,ProductFamily=SAG FAB,Operation=chip_length_NG,Partnumber=UNKNOWNPN,Serialnumber=chip_length_NG_20251103_155337_2cf5fd,Testdate=2025-11-03T15.53.37.xml
2025-11-03 15:53:37,215 - INFO - [CSV] reading RC_25CS1B298Ba0000000001_20251024_003345.csv, usecols=[0, 1, 2, 3, 4, 5, 6, 7, 8, 9, 10, 11], skiprows=7
2025-11-03 15:53:37,546 - INFO - [CSV] loaded shape=(451, 12)
2025-11-03 15:53:37,574 - INFO - [COUNT] unique categories=15, total rows=451
2025-11-03 15:53:37,654 - INFO - [CSV OUT] C:\Users\hsi67063\Box\00-home-pigo.hsiao\TEMP\XML\chip_length_NG_20251103_155337_94ad47.csv
2025-11-03 15:53:37,730 - INFO - [XML OUT] C:\Users\hsi67063\Box\00-home-pigo.hsiao\TEMP\XML\Site=350,ProductFamily=SAG FAB,Operation=chip_length_NG,Partnumber=UNKNOWNPN,Serialnumber=chip_length_NG_20251103_155337_94ad47,Testdate=2025-11-03T15.53.37.xml
2025-11-03 15:53:37,732 - INFO - [CSV] reading RC_25CS1B298Ba0000000001_20251024_124340.csv, usecols=[0, 1, 2, 3, 4, 5, 6, 7, 8, 9, 10, 11], skiprows=7
2025-11-03 15:53:38,060 - INFO - [CSV] loaded shape=(451, 12)
2025-11-03 15:53:38,072 - INFO - [COUNT] unique categories=15, total rows=451
2025-11-03 15:53:38,116 - INFO - [CSV OUT] C:\Users\hsi67063\Box\00-home-pigo.hsiao\TEMP\XML\chip_length_NG_20251103_155338_a9d5bf.csv
2025-11-03 15:53:38,164 - INFO - [XML OUT] C:\Users\hsi67063\Box\00-home-pigo.hsiao\TEMP\XML\Site=350,ProductFamily=SAG FAB,Operation=chip_length_NG,Partnumber=UNKNOWNPN,Serialnumber=chip_length_NG_20251103_155338_a9d5bf,Testdate=2025-11-03T15.53.38.xml
2025-11-03 15:53:38,165 - INFO - [CSV] reading RC_25CS1B298Ba0000000001_20251024_143117.csv, usecols=[0, 1, 2, 3, 4, 5, 6, 7, 8, 9, 10, 11], skiprows=7
2025-11-03 15:53:38,511 - INFO - [CSV] loaded shape=(451, 12)
2025-11-03 15:53:38,535 - INFO - [COUNT] unique categories=15, total rows=451
2025-11-03 15:53:38,591 - INFO - [CSV OUT] C:\Users\hsi67063\Box\00-home-pigo.hsiao\TEMP\XML\chip_length_NG_20251103_155338_936198.csv
2025-11-03 15:53:38,664 - INFO - [XML OUT] C:\Users\hsi67063\Box\00-home-pigo.hsiao\TEMP\XML\Site=350,ProductFamily=SAG FAB,Operation=chip_length_NG,Partnumber=UNKNOWNPN,Serialnumber=chip_length_NG_20251103_155338_936198,Testdate=2025-11-03T15.53.38.xml
2025-11-03 15:53:38,666 - INFO - [CSV] reading RC_25CS1B301Ba0000000001_20251101_230722.csv, usecols=[0, 1, 2, 3, 4, 5, 6, 7, 8, 9, 10, 11], skiprows=7
2025-11-03 15:53:39,058 - INFO - [CSV] loaded shape=(460, 12)
2025-11-03 15:53:39,075 - INFO - [COUNT] unique categories=16, total rows=460
2025-11-03 15:53:39,120 - INFO - [CSV OUT] C:\Users\hsi67063\Box\00-home-pigo.hsiao\TEMP\XML\chip_length_NG_20251103_155339_ee8325.csv
2025-11-03 15:53:39,162 - INFO - [XML OUT] C:\Users\hsi67063\Box\00-home-pigo.hsiao\TEMP\XML\Site=350,ProductFamily=SAG FAB,Operation=chip_length_NG,Partnumber=UNKNOWNPN,Serialnumber=chip_length_NG_20251103_155339_ee8325,Testdate=2025-11-03T15.53.39.xml
2025-11-03 15:53:39,164 - INFO - [CSV] reading RC_25CS1B302Ba0000000001_20251101_182818.csv, usecols=[0, 1, 2, 3, 4, 5, 6, 7, 8, 9, 10, 11], skiprows=7
2025-11-03 15:53:39,491 - INFO - [CSV] loaded shape=(388, 12)
2025-11-03 15:53:39,515 - INFO - [COUNT] unique categories=14, total rows=388
2025-11-03 15:53:39,562 - INFO - [CSV OUT] C:\Users\hsi67063\Box\00-home-pigo.hsiao\TEMP\XML\chip_length_NG_20251103_155339_41fd0d.csv
2025-11-03 15:53:39,603 - INFO - [XML OUT] C:\Users\hsi67063\Box\00-home-pigo.hsiao\TEMP\XML\Site=350,ProductFamily=SAG FAB,Operation=chip_length_NG,Partnumber=UNKNOWNPN,Serialnumber=chip_length_NG_20251103_155339_41fd0d,Testdate=2025-11-03T15.53.39.xml
2025-11-03 15:53:39,604 - INFO - [CSV] reading RC_25CS1B571Ba0000000001_20251022_044829.csv, usecols=[0, 1, 2, 3, 4, 5, 6, 7, 8, 9, 10, 11], skiprows=7
2025-11-03 15:53:39,938 - INFO - [CSV] loaded shape=(485, 12)
2025-11-03 15:53:39,968 - INFO - [COUNT] unique categories=12, total rows=485
2025-11-03 15:53:40,072 - INFO - [CSV OUT] C:\Users\hsi67063\Box\00-home-pigo.hsiao\TEMP\XML\chip_length_NG_20251103_155339_2eb2a4.csv
2025-11-03 15:53:40,153 - INFO - [XML OUT] C:\Users\hsi67063\Box\00-home-pigo.hsiao\TEMP\XML\Site=350,ProductFamily=SAG FAB,Operation=chip_length_NG,Partnumber=UNKNOWNPN,Serialnumber=chip_length_NG_20251103_155339_2eb2a4,Testdate=2025-11-03T15.53.40.xml
2025-11-03 15:53:40,155 - INFO - [CSV] reading RC_25CS1B572Ba0000000001_20251023_114946.csv, usecols=[0, 1, 2, 3, 4, 5, 6, 7, 8, 9, 10, 11], skiprows=7
2025-11-03 15:53:40,504 - INFO - [CSV] loaded shape=(474, 12)
2025-11-03 15:53:40,515 - INFO - [COUNT] unique categories=17, total rows=474
2025-11-03 15:53:40,558 - INFO - [CSV OUT] C:\Users\hsi67063\Box\00-home-pigo.hsiao\TEMP\XML\chip_length_NG_20251103_155340_63f351.csv
2025-11-03 15:53:40,731 - INFO - [XML OUT] C:\Users\hsi67063\Box\00-home-pigo.hsiao\TEMP\XML\Site=350,ProductFamily=SAG FAB,Operation=chip_length_NG,Partnumber=UNKNOWNPN,Serialnumber=chip_length_NG_20251103_155340_63f351,Testdate=2025-11-03T15.53.40.xml
2025-11-03 15:53:40,770 - INFO - [CSV] reading RC_25CS1B573Ba0000000001_20251018_191819.csv, usecols=[0, 1, 2, 3, 4, 5, 6, 7, 8, 9, 10, 11], skiprows=7
2025-11-03 15:53:41,132 - INFO - [CSV] loaded shape=(494, 12)
2025-11-03 15:53:41,163 - INFO - [COUNT] unique categories=16, total rows=494
2025-11-03 15:53:41,231 - INFO - [CSV OUT] C:\Users\hsi67063\Box\00-home-pigo.hsiao\TEMP\XML\chip_length_NG_20251103_155341_4f9e70.csv
2025-11-03 15:53:41,336 - INFO - [XML OUT] C:\Users\hsi67063\Box\00-home-pigo.hsiao\TEMP\XML\Site=350,ProductFamily=SAG FAB,Operation=chip_length_NG,Partnumber=UNKNOWNPN,Serialnumber=chip_length_NG_20251103_155341_4f9e70,Testdate=2025-11-03T15.53.41.xml
2025-11-03 15:53:41,338 - INFO - [CSV] reading RC_25CS1B574Ba0000000001_20251022_062050.csv, usecols=[0, 1, 2, 3, 4, 5, 6, 7, 8, 9, 10, 11], skiprows=7
2025-11-03 15:53:41,725 - INFO - [CSV] loaded shape=(442, 12)
2025-11-03 15:53:41,736 - INFO - [COUNT] unique categories=17, total rows=442
2025-11-03 15:53:41,809 - INFO - [CSV OUT] C:\Users\hsi67063\Box\00-home-pigo.hsiao\TEMP\XML\chip_length_NG_20251103_155341_6094e7.csv
2025-11-03 15:53:41,887 - INFO - [XML OUT] C:\Users\hsi67063\Box\00-home-pigo.hsiao\TEMP\XML\Site=350,ProductFamily=SAG FAB,Operation=chip_length_NG,Partnumber=UNKNOWNPN,Serialnumber=chip_length_NG_20251103_155341_6094e7,Testdate=2025-11-03T15.53.41.xml
2025-11-03 15:53:41,889 - INFO - [CSV] reading RC_25CS1B574Ba0000000001_20251022_064249.csv, usecols=[0, 1, 2, 3, 4, 5, 6, 7, 8, 9, 10, 11], skiprows=7
2025-11-03 15:53:42,228 - INFO - [CSV] loaded shape=(442, 12)
2025-11-03 15:53:42,249 - INFO - [COUNT] unique categories=17, total rows=442
2025-11-03 15:53:42,316 - INFO - [CSV OUT] C:\Users\hsi67063\Box\00-home-pigo.hsiao\TEMP\XML\chip_length_NG_20251103_155342_869c02.csv
2025-11-03 15:53:42,391 - INFO - [XML OUT] C:\Users\hsi67063\Box\00-home-pigo.hsiao\TEMP\XML\Site=350,ProductFamily=SAG FAB,Operation=chip_length_NG,Partnumber=UNKNOWNPN,Serialnumber=chip_length_NG_20251103_155342_869c02,Testdate=2025-11-03T15.53.42.xml
2025-11-03 15:53:42,392 - INFO - [CSV] reading RC_25CS1B575Ba0000000001_20251023_155236.csv, usecols=[0, 1, 2, 3, 4, 5, 6, 7, 8, 9, 10, 11], skiprows=7
2025-11-03 15:53:42,737 - INFO - [CSV] loaded shape=(539, 12)
2025-11-03 15:53:42,750 - INFO - [COUNT] unique categories=16, total rows=539
2025-11-03 15:53:42,786 - INFO - [CSV OUT] C:\Users\hsi67063\Box\00-home-pigo.hsiao\TEMP\XML\chip_length_NG_20251103_155342_4472c8.csv
2025-11-03 15:53:42,824 - INFO - [XML OUT] C:\Users\hsi67063\Box\00-home-pigo.hsiao\TEMP\XML\Site=350,ProductFamily=SAG FAB,Operation=chip_length_NG,Partnumber=UNKNOWNPN,Serialnumber=chip_length_NG_20251103_155342_4472c8,Testdate=2025-11-03T15.53.42.xml
2025-11-03 15:53:42,825 - INFO - [CSV] reading RC_25CS1B576Aa0000000001_20251023_020100.csv, usecols=[0, 1, 2, 3, 4, 5, 6, 7, 8, 9, 10, 11], skiprows=7
2025-11-03 15:53:43,179 - INFO - [CSV] loaded shape=(473, 12)
2025-11-03 15:53:43,207 - INFO - [COUNT] unique categories=18, total rows=473
2025-11-03 15:53:43,272 - INFO - [CSV OUT] C:\Users\hsi67063\Box\00-home-pigo.hsiao\TEMP\XML\chip_length_NG_20251103_155343_a8354c.csv
2025-11-03 15:53:43,308 - INFO - [XML OUT] C:\Users\hsi67063\Box\00-home-pigo.hsiao\TEMP\XML\Site=350,ProductFamily=SAG FAB,Operation=chip_length_NG,Partnumber=UNKNOWNPN,Serialnumber=chip_length_NG_20251103_155343_a8354c,Testdate=2025-11-03T15.53.43.xml
2025-11-03 15:53:43,309 - INFO - [CSV] reading RC_25CS1B576Ba0000000001_20251023_155934.csv, usecols=[0, 1, 2, 3, 4, 5, 6, 7, 8, 9, 10, 11], skiprows=7
2025-11-03 15:53:43,656 - INFO - [CSV] loaded shape=(449, 12)
2025-11-03 15:53:43,689 - INFO - [COUNT] unique categories=13, total rows=449
2025-11-03 15:53:43,787 - INFO - [CSV OUT] C:\Users\hsi67063\Box\00-home-pigo.hsiao\TEMP\XML\chip_length_NG_20251103_155343_41af98.csv
2025-11-03 15:53:43,862 - INFO - [XML OUT] C:\Users\hsi67063\Box\00-home-pigo.hsiao\TEMP\XML\Site=350,ProductFamily=SAG FAB,Operation=chip_length_NG,Partnumber=UNKNOWNPN,Serialnumber=chip_length_NG_20251103_155343_41af98,Testdate=2025-11-03T15.53.43.xml
2025-11-03 15:53:43,863 - INFO - [CSV] reading RC_25CS1B577Aa0000000001_20251023_050236.csv, usecols=[0, 1, 2, 3, 4, 5, 6, 7, 8, 9, 10, 11], skiprows=7
2025-11-03 15:53:44,221 - INFO - [CSV] loaded shape=(548, 12)
2025-11-03 15:53:44,247 - INFO - [COUNT] unique categories=19, total rows=548
2025-11-03 15:53:44,295 - INFO - [CSV OUT] C:\Users\hsi67063\Box\00-home-pigo.hsiao\TEMP\XML\chip_length_NG_20251103_155344_9172be.csv
2025-11-03 15:53:44,360 - INFO - [XML OUT] C:\Users\hsi67063\Box\00-home-pigo.hsiao\TEMP\XML\Site=350,ProductFamily=SAG FAB,Operation=chip_length_NG,Partnumber=UNKNOWNPN,Serialnumber=chip_length_NG_20251103_155344_9172be,Testdate=2025-11-03T15.53.44.xml
2025-11-03 15:53:44,361 - INFO - [CSV] reading RC_25CS1B577Ba0000000001_20251023_190232.csv, usecols=[0, 1, 2, 3, 4, 5, 6, 7, 8, 9, 10, 11], skiprows=7
2025-11-03 15:53:44,702 - INFO - [CSV] loaded shape=(450, 12)
2025-11-03 15:53:44,715 - INFO - [COUNT] unique categories=16, total rows=450
2025-11-03 15:53:44,754 - INFO - [CSV OUT] C:\Users\hsi67063\Box\00-home-pigo.hsiao\TEMP\XML\chip_length_NG_20251103_155344_15637d.csv
2025-11-03 15:53:44,794 - INFO - [XML OUT] C:\Users\hsi67063\Box\00-home-pigo.hsiao\TEMP\XML\Site=350,ProductFamily=SAG FAB,Operation=chip_length_NG,Partnumber=UNKNOWNPN,Serialnumber=chip_length_NG_20251103_155344_15637d,Testdate=2025-11-03T15.53.44.xml
2025-11-03 15:53:44,795 - INFO - [CSV] reading RC_25CS1B578Aa0000000001_20251023_085001.csv, usecols=[0, 1, 2, 3, 4, 5, 6, 7, 8, 9, 10, 11], skiprows=7
2025-11-03 15:53:45,184 - INFO - [CSV] loaded shape=(499, 12)
2025-11-03 15:53:45,220 - INFO - [COUNT] unique categories=17, total rows=499
2025-11-03 15:53:45,278 - INFO - [CSV OUT] C:\Users\hsi67063\Box\00-home-pigo.hsiao\TEMP\XML\chip_length_NG_20251103_155345_c8a602.csv
2025-11-03 15:53:45,315 - INFO - [XML OUT] C:\Users\hsi67063\Box\00-home-pigo.hsiao\TEMP\XML\Site=350,ProductFamily=SAG FAB,Operation=chip_length_NG,Partnumber=UNKNOWNPN,Serialnumber=chip_length_NG_20251103_155345_c8a602,Testdate=2025-11-03T15.53.45.xml
2025-11-03 15:53:45,316 - INFO - [CSV] reading RC_25CS1B578Ba0000000001_20251022_083354.csv, usecols=[0, 1, 2, 3, 4, 5, 6, 7, 8, 9, 10, 11], skiprows=7
2025-11-03 15:53:45,738 - INFO - [CSV] loaded shape=(518, 12)
2025-11-03 15:53:45,776 - INFO - [COUNT] unique categories=16, total rows=518
2025-11-03 15:53:45,839 - INFO - [CSV OUT] C:\Users\hsi67063\Box\00-home-pigo.hsiao\TEMP\XML\chip_length_NG_20251103_155345_34ec66.csv
2025-11-03 15:53:45,895 - INFO - [XML OUT] C:\Users\hsi67063\Box\00-home-pigo.hsiao\TEMP\XML\Site=350,ProductFamily=SAG FAB,Operation=chip_length_NG,Partnumber=UNKNOWNPN,Serialnumber=chip_length_NG_20251103_155345_34ec66,Testdate=2025-11-03T15.53.45.xml
2025-11-03 15:53:45,899 - INFO - [CSV] reading RC_25FJ1B658Ba0000000001_20251101_123506.csv, usecols=[0, 1, 2, 3, 4, 5, 6, 7, 8, 9, 10, 11], skiprows=7
2025-11-03 15:53:47,107 - INFO - [CSV] loaded shape=(490, 12)
2025-11-03 15:53:47,148 - INFO - [COUNT] unique categories=17, total rows=490
2025-11-03 15:53:47,279 - INFO - [CSV OUT] C:\Users\hsi67063\Box\00-home-pigo.hsiao\TEMP\XML\chip_length_NG_20251103_155347_5111a2.csv
2025-11-03 15:53:47,362 - INFO - [XML OUT] C:\Users\hsi67063\Box\00-home-pigo.hsiao\TEMP\XML\Site=350,ProductFamily=SAG FAB,Operation=chip_length_NG,Partnumber=UNKNOWNPN,Serialnumber=chip_length_NG_20251103_155347_5111a2,Testdate=2025-11-03T15.53.47.xml
2025-11-03 15:53:47,365 - INFO - [CSV] reading RC_25FJ1B659Ba0000000001_20251101_122512.csv, usecols=[0, 1, 2, 3, 4, 5, 6, 7, 8, 9, 10, 11], skiprows=7
2025-11-03 15:53:47,822 - INFO - [CSV] loaded shape=(239, 12)
2025-11-03 15:53:47,859 - INFO - [COUNT] unique categories=13, total rows=239
2025-11-03 15:53:47,915 - INFO - [CSV OUT] C:\Users\hsi67063\Box\00-home-pigo.hsiao\TEMP\XML\chip_length_NG_20251103_155347_721e2a.csv
2025-11-03 15:53:47,962 - INFO - [XML OUT] C:\Users\hsi67063\Box\00-home-pigo.hsiao\TEMP\XML\Site=350,ProductFamily=SAG FAB,Operation=chip_length_NG,Partnumber=UNKNOWNPN,Serialnumber=chip_length_NG_20251103_155347_721e2a,Testdate=2025-11-03T15.53.47.xml
2025-11-03 15:53:47,964 - INFO - [CSV] reading RC_25FK1B672Ba0000000001_20251024_124420.csv, usecols=[0, 1, 2, 3, 4, 5, 6, 7, 8, 9, 10, 11], skiprows=7
2025-11-03 15:53:48,380 - INFO - [CSV] loaded shape=(508, 12)
2025-11-03 15:53:48,398 - INFO - [COUNT] unique categories=17, total rows=508
2025-11-03 15:53:48,437 - INFO - [CSV OUT] C:\Users\hsi67063\Box\00-home-pigo.hsiao\TEMP\XML\chip_length_NG_20251103_155348_971262.csv
2025-11-03 15:53:48,480 - INFO - [XML OUT] C:\Users\hsi67063\Box\00-home-pigo.hsiao\TEMP\XML\Site=350,ProductFamily=SAG FAB,Operation=chip_length_NG,Partnumber=UNKNOWNPN,Serialnumber=chip_length_NG_20251103_155348_971262,Testdate=2025-11-03T15.53.48.xml
2025-11-03 15:53:48,481 - INFO - [CSV] reading RC_25FK1B673Ba0000000001_20251024_125337.csv, usecols=[0, 1, 2, 3, 4, 5, 6, 7, 8, 9, 10, 11], skiprows=7
2025-11-03 15:53:48,887 - INFO - [CSV] loaded shape=(515, 12)
2025-11-03 15:53:48,902 - INFO - [COUNT] unique categories=16, total rows=515
2025-11-03 15:53:48,942 - INFO - [CSV OUT] C:\Users\hsi67063\Box\00-home-pigo.hsiao\TEMP\XML\chip_length_NG_20251103_155348_35a887.csv
2025-11-03 15:53:48,983 - INFO - [XML OUT] C:\Users\hsi67063\Box\00-home-pigo.hsiao\TEMP\XML\Site=350,ProductFamily=SAG FAB,Operation=chip_length_NG,Partnumber=UNKNOWNPN,Serialnumber=chip_length_NG_20251103_155348_35a887,Testdate=2025-11-03T15.53.48.xml
2025-11-03 15:53:48,986 - INFO - [CSV] reading RC_25FK1B675Aa0000000001_20251025_035954.csv, usecols=[0, 1, 2, 3, 4, 5, 6, 7, 8, 9, 10, 11], skiprows=7
2025-11-03 15:53:49,390 - INFO - [CSV] loaded shape=(346, 12)
2025-11-03 15:53:49,423 - INFO - [COUNT] unique categories=15, total rows=346
2025-11-03 15:53:49,477 - INFO - [CSV OUT] C:\Users\hsi67063\Box\00-home-pigo.hsiao\TEMP\XML\chip_length_NG_20251103_155349_75fa93.csv
2025-11-03 15:53:49,520 - INFO - [XML OUT] C:\Users\hsi67063\Box\00-home-pigo.hsiao\TEMP\XML\Site=350,ProductFamily=SAG FAB,Operation=chip_length_NG,Partnumber=UNKNOWNPN,Serialnumber=chip_length_NG_20251103_155349_75fa93,Testdate=2025-11-03T15.53.49.xml
2025-11-03 15:53:49,521 - INFO - [CSV] reading RC_25FK1B675Ba0000000001_20251025_041325.csv, usecols=[0, 1, 2, 3, 4, 5, 6, 7, 8, 9, 10, 11], skiprows=7
2025-11-03 15:53:49,931 - INFO - [CSV] loaded shape=(444, 12)
2025-11-03 15:53:49,949 - INFO - [COUNT] unique categories=15, total rows=444
2025-11-03 15:53:49,990 - INFO - [CSV OUT] C:\Users\hsi67063\Box\00-home-pigo.hsiao\TEMP\XML\chip_length_NG_20251103_155349_ae66b6.csv
2025-11-03 15:53:50,034 - INFO - [XML OUT] C:\Users\hsi67063\Box\00-home-pigo.hsiao\TEMP\XML\Site=350,ProductFamily=SAG FAB,Operation=chip_length_NG,Partnumber=UNKNOWNPN,Serialnumber=chip_length_NG_20251103_155349_ae66b6,Testdate=2025-11-03T15.53.49.xml
2025-11-03 15:53:50,035 - INFO - [CSV] reading RC_25FK1B676Ba0000000001_20251025_124849.csv, usecols=[0, 1, 2, 3, 4, 5, 6, 7, 8, 9, 10, 11], skiprows=7
2025-11-03 15:53:50,438 - INFO - [CSV] loaded shape=(494, 12)
2025-11-03 15:53:50,453 - INFO - [COUNT] unique categories=16, total rows=494
2025-11-03 15:53:50,493 - INFO - [CSV OUT] C:\Users\hsi67063\Box\00-home-pigo.hsiao\TEMP\XML\chip_length_NG_20251103_155350_b9497a.csv
2025-11-03 15:53:50,539 - INFO - [XML OUT] C:\Users\hsi67063\Box\00-home-pigo.hsiao\TEMP\XML\Site=350,ProductFamily=SAG FAB,Operation=chip_length_NG,Partnumber=UNKNOWNPN,Serialnumber=chip_length_NG_20251103_155350_b9497a,Testdate=2025-11-03T15.53.50.xml
2025-11-03 15:53:50,539 - INFO - [CSV] reading RC_25FK1B677Aa0000000001_20251025_123103.csv, usecols=[0, 1, 2, 3, 4, 5, 6, 7, 8, 9, 10, 11], skiprows=7
2025-11-03 15:53:50,924 - INFO - [CSV] loaded shape=(455, 12)
2025-11-03 15:53:50,952 - INFO - [COUNT] unique categories=15, total rows=455
2025-11-03 15:53:51,095 - INFO - [CSV OUT] C:\Users\hsi67063\Box\00-home-pigo.hsiao\TEMP\XML\chip_length_NG_20251103_155350_8befb1.csv
2025-11-03 15:53:51,162 - INFO - [XML OUT] C:\Users\hsi67063\Box\00-home-pigo.hsiao\TEMP\XML\Site=350,ProductFamily=SAG FAB,Operation=chip_length_NG,Partnumber=UNKNOWNPN,Serialnumber=chip_length_NG_20251103_155350_8befb1,Testdate=2025-11-03T15.53.51.xml
2025-11-03 15:53:51,162 - INFO - [CSV] reading RC_25FK1B677Ba0000000001_20251101_065116.csv, usecols=[0, 1, 2, 3, 4, 5, 6, 7, 8, 9, 10, 11], skiprows=7
2025-11-03 15:53:51,543 - INFO - [CSV] loaded shape=(475, 12)
2025-11-03 15:53:51,558 - INFO - [COUNT] unique categories=16, total rows=475
2025-11-03 15:53:51,597 - INFO - [CSV OUT] C:\Users\hsi67063\Box\00-home-pigo.hsiao\TEMP\XML\chip_length_NG_20251103_155351_1a6fbe.csv
2025-11-03 15:53:51,645 - INFO - [XML OUT] C:\Users\hsi67063\Box\00-home-pigo.hsiao\TEMP\XML\Site=350,ProductFamily=SAG FAB,Operation=chip_length_NG,Partnumber=UNKNOWNPN,Serialnumber=chip_length_NG_20251103_155351_1a6fbe,Testdate=2025-11-03T15.53.51.xml
2025-11-03 15:53:51,646 - INFO - [CSV] reading RC_25FK1B678Ba0000000001_20251101_142450.csv, usecols=[0, 1, 2, 3, 4, 5, 6, 7, 8, 9, 10, 11], skiprows=7
2025-11-03 15:53:52,008 - INFO - [CSV] loaded shape=(462, 12)
2025-11-03 15:53:52,021 - INFO - [COUNT] unique categories=14, total rows=462
2025-11-03 15:53:52,088 - INFO - [CSV OUT] C:\Users\hsi67063\Box\00-home-pigo.hsiao\TEMP\XML\chip_length_NG_20251103_155352_70770f.csv
2025-11-03 15:53:52,169 - INFO - [XML OUT] C:\Users\hsi67063\Box\00-home-pigo.hsiao\TEMP\XML\Site=350,ProductFamily=SAG FAB,Operation=chip_length_NG,Partnumber=UNKNOWNPN,Serialnumber=chip_length_NG_20251103_155352_70770f,Testdate=2025-11-03T15.53.52.xml
2025-11-03 15:53:52,171 - INFO - [CSV] reading RC_25FK1B679Aa0000000001_20251025_152914.csv, usecols=[0, 1, 2, 3, 4, 5, 6, 7, 8, 9, 10, 11], skiprows=7
2025-11-03 15:53:52,569 - INFO - [CSV] loaded shape=(509, 12)
2025-11-03 15:53:52,580 - INFO - [COUNT] unique categories=16, total rows=509
2025-11-03 15:53:52,621 - INFO - [CSV OUT] C:\Users\hsi67063\Box\00-home-pigo.hsiao\TEMP\XML\chip_length_NG_20251103_155352_57059b.csv
2025-11-03 15:53:52,663 - INFO - [XML OUT] C:\Users\hsi67063\Box\00-home-pigo.hsiao\TEMP\XML\Site=350,ProductFamily=SAG FAB,Operation=chip_length_NG,Partnumber=UNKNOWNPN,Serialnumber=chip_length_NG_20251103_155352_57059b,Testdate=2025-11-03T15.53.52.xml
2025-11-03 15:53:52,664 - INFO - [CSV] reading RC_25FK1B679Ba0000000001_20251101_163056.csv, usecols=[0, 1, 2, 3, 4, 5, 6, 7, 8, 9, 10, 11], skiprows=7
2025-11-03 15:53:53,007 - INFO - [CSV] loaded shape=(392, 12)
2025-11-03 15:53:53,020 - INFO - [COUNT] unique categories=15, total rows=392
2025-11-03 15:53:53,058 - INFO - [CSV OUT] C:\Users\hsi67063\Box\00-home-pigo.hsiao\TEMP\XML\chip_length_NG_20251103_155353_47068e.csv
2025-11-03 15:53:53,110 - INFO - [XML OUT] C:\Users\hsi67063\Box\00-home-pigo.hsiao\TEMP\XML\Site=350,ProductFamily=SAG FAB,Operation=chip_length_NG,Partnumber=UNKNOWNPN,Serialnumber=chip_length_NG_20251103_155353_47068e,Testdate=2025-11-03T15.53.53.xml
2025-11-03 15:53:53,111 - INFO - [CSV] reading RC_25FX1B680Aa0000000001_20251025_155232.csv, usecols=[0, 1, 2, 3, 4, 5, 6, 7, 8, 9, 10, 11], skiprows=7
2025-11-03 15:53:53,493 - INFO - [CSV] loaded shape=(524, 12)
2025-11-03 15:53:53,531 - INFO - [COUNT] unique categories=13, total rows=524
2025-11-03 15:53:53,625 - INFO - [CSV OUT] C:\Users\hsi67063\Box\00-home-pigo.hsiao\TEMP\XML\chip_length_NG_20251103_155353_cf84e3.csv
2025-11-03 15:53:53,702 - INFO - [XML OUT] C:\Users\hsi67063\Box\00-home-pigo.hsiao\TEMP\XML\Site=350,ProductFamily=SAG FAB,Operation=chip_length_NG,Partnumber=UNKNOWNPN,Serialnumber=chip_length_NG_20251103_155353_cf84e3,Testdate=2025-11-03T15.53.53.xml
2025-11-03 15:53:53,704 - INFO - [CSV] reading RC_25FX1B681Ba0000000001_20251101_163341.csv, usecols=[0, 1, 2, 3, 4, 5, 6, 7, 8, 9, 10, 11], skiprows=7
2025-11-03 15:53:54,021 - INFO - [CSV] loaded shape=(119, 12)
2025-11-03 15:53:54,058 - INFO - [COUNT] unique categories=11, total rows=119
2025-11-03 15:53:54,143 - INFO - [CSV OUT] C:\Users\hsi67063\Box\00-home-pigo.hsiao\TEMP\XML\chip_length_NG_20251103_155354_bbc1d1.csv
2025-11-03 15:53:54,193 - INFO - [XML OUT] C:\Users\hsi67063\Box\00-home-pigo.hsiao\TEMP\XML\Site=350,ProductFamily=SAG FAB,Operation=chip_length_NG,Partnumber=UNKNOWNPN,Serialnumber=chip_length_NG_20251103_155354_bbc1d1,Testdate=2025-11-03T15.53.54.xml
2025-11-03 15:53:54,195 - INFO - [CSV] reading RC_25FX1B682Aa0000000001_20251101_063127.csv, usecols=[0, 1, 2, 3, 4, 5, 6, 7, 8, 9, 10, 11], skiprows=7
2025-11-03 15:53:54,582 - INFO - [CSV] loaded shape=(378, 12)
2025-11-03 15:53:54,713 - INFO - [COUNT] unique categories=17, total rows=378
2025-11-03 15:53:54,824 - INFO - [CSV OUT] C:\Users\hsi67063\Box\00-home-pigo.hsiao\TEMP\XML\chip_length_NG_20251103_155354_514ff1.csv
2025-11-03 15:53:54,887 - INFO - [XML OUT] C:\Users\hsi67063\Box\00-home-pigo.hsiao\TEMP\XML\Site=350,ProductFamily=SAG FAB,Operation=chip_length_NG,Partnumber=UNKNOWNPN,Serialnumber=chip_length_NG_20251103_155354_514ff1,Testdate=2025-11-03T15.53.54.xml
2025-11-03 15:53:54,888 - INFO - [CSV] reading RC_25FX1B684Aa0000000001_20251012_010802.csv, usecols=[0, 1, 2, 3, 4, 5, 6, 7, 8, 9, 10, 11], skiprows=7
2025-11-03 15:53:55,243 - INFO - [CSV] loaded shape=(411, 12)
2025-11-03 15:53:55,254 - INFO - [COUNT] unique categories=19, total rows=411
2025-11-03 15:53:55,322 - INFO - [CSV OUT] C:\Users\hsi67063\Box\00-home-pigo.hsiao\TEMP\XML\chip_length_NG_20251103_155355_2c0bc7.csv
2025-11-03 15:53:55,394 - INFO - [XML OUT] C:\Users\hsi67063\Box\00-home-pigo.hsiao\TEMP\XML\Site=350,ProductFamily=SAG FAB,Operation=chip_length_NG,Partnumber=UNKNOWNPN,Serialnumber=chip_length_NG_20251103_155355_2c0bc7,Testdate=2025-11-03T15.53.55.xml
2025-11-03 15:53:55,395 - INFO - [CSV] reading RC_25FX1B685Aa0000000001_20251012_160745.csv, usecols=[0, 1, 2, 3, 4, 5, 6, 7, 8, 9, 10, 11], skiprows=7
2025-11-03 15:53:55,758 - INFO - [CSV] loaded shape=(554, 12)
2025-11-03 15:53:55,780 - INFO - [COUNT] unique categories=16, total rows=554
2025-11-03 15:53:55,817 - INFO - [CSV OUT] C:\Users\hsi67063\Box\00-home-pigo.hsiao\TEMP\XML\chip_length_NG_20251103_155355_5e3ff7.csv
2025-11-03 15:53:55,852 - INFO - [XML OUT] C:\Users\hsi67063\Box\00-home-pigo.hsiao\TEMP\XML\Site=350,ProductFamily=SAG FAB,Operation=chip_length_NG,Partnumber=UNKNOWNPN,Serialnumber=chip_length_NG_20251103_155355_5e3ff7,Testdate=2025-11-03T15.53.55.xml
2025-11-03 15:53:55,853 - INFO - [CSV] reading RC_25FX1B685Ba0000000001_20251013_080854.csv, usecols=[0, 1, 2, 3, 4, 5, 6, 7, 8, 9, 10, 11], skiprows=7
2025-11-03 15:53:56,219 - INFO - [CSV] loaded shape=(351, 12)
2025-11-03 15:53:56,233 - INFO - [COUNT] unique categories=13, total rows=351
2025-11-03 15:53:56,273 - INFO - [CSV OUT] C:\Users\hsi67063\Box\00-home-pigo.hsiao\TEMP\XML\chip_length_NG_20251103_155356_a1dd54.csv
2025-11-03 15:53:56,312 - INFO - [XML OUT] C:\Users\hsi67063\Box\00-home-pigo.hsiao\TEMP\XML\Site=350,ProductFamily=SAG FAB,Operation=chip_length_NG,Partnumber=UNKNOWNPN,Serialnumber=chip_length_NG_20251103_155356_a1dd54,Testdate=2025-11-03T15.53.56.xml
2025-11-03 15:53:56,313 - INFO - [CSV] reading RC_25FX1B685Ba0000000001_20251013_092124.csv, usecols=[0, 1, 2, 3, 4, 5, 6, 7, 8, 9, 10, 11], skiprows=7
2025-11-03 15:53:56,681 - INFO - [CSV] loaded shape=(351, 12)
2025-11-03 15:53:56,705 - INFO - [COUNT] unique categories=13, total rows=351
2025-11-03 15:53:56,771 - INFO - [CSV OUT] C:\Users\hsi67063\Box\00-home-pigo.hsiao\TEMP\XML\chip_length_NG_20251103_155356_009c2d.csv
2025-11-03 15:53:56,837 - INFO - [XML OUT] C:\Users\hsi67063\Box\00-home-pigo.hsiao\TEMP\XML\Site=350,ProductFamily=SAG FAB,Operation=chip_length_NG,Partnumber=UNKNOWNPN,Serialnumber=chip_length_NG_20251103_155356_009c2d,Testdate=2025-11-03T15.53.56.xml
2025-11-03 15:53:56,838 - INFO - [CSV] reading RC_25GL1B688Ba0000000001_20251013_082547.csv, usecols=[0, 1, 2, 3, 4, 5, 6, 7, 8, 9, 10, 11], skiprows=7
2025-11-03 15:53:57,207 - INFO - [CSV] loaded shape=(457, 12)
2025-11-03 15:53:57,219 - INFO - [COUNT] unique categories=17, total rows=457
2025-11-03 15:53:57,251 - INFO - [CSV OUT] C:\Users\hsi67063\Box\00-home-pigo.hsiao\TEMP\XML\chip_length_NG_20251103_155357_1bc103.csv
2025-11-03 15:53:57,288 - INFO - [XML OUT] C:\Users\hsi67063\Box\00-home-pigo.hsiao\TEMP\XML\Site=350,ProductFamily=SAG FAB,Operation=chip_length_NG,Partnumber=UNKNOWNPN,Serialnumber=chip_length_NG_20251103_155357_1bc103,Testdate=2025-11-03T15.53.57.xml
2025-11-03 15:53:57,290 - INFO - [CSV] reading RC_25GL1B688Ba0000000001_20251013_095634.csv, usecols=[0, 1, 2, 3, 4, 5, 6, 7, 8, 9, 10, 11], skiprows=7
2025-11-03 15:53:57,658 - INFO - [CSV] loaded shape=(457, 12)
2025-11-03 15:53:57,686 - INFO - [COUNT] unique categories=17, total rows=457
2025-11-03 15:53:57,749 - INFO - [CSV OUT] C:\Users\hsi67063\Box\00-home-pigo.hsiao\TEMP\XML\chip_length_NG_20251103_155357_34209a.csv
2025-11-03 15:53:57,809 - INFO - [XML OUT] C:\Users\hsi67063\Box\00-home-pigo.hsiao\TEMP\XML\Site=350,ProductFamily=SAG FAB,Operation=chip_length_NG,Partnumber=UNKNOWNPN,Serialnumber=chip_length_NG_20251103_155357_34209a,Testdate=2025-11-03T15.53.57.xml
2025-11-03 15:53:57,810 - INFO - [CSV] reading RC_25GL1B689Ba0000000001_20251011_135327.csv, usecols=[0, 1, 2, 3, 4, 5, 6, 7, 8, 9, 10, 11], skiprows=7
2025-11-03 15:53:58,212 - INFO - [CSV] loaded shape=(474, 12)
2025-11-03 15:53:58,238 - INFO - [COUNT] unique categories=14, total rows=474
2025-11-03 15:53:58,303 - INFO - [CSV OUT] C:\Users\hsi67063\Box\00-home-pigo.hsiao\TEMP\XML\chip_length_NG_20251103_155358_e27055.csv
2025-11-03 15:53:58,374 - INFO - [XML OUT] C:\Users\hsi67063\Box\00-home-pigo.hsiao\TEMP\XML\Site=350,ProductFamily=SAG FAB,Operation=chip_length_NG,Partnumber=UNKNOWNPN,Serialnumber=chip_length_NG_20251103_155358_e27055,Testdate=2025-11-03T15.53.58.xml
2025-11-03 15:53:58,375 - INFO - [CSV] reading RC_25GL1B690Ba0000000001_20251014_043004.csv, usecols=[0, 1, 2, 3, 4, 5, 6, 7, 8, 9, 10, 11], skiprows=7
2025-11-03 15:53:58,748 - INFO - [CSV] loaded shape=(458, 12)
2025-11-03 15:53:58,772 - INFO - [COUNT] unique categories=14, total rows=458
2025-11-03 15:53:58,807 - INFO - [CSV OUT] C:\Users\hsi67063\Box\00-home-pigo.hsiao\TEMP\XML\chip_length_NG_20251103_155358_f373f9.csv
2025-11-03 15:53:58,882 - INFO - [XML OUT] C:\Users\hsi67063\Box\00-home-pigo.hsiao\TEMP\XML\Site=350,ProductFamily=SAG FAB,Operation=chip_length_NG,Partnumber=UNKNOWNPN,Serialnumber=chip_length_NG_20251103_155358_f373f9,Testdate=2025-11-03T15.53.58.xml
2025-11-03 15:53:58,884 - INFO - [CSV] reading RC_25GL1B691Aa0000000001_20251013_044228.csv, usecols=[0, 1, 2, 3, 4, 5, 6, 7, 8, 9, 10, 11], skiprows=7
2025-11-03 15:53:59,264 - INFO - [CSV] loaded shape=(531, 12)
2025-11-03 15:53:59,287 - INFO - [COUNT] unique categories=17, total rows=531
2025-11-03 15:53:59,394 - INFO - [CSV OUT] C:\Users\hsi67063\Box\00-home-pigo.hsiao\TEMP\XML\chip_length_NG_20251103_155359_67874f.csv
2025-11-03 15:53:59,512 - INFO - [XML OUT] C:\Users\hsi67063\Box\00-home-pigo.hsiao\TEMP\XML\Site=350,ProductFamily=SAG FAB,Operation=chip_length_NG,Partnumber=UNKNOWNPN,Serialnumber=chip_length_NG_20251103_155359_67874f,Testdate=2025-11-03T15.53.59.xml
2025-11-03 15:53:59,514 - INFO - [CSV] reading RC_25GL1B691Ba0000000001_20251012_171820.csv, usecols=[0, 1, 2, 3, 4, 5, 6, 7, 8, 9, 10, 11], skiprows=7
2025-11-03 15:53:59,929 - INFO - [CSV] loaded shape=(449, 12)
2025-11-03 15:53:59,950 - INFO - [COUNT] unique categories=16, total rows=449
2025-11-03 15:54:00,035 - INFO - [CSV OUT] C:\Users\hsi67063\Box\00-home-pigo.hsiao\TEMP\XML\chip_length_NG_20251103_155359_84142b.csv
2025-11-03 15:54:00,096 - INFO - [XML OUT] C:\Users\hsi67063\Box\00-home-pigo.hsiao\TEMP\XML\Site=350,ProductFamily=SAG FAB,Operation=chip_length_NG,Partnumber=UNKNOWNPN,Serialnumber=chip_length_NG_20251103_155359_84142b,Testdate=2025-11-03T15.54.00.xml
2025-11-03 15:54:00,097 - INFO - ===== Finished INI: Config_Length_NG.ini ; outputs=53 =====
2025-11-03 15:58:34,550 - INFO - ===== Start processing INI: Config_Length_NG.ini =====
2025-11-03 15:58:56,039 - INFO - [Select] scanning Y:\LD\Sorting_Map_data\GainChipAfterLength with pattern 'RC_*.csv', found 250 files
2025-11-03 15:58:56,049 - INFO - [Select] selected 1 file(s)
2025-11-03 15:58:56,052 - INFO - [CSV] reading RC_25CS1B301Ba0000000001_20251101_230722.csv, usecols=[0, 1, 2, 3, 4, 5, 6, 7, 8, 9, 10, 11], skiprows=7
2025-11-03 15:58:56,429 - INFO - [CSV] loaded shape=(460, 12)
2025-11-03 15:58:56,468 - INFO - [COUNT] unique categories=16, total rows=460
2025-11-03 15:58:56,550 - INFO - [CSV OUT] C:\Users\hsi67063\Box\00-home-pigo.hsiao\TEMP\XML\chip_length_NG_20251103_155856_58be88.csv
2025-11-03 15:58:56,594 - INFO - [XML OUT] C:\Users\hsi67063\Box\00-home-pigo.hsiao\TEMP\XML\Site=350,ProductFamily=SAG FAB,Operation=chip_length_NG,Partnumber=UNKNOWNPN,Serialnumber=chip_length_NG_20251103_155856_58be88,Testdate=2025-11-03T15.58.56.xml
2025-11-03 15:58:56,594 - INFO - ===== Finished INI: Config_Length_NG.ini ; outputs=1 =====
2025-11-03 16:02:27,765 - INFO - ===== Start processing INI: Config_Length_NG.ini =====
2025-11-03 16:02:49,918 - INFO - [Select] scanning Y:\LD\Sorting_Map_data\GainChipAfterLength with pattern 'RC_*.csv', found 250 files
2025-11-03 16:02:49,928 - INFO - [Select] selected 1 file(s)
2025-11-03 16:02:49,931 - INFO - [CSV] reading RC_25CS1B301Ba0000000001_20251101_230722.csv, usecols=[0, 1, 2, 3, 4, 5, 6, 7, 8, 9, 10, 11], skiprows=7
2025-11-03 16:02:50,333 - INFO - [CSV] loaded shape=(460, 12)
2025-11-03 16:02:50,375 - INFO - [COUNT] unique categories=16, total rows=460
2025-11-03 16:02:50,449 - INFO - [CSV OUT] C:\Users\hsi67063\Box\00-home-pigo.hsiao\TEMP\XML\chip_length_NG_20251103_160250_6916ef.csv
2025-11-03 16:02:50,508 - INFO - [XML OUT] C:\Users\hsi67063\Box\00-home-pigo.hsiao\TEMP\XML\Site=350,ProductFamily=SAG FAB,Operation=chip_length_NG,Partnumber=UNKNOWNPN,Serialnumber=chip_length_NG_20251103_160250_6916ef,Testdate=2025-11-03T16.02.50.xml
2025-11-03 16:02:50,509 - INFO - ===== Finished INI: Config_Length_NG.ini ; outputs=1 =====
2025-11-03 16:08:52,026 - INFO - ===== Start processing INI: Config_Length_NG.ini =====
2025-11-03 16:09:14,029 - INFO - [Select] scanning Y:\LD\Sorting_Map_data\GainChipAfterLength with pattern 'RC_*.csv', found 250 files
2025-11-03 16:09:14,040 - INFO - [Select] selected 1 file(s)
2025-11-03 16:09:14,078 - INFO - [CSV] reading RC_25CS1B301Ba0000000001_20251101_230722.csv, usecols=[0, 1, 2, 3, 4, 5, 6, 7, 8, 9, 10, 11], skiprows=7
2025-11-03 16:09:14,592 - INFO - [CSV] loaded shape=(460, 12)
2025-11-03 16:09:14,616 - INFO - [COUNT] unique categories=16, total rows=460
2025-11-03 16:09:14,674 - INFO - [CSV OUT] C:\Users\hsi67063\Box\00-home-pigo.hsiao\TEMP\XML\chip_length_NG_20251103_160914_d976cd.csv
2025-11-03 16:09:14,731 - INFO - [XML OUT] C:\Users\hsi67063\Box\00-home-pigo.hsiao\TEMP\XML\Site=350,ProductFamily=SAG FAB,Operation=chip_length_NG,Partnumber=UNKNOWNPN,Serialnumber=LNG251103,Testdate=2025-11-03T16.09.14.xml
2025-11-03 16:09:14,732 - INFO - ===== Finished INI: Config_Length_NG.ini ; outputs=1 =====
2025-11-03 16:14:43,187 - INFO - ===== Start processing INI: Config_Length_NG.ini =====
2025-11-03 16:15:05,786 - INFO - [Select] scanning Y:\LD\Sorting_Map_data\GainChipAfterLength with pattern 'RC_*.csv', found 250 files
2025-11-03 16:15:05,791 - INFO - [Select] selected 1 file(s)
2025-11-03 16:15:05,792 - INFO - [CSV] reading RC_25CS1B301Ba0000000001_20251101_230722.csv, usecols=[0, 1, 2, 3, 4, 5, 6, 7, 8, 9, 10, 11], skiprows=7
2025-11-03 16:15:07,501 - INFO - [CSV] loaded shape=(460, 12)
2025-11-03 16:15:07,552 - INFO - [COUNT] unique categories=16, total rows=460
2025-11-03 16:15:09,997 - INFO - [CSV OUT] C:\Users\hsi67063\Box\00-home-pigo.hsiao\TEMP\XML\chip_length_NG_20251103_161507_65b55f.csv
2025-11-03 16:15:10,932 - INFO - [XML OUT] C:\Users\hsi67063\Box\00-home-pigo.hsiao\TEMP\XML\Site=350,ProductFamily=SAG FAB,Operation=chip_length_NG,Partnumber=Dummy,Serialnumber=LNG251103,Testdate=2025-11-03T16.15.10.xml
2025-11-03 16:15:10,933 - INFO - ===== Finished INI: Config_Length_NG.ini ; outputs=1 =====
