2025-08-07 14:02:20,282 - INFO - 2025-08-07 14:02:20 \u6210\u529f\u8b80\u53d6\u8a2d\u5b9a\u6a94: P-electorde_Fuse.ini
2025-08-07 14:02:20,287 - INFO - 2025-08-07 14:02:20 CSV \u8f38\u51fa\u6a94\u6848\u70ba: C:\Users\hsi67063\Box\00-home-pigo.hsiao\TEMP\XML\P-electrode_Special_Format_2025_08_07T14.02.20.csv
2025-08-07 14:02:20,502 - INFO - 2025-08-07 14:02:20 \u627e\u5230\u4f86\u6e90\u6a94\u6848: QC-K-009-R04\u3000\u96fb\u6975\u5fdc\u529b\u6e2c\u5b9a\u30c7\u30fc\u30bf\u30b7\u30fc\u30c8.xlsx
2025-08-07 14:02:23,285 - INFO - 2025-08-07 14:02:23 --- \u958b\u59cb\u4f7f\u7528\u7279\u5225\u7248\u908f\u8f2f\u8655\u7406\u6a94\u6848: QC-K-009-R04\u3000\u96fb\u6975\u5fdc\u529b\u6e2c\u5b9a\u30c7\u30fc\u30bf\u30b7\u30fc\u30c8.xlsx ---
2025-08-07 14:02:32,091 - INFO - 2025-08-07 14:02:32 \u8b80\u53d6 Excel \u6210\u529f\uff0c\u5171\u8b80\u53d6 15258 \u884c (\u5f9e\u7b2c 2801 \u884c\u958b\u59cb)
2025-08-07 14:02:32,131 - ERROR - 2025-08-07 14:02:32 \u8655\u7406\u7279\u6b8a\u683c\u5f0f\u6a94\u6848\u6642\u767c\u751f\u932f\u8aa4: Traceback (most recent call last):
  File "c:\Users\hsi67063\Documents\Kaizen-TDS\016_P-electrode\P-electrode_CSV_Common.py", line 179, in process_special_format_excel
    'Start_Date_Time': pd.to_datetime(date_val).strftime('%Y-%m-%d %H:%M:%S'),
                       ~~~~~~~~~~~~~~^^^^^^^^^^
  File "C:\Users\hsi67063\Documents\Kaizen-TDS\.venv\Lib\site-packages\pandas\core\tools\datetimes.py", line 1106, in to_datetime
    result = convert_listlike(np.array([arg]), format)[0]
             ~~~~~~~~~~~~~~~~^^^^^^^^^^^^^^^^^^^^^^^^^
  File "C:\Users\hsi67063\Documents\Kaizen-TDS\.venv\Lib\site-packages\pandas\core\tools\datetimes.py", line 437, in _convert_listlike_datetimes
    result, tz_parsed = objects_to_datetime64(
                        ~~~~~~~~~~~~~~~~~~~~~^
        arg,
        ^^^^
    ...<4 lines>...
        allow_object=True,
        ^^^^^^^^^^^^^^^^^^
    )
    ^
  File "C:\Users\hsi67063\Documents\Kaizen-TDS\.venv\Lib\site-packages\pandas\core\arrays\datetimes.py", line 2415, in objects_to_datetime64
    result, tz_parsed = tslib.array_to_datetime(
                        ~~~~~~~~~~~~~~~~~~~~~~~^
        data,
        ^^^^^
    ...<4 lines>...
        creso=abbrev_to_npy_unit(out_unit),
        ^^^^^^^^^^^^^^^^^^^^^^^^^^^^^^^^^^^
    )
    ^
  File "pandas/_libs/tslib.pyx", line 412, in pandas._libs.tslib.array_to_datetime
  File "pandas/_libs/tslib.pyx", line 596, in pandas._libs.tslib.array_to_datetime
  File "pandas/_libs/tslib.pyx", line 553, in pandas._libs.tslib.array_to_datetime
  File "pandas/_libs/tslibs/conversion.pyx", line 641, in pandas._libs.tslibs.conversion.convert_str_to_tsobject
  File "pandas/_libs/tslibs/parsing.pyx", line 336, in pandas._libs.tslibs.parsing.parse_datetime_string
  File "pandas/_libs/tslibs/parsing.pyx", line 666, in pandas._libs.tslibs.parsing.dateutil_parse
pandas._libs.tslibs.parsing.DateParseError: Unknown datetime string format, unable to parse: \, at position 0

2025-08-07 14:02:32,134 - INFO - 2025-08-07 14:02:32 ===== \u7279\u5225\u7248\u8173\u672c\u57f7\u884c\u5b8c\u7562 =====
2025-08-07 14:04:40,503 - INFO - 2025-08-07 14:04:40 \u6210\u529f\u8b80\u53d6\u8a2d\u5b9a\u6a94: P-electorde_Fuse.ini
2025-08-07 14:04:40,507 - INFO - 2025-08-07 14:04:40 CSV \u8f38\u51fa\u6a94\u6848\u70ba: C:\Users\hsi67063\Box\00-home-pigo.hsiao\TEMP\XML\P-electrode_Special_Format_2025_08_07T14.04.40.csv
2025-08-07 14:04:40,723 - INFO - 2025-08-07 14:04:40 \u627e\u5230\u4f86\u6e90\u6a94\u6848: QC-K-009-R04\u3000\u96fb\u6975\u5fdc\u529b\u6e2c\u5b9a\u30c7\u30fc\u30bf\u30b7\u30fc\u30c8.xlsx
2025-08-07 14:04:43,321 - INFO - 2025-08-07 14:04:43 --- \u958b\u59cb\u4f7f\u7528\u7279\u5225\u7248\u908f\u8f2f\u8655\u7406\u6a94\u6848: QC-K-009-R04\u3000\u96fb\u6975\u5fdc\u529b\u6e2c\u5b9a\u30c7\u30fc\u30bf\u30b7\u30fc\u30c8.xlsx ---
2025-08-07 14:04:52,512 - INFO - 2025-08-07 14:04:52 \u8b80\u53d6 Excel \u6210\u529f\uff0c\u5171\u8b80\u53d6 15258 \u884c (\u5f9e\u7b2c 2801 \u884c\u958b\u59cb)
2025-08-07 14:04:52,525 - INFO - 2025-08-07 14:04:52 \u5728\u6a94\u6848\u4e2d\u8b58\u5225\u51fa 0 \u500b\u6709\u6548\u7684\u8cc7\u6599\u5340\u584a
2025-08-07 14:04:52,525 - INFO - 2025-08-07 14:04:52 \u5728\u6a94\u6848\u4e2d\u672a\u627e\u5230\u53ef\u8655\u7406\u7684\u8cc7\u6599\u5340\u584a
2025-08-07 14:04:52,529 - INFO - 2025-08-07 14:04:52 ===== \u7279\u5225\u7248\u8173\u672c\u57f7\u884c\u5b8c\u7562 =====
2025-08-07 14:09:48,691 - INFO - 2025-08-07 14:09:48 \u6210\u529f\u8b80\u53d6\u8a2d\u5b9a\u6a94: P-electorde_Fuse.ini
2025-08-07 14:09:48,697 - INFO - 2025-08-07 14:09:48 CSV \u8f38\u51fa\u6a94\u6848\u70ba: C:\Users\hsi67063\Box\00-home-pigo.hsiao\TEMP\XML\P-electrode_Special_Format_2025_08_07T14.09.48.csv
2025-08-07 14:09:48,831 - INFO - 2025-08-07 14:09:48 \u627e\u5230\u4f86\u6e90\u6a94\u6848: QC-K-009-R04\u3000\u96fb\u6975\u5fdc\u529b\u6e2c\u5b9a\u30c7\u30fc\u30bf\u30b7\u30fc\u30c8.xlsx
2025-08-07 14:09:50,777 - INFO - 2025-08-07 14:09:50 --- \u958b\u59cb\u4f7f\u7528\u7279\u5225\u7248\u908f\u8f2f\u8655\u7406\u6a94\u6848: QC-K-009-R04\u3000\u96fb\u6975\u5fdc\u529b\u6e2c\u5b9a\u30c7\u30fc\u30bf\u30b7\u30fc\u30c8.xlsx ---
2025-08-07 14:10:00,203 - INFO - 2025-08-07 14:10:00 \u8b80\u53d6 Excel \u6210\u529f\uff0c\u5171\u8b80\u53d6 1108 \u884c (\u5f9e\u7b2c 16951 \u884c\u958b\u59cb)
2025-08-07 14:10:00,204 - INFO - 2025-08-07 14:10:00 \u5728\u6a94\u6848\u4e2d\u8b58\u5225\u51fa 0 \u500b\u6709\u6548\u7684\u8cc7\u6599\u5340\u584a
2025-08-07 14:10:00,204 - INFO - 2025-08-07 14:10:00 \u5728\u6a94\u6848\u4e2d\u672a\u627e\u5230\u53ef\u8655\u7406\u7684\u8cc7\u6599\u5340\u584a
2025-08-07 14:10:00,205 - INFO - 2025-08-07 14:10:00 ===== \u7279\u5225\u7248\u8173\u672c\u57f7\u884c\u5b8c\u7562 =====
2025-08-07 14:12:04,857 - INFO - 2025-08-07 14:12:04 \u6210\u529f\u8b80\u53d6\u8a2d\u5b9a\u6a94: P-electorde_Fuse.ini
2025-08-07 14:12:04,859 - INFO - 2025-08-07 14:12:04 CSV \u8f38\u51fa\u6a94\u6848\u70ba: C:\Users\hsi67063\Box\00-home-pigo.hsiao\TEMP\XML\P-electrode_Special_Format_2025_08_07T14.12.04.csv
2025-08-07 14:12:05,112 - INFO - 2025-08-07 14:12:05 \u627e\u5230\u4f86\u6e90\u6a94\u6848: QC-K-009-R04\u3000\u96fb\u6975\u5fdc\u529b\u6e2c\u5b9a\u30c7\u30fc\u30bf\u30b7\u30fc\u30c8.xlsx
2025-08-07 14:12:07,924 - INFO - 2025-08-07 14:12:07 --- \u958b\u59cb\u4f7f\u7528\u7279\u5225\u7248\u908f\u8f2f\u8655\u7406\u6a94\u6848: QC-K-009-R04\u3000\u96fb\u6975\u5fdc\u529b\u6e2c\u5b9a\u30c7\u30fc\u30bf\u30b7\u30fc\u30c8.xlsx ---
2025-08-07 14:12:19,908 - INFO - 2025-08-07 14:12:19 \u8b80\u53d6 Excel \u6210\u529f\uff0c\u5171\u8b80\u53d6 1108 \u884c (\u5f9e\u7b2c 16951 \u884c\u958b\u59cb)
