2025-08-07 11:28:25,267 - INFO - 2025-08-07 11:28:25 --- Start processing config file: P-electrode_InP.ini ---
2025-08-07 11:28:25,269 - INFO - 2025-08-07 11:28:25 CSV output for this config will be: C:\Users\hsi67063\Box\00-home-pigo.hsiao\TEMP\XML\P-electrode_InP_Step_2025_08_07T11.28.25.csv
2025-08-07 11:28:25,272 - INFO - 2025-08-07 11:28:25 Searching in path 'Z:\\u30db\u30c8\u30fb\u30a8\u30c3\u30c1\u30f3\u30b0\\u88fd\u54c1\\uff84\uff9e\uff97\uff72\uff74\uff6f\uff814\u53f7\u6a5f\EML' with pattern '*\u2605EA\u7cfb_P\u96fb\u6975\u84b8\u7740\u524dPIX\u6bb5\u5dee_\uff8c\uff9f\uff9b\uff78\uff9e\uff97\uff91\uff7c\uff70\uff84*.xlsx'
2025-08-07 11:28:25,488 - INFO - 2025-08-07 11:28:25 Found latest source file: \u2605EA\u7cfb_P\u96fb\u6975\u84b8\u7740\u524dPIX\u6bb5\u5dee_\uff8c\uff9f\uff9b\uff78\uff9e\uff97\uff91\uff7c\uff70\uff84.xlsx
2025-08-07 11:28:27,888 - INFO - 2025-08-07 11:28:27 File copied successfully -> ..\DataFile\015_P-electrode\\u2605EA\u7cfb_P\u96fb\u6975\u84b8\u7740\u524dPIX\u6bb5\u5dee_\uff8c\uff9f\uff9b\uff78\uff9e\uff97\uff91\uff7c\uff70\uff84.xlsx
2025-08-07 11:28:27,889 - INFO - 2025-08-07 11:28:27 --- Start processing file: \u2605EA\u7cfb_P\u96fb\u6975\u84b8\u7740\u524dPIX\u6bb5\u5dee_\uff8c\uff9f\uff9b\uff78\uff9e\uff97\uff91\uff7c\uff70\uff84.xlsx ---
2025-08-07 11:28:38,906 - INFO - 2025-08-07 11:28:38 Step 1: Successfully read main sheet '\u30c7\u30fc\u30bf', 4387 rows loaded.
2025-08-07 11:28:38,906 - ERROR - 2025-08-07 11:28:38 Step 1/2/3 failed: Error during Excel read or filter. Error: invalid literal for int() with base 10: '#1'
2025-08-07 11:28:38,907 - INFO - 2025-08-07 11:28:38 --- Finished processing config file: P-electrode_InP.ini ---
2025-08-07 11:28:38,914 - ERROR - 2025-08-07 11:28:38 FATAL Error with INI P-electrode_In_one.ini: Traceback (most recent call last):
  File "c:\Users\hsi67063\Documents\Kaizen-TDS\015_P-electrode\P-electrode_In_one.py", line 322, in main
    settings = _extract_settings_from_config(config)
  File "c:\Users\hsi67063\Documents\Kaizen-TDS\015_P-electrode\P-electrode_In_one.py", line 85, in _extract_settings_from_config
    s.site = config.get('Basic_info', 'Site')
             ~~~~~~~~~~^^^^^^^^^^^^^^^^^^^^^^
  File "c:\Program Files\Python313\Lib\configparser.py", line 810, in get
    d = self._unify_values(section, vars)
  File "c:\Program Files\Python313\Lib\configparser.py", line 1188, in _unify_values
    raise NoSectionError(section) from None
configparser.NoSectionError: No section: 'Basic_info'

2025-08-07 11:35:27,643 - INFO - 2025-08-07 11:35:27 --- Start processing config file: P-electrode_InP.ini ---
2025-08-07 11:35:27,645 - INFO - 2025-08-07 11:35:27 CSV output for this config will be: C:\Users\hsi67063\Box\00-home-pigo.hsiao\TEMP\XML\P-electrode_InP_Step_2025_08_07T11.35.27.csv
2025-08-07 11:35:27,646 - INFO - 2025-08-07 11:35:27 Searching in path 'Z:\\u30db\u30c8\u30fb\u30a8\u30c3\u30c1\u30f3\u30b0\\u88fd\u54c1\\uff84\uff9e\uff97\uff72\uff74\uff6f\uff814\u53f7\u6a5f\EML' with pattern '*\u2605EA\u7cfb_P\u96fb\u6975\u84b8\u7740\u524dPIX\u6bb5\u5dee_\uff8c\uff9f\uff9b\uff78\uff9e\uff97\uff91\uff7c\uff70\uff84*.xlsx'
2025-08-07 11:35:27,858 - INFO - 2025-08-07 11:35:27 Found latest source file: \u2605EA\u7cfb_P\u96fb\u6975\u84b8\u7740\u524dPIX\u6bb5\u5dee_\uff8c\uff9f\uff9b\uff78\uff9e\uff97\uff91\uff7c\uff70\uff84.xlsx
2025-08-07 11:35:30,239 - INFO - 2025-08-07 11:35:30 File copied successfully -> ..\DataFile\015_P-electrode\\u2605EA\u7cfb_P\u96fb\u6975\u84b8\u7740\u524dPIX\u6bb5\u5dee_\uff8c\uff9f\uff9b\uff78\uff9e\uff97\uff91\uff7c\uff70\uff84.xlsx
2025-08-07 11:35:30,239 - INFO - 2025-08-07 11:35:30 --- Start processing file: \u2605EA\u7cfb_P\u96fb\u6975\u84b8\u7740\u524dPIX\u6bb5\u5dee_\uff8c\uff9f\uff9b\uff78\uff9e\uff97\uff91\uff7c\uff70\uff84.xlsx ---
2025-08-07 11:35:42,119 - INFO - 2025-08-07 11:35:42 Step 1: Successfully read main sheet '\u30c7\u30fc\u30bf', 4387 rows loaded.
2025-08-07 11:35:42,120 - ERROR - 2025-08-07 11:35:42 Step 1/2/3 failed: Error during Excel read or filter. Error: invalid literal for int() with base 10: '#1'
2025-08-07 11:35:42,121 - INFO - 2025-08-07 11:35:42 --- Finished processing config file: P-electrode_InP.ini ---
2025-08-07 11:35:42,134 - ERROR - 2025-08-07 11:35:42 FATAL Error with INI P-electrode_In_one.ini: Traceback (most recent call last):
  File "c:\Users\hsi67063\Documents\Kaizen-TDS\015_P-electrode\P-electrode_In_one.py", line 322, in main
    settings = _extract_settings_from_config(config)
  File "c:\Users\hsi67063\Documents\Kaizen-TDS\015_P-electrode\P-electrode_In_one.py", line 85, in _extract_settings_from_config
    s.site = config.get('Basic_info', 'Site')
             ~~~~~~~~~~^^^^^^^^^^^^^^^^^^^^^^
  File "c:\Program Files\Python313\Lib\configparser.py", line 810, in get
    d = self._unify_values(section, vars)
  File "c:\Program Files\Python313\Lib\configparser.py", line 1188, in _unify_values
    raise NoSectionError(section) from None
configparser.NoSectionError: No section: 'Basic_info'

2025-08-07 11:39:02,738 - INFO - 2025-08-07 11:39:02 --- Start processing config file: P-electrode_InP.ini ---
2025-08-07 11:39:02,741 - INFO - 2025-08-07 11:39:02 CSV output for this config will be: C:\Users\hsi67063\Box\00-home-pigo.hsiao\TEMP\XML\P-electrode_InP_Step_2025_08_07T11.39.02.csv
2025-08-07 11:39:02,742 - INFO - 2025-08-07 11:39:02 Searching in path 'Z:\\u30db\u30c8\u30fb\u30a8\u30c3\u30c1\u30f3\u30b0\\u88fd\u54c1\\uff84\uff9e\uff97\uff72\uff74\uff6f\uff814\u53f7\u6a5f\EML' with pattern '*\u2605EA\u7cfb_P\u96fb\u6975\u84b8\u7740\u524dPIX\u6bb5\u5dee_\uff8c\uff9f\uff9b\uff78\uff9e\uff97\uff91\uff7c\uff70\uff84*.xlsx'
2025-08-07 11:39:02,953 - INFO - 2025-08-07 11:39:02 Found latest source file: \u2605EA\u7cfb_P\u96fb\u6975\u84b8\u7740\u524dPIX\u6bb5\u5dee_\uff8c\uff9f\uff9b\uff78\uff9e\uff97\uff91\uff7c\uff70\uff84.xlsx
2025-08-07 11:39:05,897 - INFO - 2025-08-07 11:39:05 File copied successfully -> ..\DataFile\015_P-electrode\\u2605EA\u7cfb_P\u96fb\u6975\u84b8\u7740\u524dPIX\u6bb5\u5dee_\uff8c\uff9f\uff9b\uff78\uff9e\uff97\uff91\uff7c\uff70\uff84.xlsx
2025-08-07 11:39:05,897 - INFO - 2025-08-07 11:39:05 --- Start processing file: \u2605EA\u7cfb_P\u96fb\u6975\u84b8\u7740\u524dPIX\u6bb5\u5dee_\uff8c\uff9f\uff9b\uff78\uff9e\uff97\uff91\uff7c\uff70\uff84.xlsx ---
2025-08-07 11:39:17,613 - INFO - 2025-08-07 11:39:17 Step 1: Successfully read main sheet '\u30c7\u30fc\u30bf', 5387 rows loaded.
2025-08-07 11:39:17,614 - INFO - 2025-08-07 11:39:17 No XY coordinate sheet setting detected. Processing in CVD mode.
2025-08-07 11:39:17,624 - INFO - 2025-08-07 11:39:17 Step 2: Initial filtering (date, serial number) complete. 84 rows remaining.
2025-08-07 11:39:17,625 - INFO - 2025-08-07 11:39:17 Step 3: Starting database query...
2025-08-07 11:40:28,920 - INFO - 2025-08-07 11:40:28 Database query and filtering complete. 84 valid rows remaining.
2025-08-07 11:40:29,006 - INFO - 2025-08-07 11:40:29 Database connection closed.
2025-08-07 11:40:29,007 - INFO - 2025-08-07 11:40:29 Step 4: Starting data transformation and calculation...
2025-08-07 11:40:29,158 - INFO - 2025-08-07 11:40:29 Date and SORTED field calculations complete.
2025-08-07 11:40:29,162 - INFO - 2025-08-07 11:40:29 Using fixed tool name from INI: 'Wet_etch1'
2025-08-07 11:40:29,163 - INFO - 2025-08-07 11:40:29 Step 5: Appending additional info (Operation, ToolName, XY coords, etc.) complete.
2025-08-07 11:40:29,163 - INFO - 2025-08-07 11:40:29 Step 6: Dynamic CSV columns and order generated.
2025-08-07 11:40:29,167 - INFO - 2025-08-07 11:40:29 Step 7: Preparing to write 84 rows to CSV...
2025-08-07 11:40:29,167 - INFO - 2025-08-07 11:40:29 Executing function write_to_csv...
2025-08-07 11:40:29,221 - INFO - 2025-08-07 11:40:29 Function write_to_csv executed successfully.
2025-08-07 11:40:40,737 - INFO - 2025-08-07 11:40:40 Step 8: Updating next start row to 19160
2025-08-07 11:40:40,742 - ERROR - 2025-08-07 11:40:40 Failed to backup running_rec file: [Errno 2] No such file or directory: 'T:/04_\u30d7\u30ed\u30bb\u30b9\u95a2\u4fc2/10_\u5171\u901a/91_KAIZEN-TDS/01_\u958b\u767a/015_P-electrode/13_ProgramUsedFile/'
2025-08-07 11:40:40,743 - INFO - 2025-08-07 11:40:40 --- Function process_excel_file executed successfully ---
2025-08-07 11:40:40,747 - INFO - 2025-08-07 11:40:40 --- Generating pointer XML for P-electrode_InP.ini ---
2025-08-07 11:40:40,747 - INFO - 2025-08-07 11:40:40 Executing function generate_pointer_xml...
2025-08-07 11:40:40,837 - INFO - 2025-08-07 11:40:40 Pointer XML generated successfully at: C:\Users\hsi67063\Box\00-home-pigo.hsiao\TEMP\XML\Site=350,ProductFamily=SAG FAB,Operation=P-electrode_InP_Step,Partnumber=UNKNOWPN,Serialnumber=P-electrode_InP_Step_2025_08_07T11.39.02,Testdate=2025-08-07T11.40.40.xml
2025-08-07 11:40:40,838 - INFO - 2025-08-07 11:40:40 --- Finished processing config file: P-electrode_InP.ini ---
2025-08-07 12:54:19,757 - INFO - 2025-08-07 12:54:19 --- Start processing config file: P-electrode_InP.ini ---
2025-08-07 12:54:19,759 - INFO - 2025-08-07 12:54:19 CSV output for this config will be: C:\Users\hsi67063\Box\00-home-pigo.hsiao\TEMP\XML\P-electrode_InP_Step_2025_08_07T12.54.19.csv
2025-08-07 12:54:19,760 - INFO - 2025-08-07 12:54:19 Searching in path 'Z:\\u30db\u30c8\u30fb\u30a8\u30c3\u30c1\u30f3\u30b0\\u88fd\u54c1\\uff84\uff9e\uff97\uff72\uff74\uff6f\uff814\u53f7\u6a5f\EML' with pattern '*\u2605EA\u7cfb_P\u96fb\u6975\u84b8\u7740\u524dPIX\u6bb5\u5dee_\uff8c\uff9f\uff9b\uff78\uff9e\uff97\uff91\uff7c\uff70\uff84*.xlsx'
2025-08-07 12:54:19,995 - INFO - 2025-08-07 12:54:19 Found latest source file: \u2605EA\u7cfb_P\u96fb\u6975\u84b8\u7740\u524dPIX\u6bb5\u5dee_\uff8c\uff9f\uff9b\uff78\uff9e\uff97\uff91\uff7c\uff70\uff84.xlsx
2025-08-07 12:54:22,863 - INFO - 2025-08-07 12:54:22 File copied successfully -> ..\DataFile\015_P-electrode\\u2605EA\u7cfb_P\u96fb\u6975\u84b8\u7740\u524dPIX\u6bb5\u5dee_\uff8c\uff9f\uff9b\uff78\uff9e\uff97\uff91\uff7c\uff70\uff84.xlsx
2025-08-07 12:54:22,864 - INFO - 2025-08-07 12:54:22 --- Start processing file: \u2605EA\u7cfb_P\u96fb\u6975\u84b8\u7740\u524dPIX\u6bb5\u5dee_\uff8c\uff9f\uff9b\uff78\uff9e\uff97\uff91\uff7c\uff70\uff84.xlsx ---
2025-08-07 12:54:34,534 - INFO - 2025-08-07 12:54:34 Step 1: Successfully read main sheet '\u30c7\u30fc\u30bf', 0 rows loaded.
2025-08-07 12:54:34,534 - INFO - 2025-08-07 12:54:34 No XY coordinate sheet setting detected. Processing in CVD mode.
2025-08-07 12:54:34,535 - ERROR - 2025-08-07 12:54:34 Step 1/2/3 failed: Error during Excel read or filter. Error: 'key_Start_Date_Time'
2025-08-07 12:54:34,536 - INFO - 2025-08-07 12:54:34 --- Finished processing config file: P-electrode_InP.ini ---
